#
# There is insufficient memory for the Java Runtime Environment to continue.
# Native memory allocation (mmap) failed to map 134217728 bytes for G1 virtual space
# Possible reasons:
#   The system is out of physical RAM or swap space
#   The process is running with CompressedOops enabled, and the Java Heap may be blocking the growth of the native heap
# Possible solutions:
#   Reduce memory load on the system
#   Increase physical memory or swap space
#   Check if swap backing store is full
#   Decrease Java heap size (-Xmx/-Xms)
#   Decrease number of Java threads
#   Decrease Java thread stack sizes (-Xss)
#   Set larger code cache with -XX:ReservedCodeCacheSize=
#   JVM is running with Unscaled Compressed Oops mode in which the Java heap is
#     placed in the first 4GB address space. The Java Heap base address is the
#     maximum limit for the native heap growth. Please use -XX:HeapBaseMinAddress
#     to set the Java Heap base and to place the Java Heap above 4GB virtual address.
# This output file may be truncated or incomplete.
#
#  Out of Memory Error (os_windows.cpp:3541), pid=16652, tid=10304
#
# JRE version:  (17.0.4.1+1) (build )
# Java VM: OpenJDK 64-Bit Server VM (17.0.4.1+1, mixed mode, sharing, tiered, compressed oops, compressed class ptrs, g1 gc, windows-amd64)
# No core dump will be written. Minidumps are not enabled by default on client versions of Windows
#

---------------  S U M M A R Y ------------

Command Line: -Dmaven.home=EMBEDDED -Dclassworlds.conf=C:\Users\anesy\Documents\workspace-spring-tool-suite-4-4.16.0.RELEASE\Print Management\.metadata\.plugins\org.eclipse.m2e.launching\launches\m2conf2614161261272555833.tmp -Dmaven.multiModuleProjectDirectory=C:\Users\anesy\Documents\workspace-spring-tool-suite-4-4.16.0.RELEASE\Print Management\user-service -Dfile.encoding=UTF-8 -XX:+ShowCodeDetailsInExceptionMessages org.codehaus.plexus.classworlds.launcher.Launcher -B -Dstyle.color=always clean

Host: Intel(R) Core(TM) i5-8250U CPU @ 1.60GHz, 8 cores, 7G,  Windows 10 , 64 bit Build 19041 (10.0.19041.3031)
Time: Wed Jul  5 01:21:25 2023 Afr. centrale Ouest elapsed time: 0.084925 seconds (0d 0h 0m 0s)

---------------  T H R E A D  ---------------

Current thread (0x0000028367024e30):  JavaThread "Unknown thread" [_thread_in_vm, id=10304, stack(0x000000fe6f500000,0x000000fe6f600000)]

Stack: [0x000000fe6f500000,0x000000fe6f600000]
Native frames: (J=compiled Java code, j=interpreted, Vv=VM code, C=native code)
V  [jvm.dll+0x67731a]
V  [jvm.dll+0x832284]
V  [jvm.dll+0x833a2e]
V  [jvm.dll+0x834093]
V  [jvm.dll+0x245775]
V  [jvm.dll+0x674209]
V  [jvm.dll+0x668a92]
V  [jvm.dll+0x30471b]
V  [jvm.dll+0x30bc66]
V  [jvm.dll+0x35ba9e]
V  [jvm.dll+0x35bccf]
V  [jvm.dll+0x2db5b8]
V  [jvm.dll+0x2dc524]
V  [jvm.dll+0x803db1]
V  [jvm.dll+0x3698f1]
V  [jvm.dll+0x7e31bc]
V  [jvm.dll+0x3ec25f]
V  [jvm.dll+0x3edde1]
C  [jli.dll+0x5277]
C  [ucrtbase.dll+0x21bb2]
C  [KERNEL32.DLL+0x17614]
C  [ntdll.dll+0x526f1]


---------------  P R O C E S S  ---------------

Threads class SMR info:
_java_thread_list=0x00007ffaadaa4e98, length=0, elements={
}

Java Threads: ( => current thread )

Other Threads:
  0x000002836707fb90 GCTaskThread "GC Thread#0" [stack: 0x000000fe6f600000,0x000000fe6f700000] [id=14444]
  0x0000028367091820 ConcurrentGCThread "G1 Main Marker" [stack: 0x000000fe6f700000,0x000000fe6f800000] [id=2748]
  0x0000028367093ab0 ConcurrentGCThread "G1 Conc#0" [stack: 0x000000fe6f800000,0x000000fe6f900000] [id=18812]

[error occurred during error reporting (printing all threads), id 0xc0000005, EXCEPTION_ACCESS_VIOLATION (0xc0000005) at pc=0x00007ffaad27c047]

VM state: not at safepoint (not fully initialized)

VM Mutex/Monitor currently owned by a thread:  ([mutex/lock_event])
[0x00000283670200c0] Heap_lock - owner thread: 0x0000028367024e30

Heap address: 0x0000000081600000, size: 2026 MB, Compressed Oops mode: 32-bit

CDS archive(s) mapped at: [0x0000000000000000-0x0000000000000000-0x0000000000000000), size 0, SharedBaseAddress: 0x0000000800000000, ArchiveRelocationMode: 0.
Narrow klass base: 0x0000000000000000, Narrow klass shift: 0, Narrow klass range: 0x0

GC Precious Log:
<Empty>

Heap:
 garbage-first heap   total 0K, used 0K [0x0000000081600000, 0x0000000100000000)
  region size 1024K, 0 young (0K), 0 survivors (0K)

[error occurred during error reporting (printing heap information), id 0xc0000005, EXCEPTION_ACCESS_VIOLATION (0xc0000005) at pc=0x00007ffaad660699]

GC Heap History (0 events):
No events

Deoptimization events (0 events):
No events

Classes unloaded (0 events):
No events

Classes redefined (0 events):
No events

Internal exceptions (0 events):
No events

VM Operations (0 events):
No events

Events (1 events):
Event: 0.013 Loaded shared library D:\Spring Tool Suite 4\sts-4.16.0.RELEASE\plugins\org.eclipse.justj.openjdk.hotspot.jre.full.win32.x86_64_17.0.4.v20220903-1038\jre\bin\java.dll


Dynamic libraries:
0x00007ff744560000 - 0x00007ff74456e000 	D:\Spring Tool Suite 4\sts-4.16.0.RELEASE\plugins\org.eclipse.justj.openjdk.hotspot.jre.full.win32.x86_64_17.0.4.v20220903-1038\jre\bin\javaw.exe
0x00007ffafc230000 - 0x00007ffafc428000 	C:\Windows\SYSTEM32\ntdll.dll
0x00007ffadea80000 - 0x00007ffadea99000 	C:\Program Files\Avast Software\Avast\aswhook.dll
0x00007ffafa6d0000 - 0x00007ffafa78f000 	C:\Windows\System32\KERNEL32.DLL
0x00007ffaf9ab0000 - 0x00007ffaf9da6000 	C:\Windows\System32\KERNELBASE.dll
0x00007ffafa190000 - 0x00007ffafa290000 	C:\Windows\System32\ucrtbase.dll
0x00007ffae38f0000 - 0x00007ffae3908000 	D:\Spring Tool Suite 4\sts-4.16.0.RELEASE\plugins\org.eclipse.justj.openjdk.hotspot.jre.full.win32.x86_64_17.0.4.v20220903-1038\jre\bin\jli.dll
0x00007ffae1260000 - 0x00007ffae1279000 	D:\Spring Tool Suite 4\sts-4.16.0.RELEASE\plugins\org.eclipse.justj.openjdk.hotspot.jre.full.win32.x86_64_17.0.4.v20220903-1038\jre\bin\VCRUNTIME140.dll
0x00007ffafbf20000 - 0x00007ffafc0bd000 	C:\Windows\System32\USER32.dll
0x00007ffaf9db0000 - 0x00007ffaf9dd2000 	C:\Windows\System32\win32u.dll
0x00007ffae0c00000 - 0x00007ffae0e9a000 	C:\Windows\WinSxS\amd64_microsoft.windows.common-controls_6595b64144ccf1df_6.0.19041.1110_none_60b5254171f9507e\COMCTL32.dll
0x00007ffafa810000 - 0x00007ffafa83c000 	C:\Windows\System32\GDI32.dll
0x00007ffafa070000 - 0x00007ffafa185000 	C:\Windows\System32\gdi32full.dll
0x00007ffafbc20000 - 0x00007ffafbcbe000 	C:\Windows\System32\msvcrt.dll
0x00007ffaf9910000 - 0x00007ffaf99ad000 	C:\Windows\System32\msvcp_win.dll
0x00007ffafbbf0000 - 0x00007ffafbc20000 	C:\Windows\System32\IMM32.DLL
0x00007ffaf3bc0000 - 0x00007ffaf3bcc000 	D:\Spring Tool Suite 4\sts-4.16.0.RELEASE\plugins\org.eclipse.justj.openjdk.hotspot.jre.full.win32.x86_64_17.0.4.v20220903-1038\jre\bin\vcruntime140_1.dll
0x00007ffadcef0000 - 0x00007ffadcf81000 	D:\Spring Tool Suite 4\sts-4.16.0.RELEASE\plugins\org.eclipse.justj.openjdk.hotspot.jre.full.win32.x86_64_17.0.4.v20220903-1038\jre\bin\msvcp140.dll
0x00007ffaacf90000 - 0x00007ffaadbd6000 	D:\Spring Tool Suite 4\sts-4.16.0.RELEASE\plugins\org.eclipse.justj.openjdk.hotspot.jre.full.win32.x86_64_17.0.4.v20220903-1038\jre\bin\server\jvm.dll
0x00007ffafb270000 - 0x00007ffafb31f000 	C:\Windows\System32\ADVAPI32.dll
0x00007ffafa5b0000 - 0x00007ffafa64c000 	C:\Windows\System32\sechost.dll
0x00007ffafc0c0000 - 0x00007ffafc1e6000 	C:\Windows\System32\RPCRT4.dll
0x00007ffafb880000 - 0x00007ffafb888000 	C:\Windows\System32\PSAPI.DLL
0x00007ffaeee20000 - 0x00007ffaeee29000 	C:\Windows\SYSTEM32\WSOCK32.dll
0x00007ffaf4b40000 - 0x00007ffaf4b67000 	C:\Windows\SYSTEM32\WINMM.dll
0x00007ffaf33d0000 - 0x00007ffaf33da000 	C:\Windows\SYSTEM32\VERSION.dll
0x00007ffafaff0000 - 0x00007ffafb05b000 	C:\Windows\System32\WS2_32.dll
0x00007ffaf8410000 - 0x00007ffaf8422000 	C:\Windows\SYSTEM32\kernel.appcore.dll
0x00007ffaf1880000 - 0x00007ffaf188a000 	D:\Spring Tool Suite 4\sts-4.16.0.RELEASE\plugins\org.eclipse.justj.openjdk.hotspot.jre.full.win32.x86_64_17.0.4.v20220903-1038\jre\bin\jimage.dll
0x00007ffaf7660000 - 0x00007ffaf7844000 	C:\Windows\SYSTEM32\DBGHELP.DLL
0x00007ffaf32e0000 - 0x00007ffaf3314000 	C:\Windows\SYSTEM32\dbgcore.DLL
0x00007ffaf9de0000 - 0x00007ffaf9e62000 	C:\Windows\System32\bcryptPrimitives.dll
0x00007ffadbfa0000 - 0x00007ffadbfc5000 	D:\Spring Tool Suite 4\sts-4.16.0.RELEASE\plugins\org.eclipse.justj.openjdk.hotspot.jre.full.win32.x86_64_17.0.4.v20220903-1038\jre\bin\java.dll

dbghelp: loaded successfully - version: 4.0.5 - missing functions: none
symbol engine: initialized successfully - sym options: 0x614 - pdb path: .;D:\Spring Tool Suite 4\sts-4.16.0.RELEASE\plugins\org.eclipse.justj.openjdk.hotspot.jre.full.win32.x86_64_17.0.4.v20220903-1038\jre\bin;C:\Windows\SYSTEM32;C:\Program Files\Avast Software\Avast;C:\Windows\WinSxS\amd64_microsoft.windows.common-controls_6595b64144ccf1df_6.0.19041.1110_none_60b5254171f9507e;D:\Spring Tool Suite 4\sts-4.16.0.RELEASE\plugins\org.eclipse.justj.openjdk.hotspot.jre.full.win32.x86_64_17.0.4.v20220903-1038\jre\bin\server

VM Arguments:
jvm_args: -Dmaven.home=EMBEDDED -Dclassworlds.conf=C:\Users\anesy\Documents\workspace-spring-tool-suite-4-4.16.0.RELEASE\Print Management\.metadata\.plugins\org.eclipse.m2e.launching\launches\m2conf2614161261272555833.tmp -Dmaven.multiModuleProjectDirectory=C:\Users\anesy\Documents\workspace-spring-tool-suite-4-4.16.0.RELEASE\Print Management\user-service -Dfile.encoding=UTF-8 -XX:+ShowCodeDetailsInExceptionMessages 
java_command: org.codehaus.plexus.classworlds.launcher.Launcher -B -Dstyle.color=always clean
java_class_path (initial): D:\Spring Tool Suite 4\sts-4.16.0.RELEASE\plugins\org.eclipse.m2e.maven.runtime_3.8.601.20220820-1147\jars\plexus-classworlds-2.6.0.jar
Launcher Type: SUN_STANDARD

[Global flags]
     intx CICompilerCount                          = 4                                         {product} {ergonomic}
     uint ConcGCThreads                            = 2                                         {product} {ergonomic}
     uint G1ConcRefinementThreads                  = 8                                         {product} {ergonomic}
   size_t G1HeapRegionSize                         = 1048576                                   {product} {ergonomic}
    uintx GCDrainStackTargetSize                   = 64                                        {product} {ergonomic}
   size_t InitialHeapSize                          = 134217728                                 {product} {ergonomic}
   size_t MarkStackSize                            = 4194304                                   {product} {ergonomic}
   size_t MaxHeapSize                              = 2124414976                                {product} {ergonomic}
   size_t MinHeapDeltaBytes                        = 1048576                                   {product} {ergonomic}
   size_t MinHeapSize                              = 8388608                                   {product} {ergonomic}
    uintx NonNMethodCodeHeapSize                   = 5839372                                {pd product} {ergonomic}
    uintx NonProfiledCodeHeapSize                  = 122909434                              {pd product} {ergonomic}
    uintx ProfiledCodeHeapSize                     = 122909434                              {pd product} {ergonomic}
    uintx ReservedCodeCacheSize                    = 251658240                              {pd product} {ergonomic}
     bool SegmentedCodeCache                       = true                                      {product} {ergonomic}
     bool ShowCodeDetailsInExceptionMessages       = true                                   {manageable} {command line}
   size_t SoftMaxHeapSize                          = 2124414976                             {manageable} {ergonomic}
     bool UseCompressedClassPointers               = true                           {product lp64_product} {ergonomic}
     bool UseCompressedOops                        = true                           {product lp64_product} {ergonomic}
     bool UseG1GC                                  = true                                      {product} {ergonomic}
     bool UseLargePagesIndividualAllocation        = false                                  {pd product} {ergonomic}

Logging:
Log output configuration:
 #0: stdout all=warning uptime,level,tags
 #1: stderr all=off uptime,level,tags

Environment Variables:
PATH=D:/Spring Tool Suite 4/sts-4.16.0.RELEASE//plugins/org.eclipse.justj.openjdk.hotspot.jre.full.win32.x86_64_17.0.4.v20220903-1038/jre/bin/server;D:/Spring Tool Suite 4/sts-4.16.0.RELEASE//plugins/org.eclipse.justj.openjdk.hotspot.jre.full.win32.x86_64_17.0.4.v20220903-1038/jre/bin;C:\Program Files\Common Files\Oracle\Java\javapath;C:\Windows\system32;C:\Windows;C:\Windows\System32\Wbem;C:\Windows\System32\WindowsPowerShell\v1.0\;C:\Windows\System32\OpenSSH\;C:\Program Files\Microsoft SQL Server\Client SDK\ODBC\130\Tools\Binn\;C:\Program Files (x86)\Microsoft SQL Server\140\Tools\Binn\;C:\Program Files\Microsoft SQL Server\140\Tools\Binn\;C:\Program Files\Microsoft SQL Server\140\DTS\Binn\;C:\Program Files\Microsoft SQL Server\130\Tools\Binn\;C:\Program Files (x86)\Microsoft SQL Server\150\DTS\Binn\;C:\Program Files\Azure Data Studio\bin;C:\Program Files (x86)\Microsoft SQL Server\110\DTS\Binn\;C:\Program Files (x86)\Microsoft SQL Server\120\DTS\Binn\;C:\Program Files (x86)\Microsoft SQL Server\130\DTS\Binn\;C:\Program Files (x86)\Microsoft SQL Server\140\DTS\Binn\;C:\Program Files\nodejs\;C:\Program Files\Git\cmd;C:\Program Files\Docker\Docker\resources\bin;D:\Maven\apache-maven-3.8.6\bin;C:\Program Files\php-8.1.13;D:\Xampp\php;C:\ProgramData\ComposerSetup\bin;C:\Program Files\dotnet\;C:\Program Files\MySQL\MySQL Shell 8.0\bin\;C:\Users\anesy\AppData\Local\Microsoft\WindowsApps;C:\Program Files\Azure Data Studio\bin;C:\Users\anesy\AppData\Local\Programs\Microsoft VS Code\bin;C:\Users\anesy\AppData\Roaming\npm;C:\Users\anesy\AppData\Local\GitHubDesktop\bin;C:\Program Files\curl-7.86.0_2-win64-mingw\bin;C:\Users\anesy\AppData\Roaming\Composer\vendor\bin;D:\Spring Tool Suite 4\sts-4.16.0.RELEASE;
USERNAME=anesy
OS=Windows_NT
PROCESSOR_IDENTIFIER=Intel64 Family 6 Model 142 Stepping 10, GenuineIntel
TMP=C:\Users\anesy\AppData\Local\Temp
TEMP=C:\Users\anesy\AppData\Local\Temp



---------------  S Y S T E M  ---------------

OS:
 Windows 10 , 64 bit Build 19041 (10.0.19041.3031)
OS uptime: 4 days 0:25 hours
Hyper-V role detected

CPU: total 8 (initial active 8) (4 cores per cpu, 2 threads per core) family 6 model 142 stepping 10 microcode 0xb4, cx8, cmov, fxsr, ht, mmx, 3dnowpref, sse, sse2, sse3, ssse3, sse4.1, sse4.2, popcnt, lzcnt, tsc, tscinvbit, avx, avx2, aes, erms, clmul, bmi1, bmi2, adx, fma, vzeroupper, clflush, clflushopt, hv

Memory: 4k page, system-wide physical 8101M (648M free)
TotalPageFile size 9497M (AvailPageFile size 56M)
current process WorkingSet (physical memory assigned to process): 10M, peak: 10M
current process commit charge ("private bytes"): 60M, peak: 188M

vm_info: OpenJDK 64-Bit Server VM (17.0.4.1+1) for windows-amd64 JRE (17.0.4.1+1), built on Aug 17 2022 07:42:43 by "temurin" with MS VC++ 16.7 (VS2019)

END.
