#
# There is insufficient memory for the Java Runtime Environment to continue.
# Native memory allocation (mmap) failed to map 354418688 bytes for G1 virtual space
# Possible reasons:
#   The system is out of physical RAM or swap space
#   The process is running with CompressedOops enabled, and the Java Heap may be blocking the growth of the native heap
# Possible solutions:
#   Reduce memory load on the system
#   Increase physical memory or swap space
#   Check if swap backing store is full
#   Decrease Java heap size (-Xmx/-Xms)
#   Decrease number of Java threads
#   Decrease Java thread stack sizes (-Xss)
#   Set larger code cache with -XX:ReservedCodeCacheSize=
#   JVM is running with Unscaled Compressed Oops mode in which the Java heap is
#     placed in the first 4GB address space. The Java Heap base address is the
#     maximum limit for the native heap growth. Please use -XX:HeapBaseMinAddress
#     to set the Java Heap base and to place the Java Heap above 4GB virtual address.
# This output file may be truncated or incomplete.
#
#  Out of Memory Error (os_windows.cpp:3541), pid=8344, tid=6788
#
# JRE version: OpenJDK Runtime Environment Temurin-17.0.4.1+1 (17.0.4.1+1) (build 17.0.4.1+1)
# Java VM: OpenJDK 64-Bit Server VM Temurin-17.0.4.1+1 (17.0.4.1+1, mixed mode, emulated-client, tiered, compressed oops, compressed class ptrs, g1 gc, windows-amd64)
# No core dump will be written. Minidumps are not enabled by default on client versions of Windows
#

---------------  S U M M A R Y ------------

Command Line: -Dcom.sun.management.jmxremote -Dcom.sun.management.jmxremote.port=53522 -Dcom.sun.management.jmxremote.authenticate=false -Dcom.sun.management.jmxremote.ssl=false -Djava.rmi.server.hostname=localhost -Dspring.jmx.enabled=true -Dspring.application.admin.enabled=true -XX:TieredStopAtLevel=1 -Dspring.boot.project.name=ordo -Dfile.encoding=UTF-8 -XX:+ShowCodeDetailsInExceptionMessages com.sivo.app.OrdoApplication --spring.output.ansi.enabled=always

Host: Intel(R) Core(TM) i5-8250U CPU @ 1.60GHz, 8 cores, 7G,  Windows 10 , 64 bit Build 19041 (10.0.19041.2546)
Time: Mon Apr 10 00:15:10 2023 Afr. centrale Ouest elapsed time: 154.595028 seconds (0d 0h 2m 34s)

---------------  T H R E A D  ---------------

Current thread (0x0000024f53ba4630):  VMThread "VM Thread" [stack: 0x0000005d82400000,0x0000005d82500000] [id=6788]

Stack: [0x0000005d82400000,0x0000005d82500000]
Native frames: (J=compiled Java code, j=interpreted, Vv=VM code, C=native code)
V  [jvm.dll+0x67731a]
V  [jvm.dll+0x832284]
V  [jvm.dll+0x833a2e]
V  [jvm.dll+0x834093]
V  [jvm.dll+0x245775]
V  [jvm.dll+0x674209]
V  [jvm.dll+0x668a92]
V  [jvm.dll+0x30471b]
V  [jvm.dll+0x30bc66]
V  [jvm.dll+0x35ba9e]
V  [jvm.dll+0x35bccf]
V  [jvm.dll+0x2db5b8]
V  [jvm.dll+0x2d986c]
V  [jvm.dll+0x2d8e3c]
V  [jvm.dll+0x31cd9b]
V  [jvm.dll+0x83853b]
V  [jvm.dll+0x839274]
V  [jvm.dll+0x83978c]
V  [jvm.dll+0x839b64]
V  [jvm.dll+0x839c30]
V  [jvm.dll+0x7e240a]
V  [jvm.dll+0x6761a5]
C  [ucrtbase.dll+0x21bb2]
C  [KERNEL32.DLL+0x17614]
C  [ntdll.dll+0x526a1]

VM_Operation (0x0000005d84ffb0f0): G1CollectForAllocation, mode: safepoint, requested by thread 0x0000024f58c3d530


---------------  P R O C E S S  ---------------

Threads class SMR info:
_java_thread_list=0x0000024f584c62c0, length=40, elements={
0x0000024f53ba9160, 0x0000024f53b7dc70, 0x0000024f544348d0, 0x0000024f54435ea0,
0x0000024f54436460, 0x0000024f5443aa30, 0x0000024f54445e00, 0x0000024f54450340,
0x0000024f54654d00, 0x0000024f546c36f0, 0x0000024f54f33610, 0x0000024f54f2e8e0,
0x0000024f54f84c60, 0x0000024f56081e10, 0x0000024f56072c00, 0x0000024f560730d0,
0x0000024f56071d90, 0x0000024f56073f40, 0x0000024f560735a0, 0x0000024f56074410,
0x0000024f56072260, 0x0000024f560748e0, 0x0000024f56072730, 0x0000024f56075280,
0x0000024f58c3d530, 0x0000024f58c3a9e0, 0x0000024f58c3aeb0, 0x0000024f58c3bd20,
0x0000024f58c3b850, 0x0000024f58c3b380, 0x0000024f58c3d060, 0x0000024f58c3c1f0,
0x0000024f58c3a510, 0x0000024f58c3c6c0, 0x0000024f58c3cb90, 0x0000024f58c3da00,
0x0000024f58c3a040, 0x0000024f550c2040, 0x0000024f5b3a7040, 0x0000024f5635c630
}

Java Threads: ( => current thread )
  0x0000024f53ba9160 JavaThread "Reference Handler" daemon [_thread_blocked, id=3028, stack(0x0000005d82500000,0x0000005d82600000)]
  0x0000024f53b7dc70 JavaThread "Finalizer" daemon [_thread_blocked, id=1000, stack(0x0000005d82600000,0x0000005d82700000)]
  0x0000024f544348d0 JavaThread "Signal Dispatcher" daemon [_thread_blocked, id=4148, stack(0x0000005d82700000,0x0000005d82800000)]
  0x0000024f54435ea0 JavaThread "Attach Listener" daemon [_thread_blocked, id=4152, stack(0x0000005d82800000,0x0000005d82900000)]
  0x0000024f54436460 JavaThread "Service Thread" daemon [_thread_blocked, id=13424, stack(0x0000005d82900000,0x0000005d82a00000)]
  0x0000024f5443aa30 JavaThread "Monitor Deflation Thread" daemon [_thread_blocked, id=7500, stack(0x0000005d82a00000,0x0000005d82b00000)]
  0x0000024f54445e00 JavaThread "C1 CompilerThread0" daemon [_thread_blocked, id=3020, stack(0x0000005d82b00000,0x0000005d82c00000)]
  0x0000024f54450340 JavaThread "Sweeper thread" daemon [_thread_blocked, id=9744, stack(0x0000005d82c00000,0x0000005d82d00000)]
  0x0000024f54654d00 JavaThread "Common-Cleaner" daemon [_thread_blocked, id=11492, stack(0x0000005d82d00000,0x0000005d82e00000)]
  0x0000024f546c36f0 JavaThread "Notification Thread" daemon [_thread_blocked, id=6844, stack(0x0000005d83100000,0x0000005d83200000)]
  0x0000024f54f33610 JavaThread "RMI TCP Accept-0" daemon [_thread_in_native, id=600, stack(0x0000005d83000000,0x0000005d83100000)]
  0x0000024f54f2e8e0 JavaThread "RMI TCP Accept-53522" daemon [_thread_in_native, id=13568, stack(0x0000005d83200000,0x0000005d83300000)]
  0x0000024f54f84c60 JavaThread "RMI TCP Accept-0" daemon [_thread_in_native, id=5544, stack(0x0000005d83300000,0x0000005d83400000)]
  0x0000024f56081e10 JavaThread "RMI Scheduler(0)" daemon [_thread_blocked, id=9492, stack(0x0000005d83600000,0x0000005d83700000)]
  0x0000024f56072c00 JavaThread "RMI TCP Connection(idle)" daemon [_thread_blocked, id=8840, stack(0x0000005d83800000,0x0000005d83900000)]
  0x0000024f560730d0 JavaThread "JMX server connection timeout 22" daemon [_thread_blocked, id=11768, stack(0x0000005d83900000,0x0000005d83a00000)]
  0x0000024f56071d90 JavaThread "Catalina-utility-1" [_thread_blocked, id=9212, stack(0x0000005d84500000,0x0000005d84600000)]
  0x0000024f56073f40 JavaThread "Catalina-utility-2" [_thread_blocked, id=9368, stack(0x0000005d84700000,0x0000005d84800000)]
  0x0000024f560735a0 JavaThread "container-0" [_thread_blocked, id=10124, stack(0x0000005d84800000,0x0000005d84900000)]
  0x0000024f56074410 JavaThread "mysql-cj-abandoned-connection-cleanup" daemon [_thread_blocked, id=8012, stack(0x0000005d84900000,0x0000005d84a00000)]
  0x0000024f56072260 JavaThread "HikariPool-1 housekeeper" daemon [_thread_blocked, id=788, stack(0x0000005d84b00000,0x0000005d84c00000)]
  0x0000024f560748e0 JavaThread "File Watcher" daemon [_thread_blocked, id=2452, stack(0x0000005d84c00000,0x0000005d84d00000)]
  0x0000024f56072730 JavaThread "spring.cloud.inetutils" daemon [_thread_blocked, id=11356, stack(0x0000005d84d00000,0x0000005d84e00000)]
  0x0000024f56075280 JavaThread "http-nio-8083-BlockPoller" daemon [_thread_in_native, id=11388, stack(0x0000005d84e00000,0x0000005d84f00000)]
  0x0000024f58c3d530 JavaThread "http-nio-8083-exec-1" daemon [_thread_blocked, id=8492, stack(0x0000005d84f00000,0x0000005d85000000)]
  0x0000024f58c3a9e0 JavaThread "http-nio-8083-exec-2" daemon [_thread_blocked, id=2856, stack(0x0000005d85000000,0x0000005d85100000)]
  0x0000024f58c3aeb0 JavaThread "http-nio-8083-exec-3" daemon [_thread_blocked, id=9648, stack(0x0000005d85100000,0x0000005d85200000)]
  0x0000024f58c3bd20 JavaThread "http-nio-8083-exec-4" daemon [_thread_blocked, id=9864, stack(0x0000005d85200000,0x0000005d85300000)]
  0x0000024f58c3b850 JavaThread "http-nio-8083-exec-5" daemon [_thread_blocked, id=3272, stack(0x0000005d85300000,0x0000005d85400000)]
  0x0000024f58c3b380 JavaThread "http-nio-8083-exec-6" daemon [_thread_blocked, id=13268, stack(0x0000005d85400000,0x0000005d85500000)]
  0x0000024f58c3d060 JavaThread "http-nio-8083-exec-7" daemon [_thread_blocked, id=3944, stack(0x0000005d85500000,0x0000005d85600000)]
  0x0000024f58c3c1f0 JavaThread "http-nio-8083-exec-8" daemon [_thread_blocked, id=5936, stack(0x0000005d85600000,0x0000005d85700000)]
  0x0000024f58c3a510 JavaThread "http-nio-8083-exec-9" daemon [_thread_blocked, id=12608, stack(0x0000005d85700000,0x0000005d85800000)]
  0x0000024f58c3c6c0 JavaThread "http-nio-8083-exec-10" daemon [_thread_blocked, id=9612, stack(0x0000005d85800000,0x0000005d85900000)]
  0x0000024f58c3cb90 JavaThread "http-nio-8083-ClientPoller" daemon [_thread_in_native, id=10228, stack(0x0000005d85900000,0x0000005d85a00000)]
  0x0000024f58c3da00 JavaThread "http-nio-8083-Acceptor" daemon [_thread_in_native, id=3372, stack(0x0000005d85a00000,0x0000005d85b00000)]
  0x0000024f58c3a040 JavaThread "DestroyJavaVM" [_thread_blocked, id=8812, stack(0x0000005d81e00000,0x0000005d81f00000)]
  0x0000024f550c2040 JavaThread "C1 CompilerThread1" daemon [_thread_blocked, id=10716, stack(0x0000005d81b00000,0x0000005d81c00000)]
  0x0000024f5b3a7040 JavaThread "C1 CompilerThread2" daemon [_thread_blocked, id=3844, stack(0x0000005d81c00000,0x0000005d81d00000)]
  0x0000024f5635c630 JavaThread "C1 CompilerThread3" daemon [_thread_blocked, id=8376, stack(0x0000005d81d00000,0x0000005d81e00000)]

Other Threads:
=>0x0000024f53ba4630 VMThread "VM Thread" [stack: 0x0000005d82400000,0x0000005d82500000] [id=6788]
  0x0000024f45e11790 WatcherThread [stack: 0x0000005d83400000,0x0000005d83500000] [id=4340]
  0x0000024f45ddcc40 GCTaskThread "GC Thread#0" [stack: 0x0000005d81f00000,0x0000005d82000000] [id=10196]
  0x0000024f560ab230 GCTaskThread "GC Thread#1" [stack: 0x0000005d83a00000,0x0000005d83b00000] [id=4812]
  0x0000024f560803e0 GCTaskThread "GC Thread#2" [stack: 0x0000005d83b00000,0x0000005d83c00000] [id=6780]
  0x0000024f560f3d20 GCTaskThread "GC Thread#3" [stack: 0x0000005d83c00000,0x0000005d83d00000] [id=11148]
  0x0000024f560f3fd0 GCTaskThread "GC Thread#4" [stack: 0x0000005d83d00000,0x0000005d83e00000] [id=11984]
  0x0000024f560f4280 GCTaskThread "GC Thread#5" [stack: 0x0000005d83e00000,0x0000005d83f00000] [id=11380]
  0x0000024f560f4530 GCTaskThread "GC Thread#6" [stack: 0x0000005d83f00000,0x0000005d84000000] [id=8388]
  0x0000024f560f47e0 GCTaskThread "GC Thread#7" [stack: 0x0000005d84000000,0x0000005d84100000] [id=14052]
  0x0000024f45ded990 ConcurrentGCThread "G1 Main Marker" [stack: 0x0000005d82000000,0x0000005d82100000] [id=8408]
  0x0000024f45deeb40 ConcurrentGCThread "G1 Conc#0" [stack: 0x0000005d82100000,0x0000005d82200000] [id=11040]
  0x0000024f563f8450 ConcurrentGCThread "G1 Conc#1" [stack: 0x0000005d84600000,0x0000005d84700000] [id=3444]
  0x0000024f45e3e6a0 ConcurrentGCThread "G1 Refine#0" [stack: 0x0000005d82200000,0x0000005d82300000] [id=11804]
  0x0000024f560f4a90 ConcurrentGCThread "G1 Refine#1" [stack: 0x0000005d84100000,0x0000005d84200000] [id=13468]
  0x0000024f547cabe0 ConcurrentGCThread "G1 Refine#2" [stack: 0x0000005d84200000,0x0000005d84300000] [id=14000]
  0x0000024f5b00f730 ConcurrentGCThread "G1 Refine#3" [stack: 0x0000005d82e00000,0x0000005d82f00000] [id=9776]
  0x0000024f5b00fa10 ConcurrentGCThread "G1 Refine#4" [stack: 0x0000005d82f00000,0x0000005d83000000] [id=10776]
  0x0000024f5b010e30 ConcurrentGCThread "G1 Refine#5" [stack: 0x0000005d83500000,0x0000005d83600000] [id=32]
  0x0000024f5b00fcf0 ConcurrentGCThread "G1 Refine#6" [stack: 0x0000005d83700000,0x0000005d83800000] [id=11792]
  0x0000024f5b00ffd0 ConcurrentGCThread "G1 Refine#7" [stack: 0x0000005d84300000,0x0000005d84400000] [id=7284]
  0x0000024f539ec110 ConcurrentGCThread "G1 Service" [stack: 0x0000005d82300000,0x0000005d82400000] [id=12300]

Threads with active compile tasks:

VM state: at safepoint (normal execution)

VM Mutex/Monitor currently owned by a thread:  ([mutex/lock_event])
[0x0000024f45d7d220] Threads_lock - owner thread: 0x0000024f53ba4630
[0x0000024f45d7bf90] Heap_lock - owner thread: 0x0000024f58c3d530

Heap address: 0x0000000081600000, size: 2026 MB, Compressed Oops mode: 32-bit

CDS archive(s) not mapped
Compressed class space mapped at: 0x0000000100000000-0x0000000140000000, reserved size: 1073741824
Narrow klass base: 0x0000000000000000, Narrow klass shift: 3, Narrow klass range: 0x140000000

GC Precious Log:
 CPUs: 8 total, 8 available
 Memory: 8101M
 Large Page Support: Disabled
 NUMA Support: Disabled
 Compressed Oops: Enabled (32-bit)
 Heap Region Size: 1M
 Heap Min Capacity: 8M
 Heap Initial Capacity: 128M
 Heap Max Capacity: 2026M
 Pre-touch: Disabled
 Parallel Workers: 8
 Concurrent Workers: 2
 Concurrent Refinement Workers: 8
 Periodic GC: Disabled

Heap:
 garbage-first heap   total 260096K, used 109843K [0x0000000081600000, 0x0000000100000000)
  region size 1024K, 2 young (2048K), 2 survivors (2048K)
 Metaspace       used 90068K, committed 90560K, reserved 1130496K
  class space    used 12245K, committed 12480K, reserved 1048576K

Heap Regions: E=young(eden), S=young(survivor), O=old, HS=humongous(starts), HC=humongous(continues), CS=collection set, F=free, OA=open archive, CA=closed archive, TAMS=top-at-mark-start (previous, next)
|   0|0x0000000081600000, 0x0000000081700000, 0x0000000081700000|100%|HS|  |TAMS 0x0000000081700000, 0x0000000081600000| Complete 
|   1|0x0000000081700000, 0x0000000081800000, 0x0000000081800000|100%|HS|  |TAMS 0x0000000081800000, 0x0000000081700000| Complete 
|   2|0x0000000081800000, 0x0000000081900000, 0x0000000081900000|100%| O|  |TAMS 0x0000000081900000, 0x0000000081800000| Untracked 
|   3|0x0000000081900000, 0x0000000081a00000, 0x0000000081a00000|100%| O|  |TAMS 0x0000000081a00000, 0x0000000081900000| Untracked 
|   4|0x0000000081a00000, 0x0000000081b00000, 0x0000000081b00000|100%| O|  |TAMS 0x0000000081b00000, 0x0000000081a00000| Untracked 
|   5|0x0000000081b00000, 0x0000000081c00000, 0x0000000081c00000|100%| O|  |TAMS 0x0000000081c00000, 0x0000000081b00000| Untracked 
|   6|0x0000000081c00000, 0x0000000081d00000, 0x0000000081d00000|100%| O|  |TAMS 0x0000000081d00000, 0x0000000081c00000| Untracked 
|   7|0x0000000081d00000, 0x0000000081e00000, 0x0000000081e00000|100%| O|  |TAMS 0x0000000081e00000, 0x0000000081d00000| Untracked 
|   8|0x0000000081e00000, 0x0000000081f00000, 0x0000000081f00000|100%| O|  |TAMS 0x0000000081f00000, 0x0000000081e00000| Untracked 
|   9|0x0000000081f00000, 0x0000000082000000, 0x0000000082000000|100%| O|  |TAMS 0x0000000082000000, 0x0000000081f00000| Untracked 
|  10|0x0000000082000000, 0x0000000082100000, 0x0000000082100000|100%| O|  |TAMS 0x0000000082100000, 0x0000000082000000| Untracked 
|  11|0x0000000082100000, 0x0000000082200000, 0x0000000082200000|100%| O|  |TAMS 0x0000000082200000, 0x0000000082100000| Untracked 
|  12|0x0000000082200000, 0x0000000082300000, 0x0000000082300000|100%| O|  |TAMS 0x0000000082300000, 0x0000000082200000| Untracked 
|  13|0x0000000082300000, 0x0000000082400000, 0x0000000082400000|100%| O|  |TAMS 0x0000000082400000, 0x0000000082300000| Untracked 
|  14|0x0000000082400000, 0x0000000082500000, 0x0000000082500000|100%| O|  |TAMS 0x0000000082500000, 0x0000000082400000| Untracked 
|  15|0x0000000082500000, 0x0000000082600000, 0x0000000082600000|100%| O|  |TAMS 0x0000000082600000, 0x0000000082500000| Untracked 
|  16|0x0000000082600000, 0x0000000082700000, 0x0000000082700000|100%| O|  |TAMS 0x0000000082700000, 0x0000000082600000| Untracked 
|  17|0x0000000082700000, 0x0000000082800000, 0x0000000082800000|100%| O|  |TAMS 0x0000000082800000, 0x0000000082700000| Untracked 
|  18|0x0000000082800000, 0x0000000082900000, 0x0000000082900000|100%| O|  |TAMS 0x0000000082900000, 0x0000000082800000| Untracked 
|  19|0x0000000082900000, 0x0000000082a00000, 0x0000000082a00000|100%| O|  |TAMS 0x0000000082a00000, 0x0000000082900000| Untracked 
|  20|0x0000000082a00000, 0x0000000082b00000, 0x0000000082b00000|100%| O|  |TAMS 0x0000000082b00000, 0x0000000082a00000| Untracked 
|  21|0x0000000082b00000, 0x0000000082c00000, 0x0000000082c00000|100%| O|  |TAMS 0x0000000082c00000, 0x0000000082b00000| Untracked 
|  22|0x0000000082c00000, 0x0000000082d00000, 0x0000000082d00000|100%| O|  |TAMS 0x0000000082d00000, 0x0000000082c00000| Untracked 
|  23|0x0000000082d00000, 0x0000000082e00000, 0x0000000082e00000|100%| O|  |TAMS 0x0000000082e00000, 0x0000000082d00000| Untracked 
|  24|0x0000000082e00000, 0x0000000082f00000, 0x0000000082f00000|100%| O|  |TAMS 0x0000000082f00000, 0x0000000082e00000| Untracked 
|  25|0x0000000082f00000, 0x0000000083000000, 0x0000000083000000|100%| O|  |TAMS 0x0000000083000000, 0x0000000082f00000| Untracked 
|  26|0x0000000083000000, 0x0000000083100000, 0x0000000083100000|100%| O|  |TAMS 0x0000000083100000, 0x0000000083000000| Untracked 
|  27|0x0000000083100000, 0x0000000083200000, 0x0000000083200000|100%| O|  |TAMS 0x0000000083200000, 0x0000000083100000| Untracked 
|  28|0x0000000083200000, 0x0000000083300000, 0x0000000083300000|100%| O|  |TAMS 0x0000000083300000, 0x0000000083200000| Untracked 
|  29|0x0000000083300000, 0x0000000083400000, 0x0000000083400000|100%| O|  |TAMS 0x0000000083400000, 0x0000000083300000| Untracked 
|  30|0x0000000083400000, 0x0000000083500000, 0x0000000083500000|100%| O|  |TAMS 0x0000000083500000, 0x0000000083400000| Untracked 
|  31|0x0000000083500000, 0x0000000083600000, 0x0000000083600000|100%| O|  |TAMS 0x0000000083600000, 0x0000000083500000| Untracked 
|  32|0x0000000083600000, 0x0000000083700000, 0x0000000083700000|100%| O|  |TAMS 0x0000000083700000, 0x0000000083600000| Untracked 
|  33|0x0000000083700000, 0x0000000083800000, 0x0000000083800000|100%| O|  |TAMS 0x0000000083800000, 0x0000000083700000| Untracked 
|  34|0x0000000083800000, 0x0000000083900000, 0x0000000083900000|100%| O|  |TAMS 0x0000000083900000, 0x0000000083800000| Untracked 
|  35|0x0000000083900000, 0x0000000083a00000, 0x0000000083a00000|100%| O|  |TAMS 0x0000000083a00000, 0x0000000083900000| Untracked 
|  36|0x0000000083a00000, 0x0000000083b00000, 0x0000000083b00000|100%| O|  |TAMS 0x0000000083a00000, 0x0000000083a00000| Untracked 
|  37|0x0000000083b00000, 0x0000000083c00000, 0x0000000083c00000|100%| O|  |TAMS 0x0000000083c00000, 0x0000000083b00000| Untracked 
|  38|0x0000000083c00000, 0x0000000083d00000, 0x0000000083d00000|100%| O|  |TAMS 0x0000000083d00000, 0x0000000083c00000| Untracked 
|  39|0x0000000083d00000, 0x0000000083d00000, 0x0000000083e00000|  0%| F|  |TAMS 0x0000000083d00000, 0x0000000083d00000| Untracked 
|  40|0x0000000083e00000, 0x0000000083e00000, 0x0000000083f00000|  0%| F|  |TAMS 0x0000000083e00000, 0x0000000083e00000| Untracked 
|  41|0x0000000083f00000, 0x0000000084000000, 0x0000000084000000|100%| O|  |TAMS 0x0000000084000000, 0x0000000083f00000| Untracked 
|  42|0x0000000084000000, 0x000000008403ba00, 0x0000000084100000| 23%| O|  |TAMS 0x0000000084000000, 0x0000000084000000| Untracked 
|  43|0x0000000084100000, 0x0000000084200000, 0x0000000084200000|100%| O|  |TAMS 0x0000000084200000, 0x0000000084100000| Untracked 
|  44|0x0000000084200000, 0x0000000084300000, 0x0000000084300000|100%| O|  |TAMS 0x0000000084300000, 0x0000000084200000| Untracked 
|  45|0x0000000084300000, 0x0000000084300000, 0x0000000084400000|  0%| F|  |TAMS 0x0000000084300000, 0x0000000084300000| Untracked 
|  46|0x0000000084400000, 0x0000000084500000, 0x0000000084500000|100%| O|  |TAMS 0x0000000084500000, 0x0000000084400000| Untracked 
|  47|0x0000000084500000, 0x0000000084500000, 0x0000000084600000|  0%| F|  |TAMS 0x0000000084500000, 0x0000000084500000| Untracked 
|  48|0x0000000084600000, 0x0000000084700000, 0x0000000084700000|100%| O|  |TAMS 0x0000000084700000, 0x0000000084600000| Untracked 
|  49|0x0000000084700000, 0x0000000084800000, 0x0000000084800000|100%| O|  |TAMS 0x0000000084800000, 0x0000000084700000| Untracked 
|  50|0x0000000084800000, 0x0000000084800000, 0x0000000084900000|  0%| F|  |TAMS 0x0000000084800000, 0x0000000084800000| Untracked 
|  51|0x0000000084900000, 0x0000000084900000, 0x0000000084a00000|  0%| F|  |TAMS 0x0000000084900000, 0x0000000084900000| Untracked 
|  52|0x0000000084a00000, 0x0000000084b00000, 0x0000000084b00000|100%| O|  |TAMS 0x0000000084b00000, 0x0000000084a00000| Untracked 
|  53|0x0000000084b00000, 0x0000000084b00000, 0x0000000084c00000|  0%| F|  |TAMS 0x0000000084b00000, 0x0000000084b00000| Untracked 
|  54|0x0000000084c00000, 0x0000000084c00000, 0x0000000084d00000|  0%| F|  |TAMS 0x0000000084c00000, 0x0000000084c00000| Untracked 
|  55|0x0000000084d00000, 0x0000000084e00000, 0x0000000084e00000|100%| O|  |TAMS 0x0000000084e00000, 0x0000000084d00000| Untracked 
|  56|0x0000000084e00000, 0x0000000084e00000, 0x0000000084f00000|  0%| F|  |TAMS 0x0000000084e00000, 0x0000000084e00000| Untracked 
|  57|0x0000000084f00000, 0x0000000085000000, 0x0000000085000000|100%| O|  |TAMS 0x0000000085000000, 0x0000000084f00000| Untracked 
|  58|0x0000000085000000, 0x0000000085100000, 0x0000000085100000|100%| O|  |TAMS 0x0000000085100000, 0x0000000085000000| Untracked 
|  59|0x0000000085100000, 0x0000000085200000, 0x0000000085200000|100%| O|  |TAMS 0x0000000085200000, 0x0000000085100000| Untracked 
|  60|0x0000000085200000, 0x0000000085300000, 0x0000000085300000|100%| O|  |TAMS 0x0000000085300000, 0x0000000085200000| Untracked 
|  61|0x0000000085300000, 0x0000000085400000, 0x0000000085400000|100%| O|  |TAMS 0x0000000085400000, 0x0000000085300000| Untracked 
|  62|0x0000000085400000, 0x0000000085500000, 0x0000000085500000|100%| O|  |TAMS 0x0000000085500000, 0x0000000085400000| Untracked 
|  63|0x0000000085500000, 0x0000000085600000, 0x0000000085600000|100%| O|  |TAMS 0x0000000085600000, 0x0000000085500000| Untracked 
|  64|0x0000000085600000, 0x0000000085700000, 0x0000000085700000|100%| O|  |TAMS 0x0000000085700000, 0x0000000085600000| Untracked 
|  65|0x0000000085700000, 0x0000000085800000, 0x0000000085800000|100%| O|  |TAMS 0x0000000085800000, 0x0000000085700000| Untracked 
|  66|0x0000000085800000, 0x0000000085900000, 0x0000000085900000|100%| O|  |TAMS 0x0000000085900000, 0x0000000085800000| Untracked 
|  67|0x0000000085900000, 0x0000000085a00000, 0x0000000085a00000|100%| O|  |TAMS 0x0000000085a00000, 0x0000000085900000| Untracked 
|  68|0x0000000085a00000, 0x0000000085b00000, 0x0000000085b00000|100%| O|  |TAMS 0x0000000085b00000, 0x0000000085a00000| Untracked 
|  69|0x0000000085b00000, 0x0000000085c00000, 0x0000000085c00000|100%| O|  |TAMS 0x0000000085b29c00, 0x0000000085b00000| Untracked 
|  70|0x0000000085c00000, 0x0000000085d00000, 0x0000000085d00000|100%| O|  |TAMS 0x0000000085c00000, 0x0000000085c00000| Untracked 
|  71|0x0000000085d00000, 0x0000000085e00000, 0x0000000085e00000|100%| O|  |TAMS 0x0000000085d00000, 0x0000000085d00000| Untracked 
|  72|0x0000000085e00000, 0x0000000085f00000, 0x0000000085f00000|100%| O|  |TAMS 0x0000000085e00000, 0x0000000085e00000| Untracked 
|  73|0x0000000085f00000, 0x0000000086000000, 0x0000000086000000|100%| O|  |TAMS 0x0000000085f00000, 0x0000000085f00000| Untracked 
|  74|0x0000000086000000, 0x0000000086100000, 0x0000000086100000|100%| O|  |TAMS 0x0000000086000000, 0x0000000086000000| Untracked 
|  75|0x0000000086100000, 0x0000000086200000, 0x0000000086200000|100%| O|  |TAMS 0x0000000086100000, 0x0000000086100000| Untracked 
|  76|0x0000000086200000, 0x0000000086300000, 0x0000000086300000|100%| O|  |TAMS 0x0000000086200000, 0x0000000086200000| Untracked 
|  77|0x0000000086300000, 0x0000000086400000, 0x0000000086400000|100%| O|  |TAMS 0x0000000086300000, 0x0000000086300000| Untracked 
|  78|0x0000000086400000, 0x0000000086500000, 0x0000000086500000|100%| O|  |TAMS 0x0000000086400000, 0x0000000086400000| Untracked 
|  79|0x0000000086500000, 0x0000000086600000, 0x0000000086600000|100%| O|  |TAMS 0x0000000086500000, 0x0000000086500000| Untracked 
|  80|0x0000000086600000, 0x0000000086600000, 0x0000000086700000|  0%| F|  |TAMS 0x0000000086600000, 0x0000000086600000| Untracked 
|  81|0x0000000086700000, 0x0000000086700000, 0x0000000086800000|  0%| F|  |TAMS 0x0000000086700000, 0x0000000086700000| Untracked 
|  82|0x0000000086800000, 0x0000000086800000, 0x0000000086900000|  0%| F|  |TAMS 0x0000000086800000, 0x0000000086800000| Untracked 
|  83|0x0000000086900000, 0x0000000086900000, 0x0000000086a00000|  0%| F|  |TAMS 0x0000000086900000, 0x0000000086900000| Untracked 
|  84|0x0000000086a00000, 0x0000000086a00000, 0x0000000086b00000|  0%| F|  |TAMS 0x0000000086a00000, 0x0000000086a00000| Untracked 
|  85|0x0000000086b00000, 0x0000000086b00000, 0x0000000086c00000|  0%| F|  |TAMS 0x0000000086b00000, 0x0000000086b00000| Untracked 
|  86|0x0000000086c00000, 0x0000000086c00000, 0x0000000086d00000|  0%| F|  |TAMS 0x0000000086c00000, 0x0000000086c00000| Untracked 
|  87|0x0000000086d00000, 0x0000000086d00000, 0x0000000086e00000|  0%| F|  |TAMS 0x0000000086d00000, 0x0000000086d00000| Untracked 
|  88|0x0000000086e00000, 0x0000000086e00000, 0x0000000086f00000|  0%| F|  |TAMS 0x0000000086e00000, 0x0000000086e00000| Untracked 
|  89|0x0000000086f00000, 0x0000000086f00000, 0x0000000087000000|  0%| F|  |TAMS 0x0000000086f00000, 0x0000000086f00000| Untracked 
|  90|0x0000000087000000, 0x0000000087000000, 0x0000000087100000|  0%| F|  |TAMS 0x0000000087000000, 0x0000000087000000| Untracked 
|  91|0x0000000087100000, 0x0000000087100000, 0x0000000087200000|  0%| F|  |TAMS 0x0000000087100000, 0x0000000087100000| Untracked 
|  92|0x0000000087200000, 0x0000000087200000, 0x0000000087300000|  0%| F|  |TAMS 0x0000000087200000, 0x0000000087200000| Untracked 
|  93|0x0000000087300000, 0x0000000087300000, 0x0000000087400000|  0%| F|  |TAMS 0x0000000087300000, 0x0000000087300000| Untracked 
|  94|0x0000000087400000, 0x0000000087500000, 0x0000000087500000|100%|HS|  |TAMS 0x0000000087500000, 0x0000000087400000| Complete 
|  95|0x0000000087500000, 0x0000000087600000, 0x0000000087600000|100%|HC|  |TAMS 0x0000000087600000, 0x0000000087500000| Complete 
|  96|0x0000000087600000, 0x0000000087700000, 0x0000000087700000|100%|HC|  |TAMS 0x0000000087700000, 0x0000000087600000| Complete 
|  97|0x0000000087700000, 0x0000000087800000, 0x0000000087800000|100%|HC|  |TAMS 0x0000000087800000, 0x0000000087700000| Complete 
|  98|0x0000000087800000, 0x0000000087900000, 0x0000000087900000|100%|HC|  |TAMS 0x0000000087900000, 0x0000000087800000| Complete 
|  99|0x0000000087900000, 0x0000000087a00000, 0x0000000087a00000|100%|HC|  |TAMS 0x0000000087a00000, 0x0000000087900000| Complete 
| 100|0x0000000087a00000, 0x0000000087b00000, 0x0000000087b00000|100%|HC|  |TAMS 0x0000000087b00000, 0x0000000087a00000| Complete 
| 101|0x0000000087b00000, 0x0000000087c00000, 0x0000000087c00000|100%|HC|  |TAMS 0x0000000087c00000, 0x0000000087b00000| Complete 
| 102|0x0000000087c00000, 0x0000000087d00000, 0x0000000087d00000|100%|HC|  |TAMS 0x0000000087d00000, 0x0000000087c00000| Complete 
| 103|0x0000000087d00000, 0x0000000087e00000, 0x0000000087e00000|100%|HC|  |TAMS 0x0000000087e00000, 0x0000000087d00000| Complete 
| 104|0x0000000087e00000, 0x0000000087f00000, 0x0000000087f00000|100%|HC|  |TAMS 0x0000000087f00000, 0x0000000087e00000| Complete 
| 105|0x0000000087f00000, 0x0000000088000000, 0x0000000088000000|100%|HC|  |TAMS 0x0000000088000000, 0x0000000087f00000| Complete 
| 106|0x0000000088000000, 0x0000000088100000, 0x0000000088100000|100%|HC|  |TAMS 0x0000000088100000, 0x0000000088000000| Complete 
| 107|0x0000000088100000, 0x0000000088200000, 0x0000000088200000|100%|HC|  |TAMS 0x0000000088200000, 0x0000000088100000| Complete 
| 108|0x0000000088200000, 0x0000000088300000, 0x0000000088300000|100%|HC|  |TAMS 0x0000000088300000, 0x0000000088200000| Complete 
| 109|0x0000000088300000, 0x0000000088400000, 0x0000000088400000|100%|HC|  |TAMS 0x0000000088400000, 0x0000000088300000| Complete 
| 110|0x0000000088400000, 0x0000000088500000, 0x0000000088500000|100%|HC|  |TAMS 0x0000000088500000, 0x0000000088400000| Complete 
| 111|0x0000000088500000, 0x0000000088600000, 0x0000000088600000|100%|HC|  |TAMS 0x0000000088600000, 0x0000000088500000| Complete 
| 112|0x0000000088600000, 0x0000000088700000, 0x0000000088700000|100%|HC|  |TAMS 0x0000000088700000, 0x0000000088600000| Complete 
| 113|0x0000000088700000, 0x0000000088800000, 0x0000000088800000|100%|HC|  |TAMS 0x0000000088800000, 0x0000000088700000| Complete 
| 114|0x0000000088800000, 0x0000000088900000, 0x0000000088900000|100%|HC|  |TAMS 0x0000000088900000, 0x0000000088800000| Complete 
| 115|0x0000000088900000, 0x0000000088a00000, 0x0000000088a00000|100%|HC|  |TAMS 0x0000000088a00000, 0x0000000088900000| Complete 
| 116|0x0000000088a00000, 0x0000000088b00000, 0x0000000088b00000|100%|HC|  |TAMS 0x0000000088b00000, 0x0000000088a00000| Complete 
| 117|0x0000000088b00000, 0x0000000088c00000, 0x0000000088c00000|100%|HC|  |TAMS 0x0000000088c00000, 0x0000000088b00000| Complete 
| 118|0x0000000088c00000, 0x0000000088d00000, 0x0000000088d00000|100%|HC|  |TAMS 0x0000000088d00000, 0x0000000088c00000| Complete 
| 119|0x0000000088d00000, 0x0000000088e00000, 0x0000000088e00000|100%|HC|  |TAMS 0x0000000088e00000, 0x0000000088d00000| Complete 
| 120|0x0000000088e00000, 0x0000000088f00000, 0x0000000088f00000|100%|HC|  |TAMS 0x0000000088f00000, 0x0000000088e00000| Complete 
| 121|0x0000000088f00000, 0x0000000089000000, 0x0000000089000000|100%|HC|  |TAMS 0x0000000089000000, 0x0000000088f00000| Complete 
| 122|0x0000000089000000, 0x0000000089100000, 0x0000000089100000|100%|HC|  |TAMS 0x0000000089100000, 0x0000000089000000| Complete 
| 123|0x0000000089100000, 0x0000000089200000, 0x0000000089200000|100%|HC|  |TAMS 0x0000000089200000, 0x0000000089100000| Complete 
| 124|0x0000000089200000, 0x0000000089300000, 0x0000000089300000|100%|HC|  |TAMS 0x0000000089300000, 0x0000000089200000| Complete 
| 125|0x0000000089300000, 0x0000000089400000, 0x0000000089400000|100%|HC|  |TAMS 0x0000000089400000, 0x0000000089300000| Complete 
| 126|0x0000000089400000, 0x0000000089500000, 0x0000000089500000|100%|HC|  |TAMS 0x0000000089500000, 0x0000000089400000| Complete 
| 127|0x0000000089500000, 0x0000000089600000, 0x0000000089600000|100%|HC|  |TAMS 0x0000000089600000, 0x0000000089500000| Complete 
| 128|0x0000000089600000, 0x0000000089700000, 0x0000000089700000|100%|HS|  |TAMS 0x0000000089700000, 0x0000000089600000| Complete 
| 129|0x0000000089700000, 0x0000000089800000, 0x0000000089800000|100%| O|  |TAMS 0x0000000089800000, 0x0000000089700000| Untracked 
| 130|0x0000000089800000, 0x0000000089800000, 0x0000000089900000|  0%| F|  |TAMS 0x0000000089800000, 0x0000000089800000| Untracked 
| 131|0x0000000089900000, 0x0000000089900000, 0x0000000089a00000|  0%| F|  |TAMS 0x0000000089900000, 0x0000000089900000| Untracked 
| 132|0x0000000089a00000, 0x0000000089a00000, 0x0000000089b00000|  0%| F|  |TAMS 0x0000000089a00000, 0x0000000089a00000| Untracked 
| 133|0x0000000089b00000, 0x0000000089b00000, 0x0000000089c00000|  0%| F|  |TAMS 0x0000000089b00000, 0x0000000089b00000| Untracked 
| 134|0x0000000089c00000, 0x0000000089c00000, 0x0000000089d00000|  0%| F|  |TAMS 0x0000000089c00000, 0x0000000089c00000| Untracked 
| 135|0x0000000089d00000, 0x0000000089d00000, 0x0000000089e00000|  0%| F|  |TAMS 0x0000000089d00000, 0x0000000089d00000| Untracked 
| 136|0x0000000089e00000, 0x0000000089e00000, 0x0000000089f00000|  0%| F|  |TAMS 0x0000000089e00000, 0x0000000089e00000| Untracked 
| 137|0x0000000089f00000, 0x0000000089f00000, 0x000000008a000000|  0%| F|  |TAMS 0x0000000089f00000, 0x0000000089f00000| Untracked 
| 138|0x000000008a000000, 0x000000008a000000, 0x000000008a100000|  0%| F|  |TAMS 0x000000008a000000, 0x000000008a000000| Untracked 
| 139|0x000000008a100000, 0x000000008a100000, 0x000000008a200000|  0%| F|  |TAMS 0x000000008a100000, 0x000000008a100000| Untracked 
| 140|0x000000008a200000, 0x000000008a200000, 0x000000008a300000|  0%| F|  |TAMS 0x000000008a200000, 0x000000008a200000| Untracked 
| 141|0x000000008a300000, 0x000000008a300000, 0x000000008a400000|  0%| F|  |TAMS 0x000000008a300000, 0x000000008a300000| Untracked 
| 142|0x000000008a400000, 0x000000008a400000, 0x000000008a500000|  0%| F|  |TAMS 0x000000008a400000, 0x000000008a400000| Untracked 
| 143|0x000000008a500000, 0x000000008a500000, 0x000000008a600000|  0%| F|  |TAMS 0x000000008a500000, 0x000000008a500000| Untracked 
| 144|0x000000008a600000, 0x000000008a600000, 0x000000008a700000|  0%| F|  |TAMS 0x000000008a600000, 0x000000008a600000| Untracked 
| 145|0x000000008a700000, 0x000000008a700000, 0x000000008a800000|  0%| F|  |TAMS 0x000000008a700000, 0x000000008a700000| Untracked 
| 146|0x000000008a800000, 0x000000008a800000, 0x000000008a900000|  0%| F|  |TAMS 0x000000008a800000, 0x000000008a800000| Untracked 
| 147|0x000000008a900000, 0x000000008a900000, 0x000000008aa00000|  0%| F|  |TAMS 0x000000008a900000, 0x000000008a900000| Untracked 
| 148|0x000000008aa00000, 0x000000008aa00000, 0x000000008ab00000|  0%| F|  |TAMS 0x000000008aa00000, 0x000000008aa00000| Untracked 
| 149|0x000000008ab00000, 0x000000008ab00000, 0x000000008ac00000|  0%| F|  |TAMS 0x000000008ab00000, 0x000000008ab00000| Untracked 
| 150|0x000000008ac00000, 0x000000008ac00000, 0x000000008ad00000|  0%| F|  |TAMS 0x000000008ac00000, 0x000000008ac00000| Untracked 
| 151|0x000000008ad00000, 0x000000008ad00000, 0x000000008ae00000|  0%| F|  |TAMS 0x000000008ad00000, 0x000000008ad00000| Untracked 
| 152|0x000000008ae00000, 0x000000008ae00000, 0x000000008af00000|  0%| F|  |TAMS 0x000000008ae00000, 0x000000008ae00000| Untracked 
| 153|0x000000008af00000, 0x000000008af00000, 0x000000008b000000|  0%| F|  |TAMS 0x000000008af00000, 0x000000008af00000| Untracked 
| 154|0x000000008b000000, 0x000000008b000000, 0x000000008b100000|  0%| F|  |TAMS 0x000000008b000000, 0x000000008b000000| Untracked 
| 155|0x000000008b100000, 0x000000008b100000, 0x000000008b200000|  0%| F|  |TAMS 0x000000008b100000, 0x000000008b100000| Untracked 
| 156|0x000000008b200000, 0x000000008b200000, 0x000000008b300000|  0%| F|  |TAMS 0x000000008b200000, 0x000000008b200000| Untracked 
| 157|0x000000008b300000, 0x000000008b300000, 0x000000008b400000|  0%| F|  |TAMS 0x000000008b300000, 0x000000008b300000| Untracked 
| 158|0x000000008b400000, 0x000000008b400000, 0x000000008b500000|  0%| F|  |TAMS 0x000000008b400000, 0x000000008b400000| Untracked 
| 159|0x000000008b500000, 0x000000008b500000, 0x000000008b600000|  0%| F|  |TAMS 0x000000008b500000, 0x000000008b500000| Untracked 
| 160|0x000000008b600000, 0x000000008b600000, 0x000000008b700000|  0%| F|  |TAMS 0x000000008b600000, 0x000000008b600000| Untracked 
| 161|0x000000008b700000, 0x000000008b700000, 0x000000008b800000|  0%| F|  |TAMS 0x000000008b700000, 0x000000008b700000| Untracked 
| 162|0x000000008b800000, 0x000000008b800000, 0x000000008b900000|  0%| F|  |TAMS 0x000000008b800000, 0x000000008b800000| Untracked 
| 163|0x000000008b900000, 0x000000008b900000, 0x000000008ba00000|  0%| F|  |TAMS 0x000000008b900000, 0x000000008b900000| Untracked 
| 164|0x000000008ba00000, 0x000000008ba00000, 0x000000008bb00000|  0%| F|  |TAMS 0x000000008ba00000, 0x000000008ba00000| Untracked 
| 165|0x000000008bb00000, 0x000000008bb00000, 0x000000008bc00000|  0%| F|  |TAMS 0x000000008bb00000, 0x000000008bb00000| Untracked 
| 166|0x000000008bc00000, 0x000000008bc00000, 0x000000008bd00000|  0%| F|  |TAMS 0x000000008bc00000, 0x000000008bc00000| Untracked 
| 167|0x000000008bd00000, 0x000000008bd00000, 0x000000008be00000|  0%| F|  |TAMS 0x000000008bd00000, 0x000000008bd00000| Untracked 
| 168|0x000000008be00000, 0x000000008be00000, 0x000000008bf00000|  0%| F|  |TAMS 0x000000008be00000, 0x000000008be00000| Untracked 
| 169|0x000000008bf00000, 0x000000008bf00000, 0x000000008c000000|  0%| F|  |TAMS 0x000000008bf00000, 0x000000008bf00000| Untracked 
| 170|0x000000008c000000, 0x000000008c000000, 0x000000008c100000|  0%| F|  |TAMS 0x000000008c000000, 0x000000008c000000| Untracked 
| 171|0x000000008c100000, 0x000000008c100000, 0x000000008c200000|  0%| F|  |TAMS 0x000000008c100000, 0x000000008c100000| Untracked 
| 172|0x000000008c200000, 0x000000008c200000, 0x000000008c300000|  0%| F|  |TAMS 0x000000008c200000, 0x000000008c200000| Untracked 
| 173|0x000000008c300000, 0x000000008c300000, 0x000000008c400000|  0%| F|  |TAMS 0x000000008c300000, 0x000000008c300000| Untracked 
| 174|0x000000008c400000, 0x000000008c400000, 0x000000008c500000|  0%| F|  |TAMS 0x000000008c400000, 0x000000008c400000| Untracked 
| 175|0x000000008c500000, 0x000000008c500000, 0x000000008c600000|  0%| F|  |TAMS 0x000000008c500000, 0x000000008c500000| Untracked 
| 176|0x000000008c600000, 0x000000008c600000, 0x000000008c700000|  0%| F|  |TAMS 0x000000008c600000, 0x000000008c600000| Untracked 
| 177|0x000000008c700000, 0x000000008c700000, 0x000000008c800000|  0%| F|  |TAMS 0x000000008c700000, 0x000000008c700000| Untracked 
| 178|0x000000008c800000, 0x000000008c800000, 0x000000008c900000|  0%| F|  |TAMS 0x000000008c800000, 0x000000008c800000| Untracked 
| 179|0x000000008c900000, 0x000000008c900000, 0x000000008ca00000|  0%| F|  |TAMS 0x000000008c900000, 0x000000008c900000| Untracked 
| 180|0x000000008ca00000, 0x000000008ca00000, 0x000000008cb00000|  0%| F|  |TAMS 0x000000008ca00000, 0x000000008ca00000| Untracked 
| 181|0x000000008cb00000, 0x000000008cb00000, 0x000000008cc00000|  0%| F|  |TAMS 0x000000008cb00000, 0x000000008cb00000| Untracked 
| 182|0x000000008cc00000, 0x000000008cc00000, 0x000000008cd00000|  0%| F|  |TAMS 0x000000008cc00000, 0x000000008cc00000| Untracked 
| 183|0x000000008cd00000, 0x000000008cd00000, 0x000000008ce00000|  0%| F|  |TAMS 0x000000008cd00000, 0x000000008cd00000| Untracked 
| 184|0x000000008ce00000, 0x000000008ce00000, 0x000000008cf00000|  0%| F|  |TAMS 0x000000008ce00000, 0x000000008ce00000| Untracked 
| 185|0x000000008cf00000, 0x000000008cf00000, 0x000000008d000000|  0%| F|  |TAMS 0x000000008cf00000, 0x000000008cf00000| Untracked 
| 186|0x000000008d000000, 0x000000008d000000, 0x000000008d100000|  0%| F|  |TAMS 0x000000008d000000, 0x000000008d000000| Untracked 
| 187|0x000000008d100000, 0x000000008d100000, 0x000000008d200000|  0%| F|  |TAMS 0x000000008d100000, 0x000000008d100000| Untracked 
| 188|0x000000008d200000, 0x000000008d200000, 0x000000008d300000|  0%| F|  |TAMS 0x000000008d200000, 0x000000008d200000| Untracked 
| 189|0x000000008d300000, 0x000000008d300000, 0x000000008d400000|  0%| F|  |TAMS 0x000000008d300000, 0x000000008d300000| Untracked 
| 190|0x000000008d400000, 0x000000008d400000, 0x000000008d500000|  0%| F|  |TAMS 0x000000008d400000, 0x000000008d400000| Untracked 
| 191|0x000000008d500000, 0x000000008d500000, 0x000000008d600000|  0%| F|  |TAMS 0x000000008d500000, 0x000000008d500000| Untracked 
| 192|0x000000008d600000, 0x000000008d600000, 0x000000008d700000|  0%| F|  |TAMS 0x000000008d600000, 0x000000008d600000| Untracked 
| 193|0x000000008d700000, 0x000000008d700000, 0x000000008d800000|  0%| F|  |TAMS 0x000000008d700000, 0x000000008d700000| Untracked 
| 194|0x000000008d800000, 0x000000008d800000, 0x000000008d900000|  0%| F|  |TAMS 0x000000008d800000, 0x000000008d800000| Untracked 
| 195|0x000000008d900000, 0x000000008d900000, 0x000000008da00000|  0%| F|  |TAMS 0x000000008d900000, 0x000000008d900000| Untracked 
| 196|0x000000008da00000, 0x000000008da00000, 0x000000008db00000|  0%| F|  |TAMS 0x000000008da00000, 0x000000008da00000| Untracked 
| 197|0x000000008db00000, 0x000000008db00000, 0x000000008dc00000|  0%| F|  |TAMS 0x000000008db00000, 0x000000008db00000| Untracked 
| 198|0x000000008dc00000, 0x000000008dc00000, 0x000000008dd00000|  0%| F|  |TAMS 0x000000008dc00000, 0x000000008dc00000| Untracked 
| 199|0x000000008dd00000, 0x000000008dd00000, 0x000000008de00000|  0%| F|  |TAMS 0x000000008dd00000, 0x000000008dd00000| Untracked 
| 200|0x000000008de00000, 0x000000008de00000, 0x000000008df00000|  0%| F|  |TAMS 0x000000008de00000, 0x000000008de00000| Untracked 
| 201|0x000000008df00000, 0x000000008df00000, 0x000000008e000000|  0%| F|  |TAMS 0x000000008df00000, 0x000000008df00000| Untracked 
| 202|0x000000008e000000, 0x000000008e000000, 0x000000008e100000|  0%| F|  |TAMS 0x000000008e000000, 0x000000008e000000| Untracked 
| 203|0x000000008e100000, 0x000000008e100000, 0x000000008e200000|  0%| F|  |TAMS 0x000000008e100000, 0x000000008e100000| Untracked 
| 204|0x000000008e200000, 0x000000008e200000, 0x000000008e300000|  0%| F|  |TAMS 0x000000008e200000, 0x000000008e200000| Untracked 
| 205|0x000000008e300000, 0x000000008e300000, 0x000000008e400000|  0%| F|  |TAMS 0x000000008e300000, 0x000000008e300000| Untracked 
| 206|0x000000008e400000, 0x000000008e400000, 0x000000008e500000|  0%| F|  |TAMS 0x000000008e400000, 0x000000008e400000| Untracked 
| 207|0x000000008e500000, 0x000000008e500000, 0x000000008e600000|  0%| F|  |TAMS 0x000000008e500000, 0x000000008e500000| Untracked 
| 208|0x000000008e600000, 0x000000008e600000, 0x000000008e700000|  0%| F|  |TAMS 0x000000008e600000, 0x000000008e600000| Untracked 
| 209|0x000000008e700000, 0x000000008e700000, 0x000000008e800000|  0%| F|  |TAMS 0x000000008e700000, 0x000000008e700000| Untracked 
| 210|0x000000008e800000, 0x000000008e800000, 0x000000008e900000|  0%| F|  |TAMS 0x000000008e800000, 0x000000008e800000| Untracked 
| 211|0x000000008e900000, 0x000000008e900000, 0x000000008ea00000|  0%| F|  |TAMS 0x000000008e900000, 0x000000008e900000| Untracked 
| 212|0x000000008ea00000, 0x000000008ea00000, 0x000000008eb00000|  0%| F|  |TAMS 0x000000008ea00000, 0x000000008ea00000| Untracked 
| 213|0x000000008eb00000, 0x000000008eb00000, 0x000000008ec00000|  0%| F|  |TAMS 0x000000008eb00000, 0x000000008eb00000| Untracked 
| 214|0x000000008ec00000, 0x000000008ec00000, 0x000000008ed00000|  0%| F|  |TAMS 0x000000008ec00000, 0x000000008ec00000| Untracked 
| 215|0x000000008ed00000, 0x000000008ed00000, 0x000000008ee00000|  0%| F|  |TAMS 0x000000008ed00000, 0x000000008ed00000| Untracked 
| 216|0x000000008ee00000, 0x000000008ee00000, 0x000000008ef00000|  0%| F|  |TAMS 0x000000008ee00000, 0x000000008ee00000| Untracked 
| 217|0x000000008ef00000, 0x000000008ef00000, 0x000000008f000000|  0%| F|  |TAMS 0x000000008ef00000, 0x000000008ef00000| Untracked 
| 218|0x000000008f000000, 0x000000008f000000, 0x000000008f100000|  0%| F|  |TAMS 0x000000008f000000, 0x000000008f000000| Untracked 
| 219|0x000000008f100000, 0x000000008f100000, 0x000000008f200000|  0%| F|  |TAMS 0x000000008f100000, 0x000000008f100000| Untracked 
| 220|0x000000008f200000, 0x000000008f200000, 0x000000008f300000|  0%| F|  |TAMS 0x000000008f200000, 0x000000008f200000| Untracked 
| 221|0x000000008f300000, 0x000000008f300000, 0x000000008f400000|  0%| F|  |TAMS 0x000000008f300000, 0x000000008f300000| Untracked 
| 222|0x000000008f400000, 0x000000008f400000, 0x000000008f500000|  0%| F|  |TAMS 0x000000008f400000, 0x000000008f400000| Untracked 
| 223|0x000000008f500000, 0x000000008f500000, 0x000000008f600000|  0%| F|  |TAMS 0x000000008f500000, 0x000000008f500000| Untracked 
| 224|0x000000008f600000, 0x000000008f600000, 0x000000008f700000|  0%| F|  |TAMS 0x000000008f600000, 0x000000008f600000| Untracked 
| 225|0x000000008f700000, 0x000000008f700000, 0x000000008f800000|  0%| F|  |TAMS 0x000000008f700000, 0x000000008f700000| Untracked 
| 226|0x000000008f800000, 0x000000008f800000, 0x000000008f900000|  0%| F|  |TAMS 0x000000008f800000, 0x000000008f800000| Untracked 
| 227|0x000000008f900000, 0x000000008f900000, 0x000000008fa00000|  0%| F|  |TAMS 0x000000008f900000, 0x000000008f900000| Untracked 
| 228|0x000000008fa00000, 0x000000008fa00000, 0x000000008fb00000|  0%| F|  |TAMS 0x000000008fa00000, 0x000000008fa00000| Untracked 
| 229|0x000000008fb00000, 0x000000008fb00000, 0x000000008fc00000|  0%| F|  |TAMS 0x000000008fb00000, 0x000000008fb00000| Untracked 
| 230|0x000000008fc00000, 0x000000008fc00000, 0x000000008fd00000|  0%| F|  |TAMS 0x000000008fc00000, 0x000000008fc00000| Untracked 
| 231|0x000000008fd00000, 0x000000008fd00000, 0x000000008fe00000|  0%| F|  |TAMS 0x000000008fd00000, 0x000000008fd00000| Untracked 
| 232|0x000000008fe00000, 0x000000008fe00000, 0x000000008ff00000|  0%| F|  |TAMS 0x000000008fe00000, 0x000000008fe00000| Untracked 
| 233|0x000000008ff00000, 0x000000008ff00000, 0x0000000090000000|  0%| F|  |TAMS 0x000000008ff00000, 0x000000008ff00000| Untracked 
| 234|0x0000000090000000, 0x0000000090000000, 0x0000000090100000|  0%| F|  |TAMS 0x0000000090000000, 0x0000000090000000| Untracked 
| 235|0x0000000090100000, 0x0000000090100000, 0x0000000090200000|  0%| F|  |TAMS 0x0000000090100000, 0x0000000090100000| Untracked 
| 236|0x0000000090200000, 0x0000000090200000, 0x0000000090300000|  0%| F|  |TAMS 0x0000000090200000, 0x0000000090200000| Untracked 
| 237|0x0000000090300000, 0x0000000090300000, 0x0000000090400000|  0%| F|  |TAMS 0x0000000090300000, 0x0000000090300000| Untracked 
| 238|0x0000000090400000, 0x0000000090400000, 0x0000000090500000|  0%| F|  |TAMS 0x0000000090400000, 0x0000000090400000| Untracked 
| 239|0x0000000090500000, 0x0000000090500000, 0x0000000090600000|  0%| F|  |TAMS 0x0000000090500000, 0x0000000090500000| Untracked 
| 240|0x0000000090600000, 0x0000000090600000, 0x0000000090700000|  0%| F|  |TAMS 0x0000000090600000, 0x0000000090600000| Untracked 
| 241|0x0000000090700000, 0x0000000090700000, 0x0000000090800000|  0%| F|  |TAMS 0x0000000090700000, 0x0000000090700000| Untracked 
| 242|0x0000000090800000, 0x0000000090809448, 0x0000000090900000|  3%| S|CS|TAMS 0x0000000090800000, 0x0000000090800000| Complete 
| 243|0x0000000090900000, 0x0000000090a00000, 0x0000000090a00000|100%| S|CS|TAMS 0x0000000090900000, 0x0000000090900000| Complete 
| 244|0x0000000090a00000, 0x0000000090a00000, 0x0000000090b00000|  0%| F|  |TAMS 0x0000000090a00000, 0x0000000090a00000| Untracked 
| 245|0x0000000090b00000, 0x0000000090b00000, 0x0000000090c00000|  0%| F|  |TAMS 0x0000000090b00000, 0x0000000090b00000| Untracked 
| 246|0x0000000090c00000, 0x0000000090c00000, 0x0000000090d00000|  0%| F|  |TAMS 0x0000000090c00000, 0x0000000090c00000| Untracked 
| 247|0x0000000090d00000, 0x0000000090d00000, 0x0000000090e00000|  0%| F|  |TAMS 0x0000000090d00000, 0x0000000090d00000| Untracked 
| 248|0x0000000090e00000, 0x0000000090e00000, 0x0000000090f00000|  0%| F|  |TAMS 0x0000000090e00000, 0x0000000090e00000| Untracked 
| 249|0x0000000090f00000, 0x0000000090f00000, 0x0000000091000000|  0%| F|  |TAMS 0x0000000090f00000, 0x0000000090f00000| Untracked 
| 250|0x0000000091000000, 0x0000000091000000, 0x0000000091100000|  0%| F|  |TAMS 0x0000000091000000, 0x0000000091000000| Untracked 
| 251|0x0000000091100000, 0x0000000091100000, 0x0000000091200000|  0%| F|  |TAMS 0x0000000091100000, 0x0000000091100000| Untracked 
| 252|0x0000000091200000, 0x0000000091200000, 0x0000000091300000|  0%| F|  |TAMS 0x0000000091200000, 0x0000000091200000| Untracked 
| 253|0x0000000091300000, 0x0000000091300000, 0x0000000091400000|  0%| F|  |TAMS 0x0000000091300000, 0x0000000091300000| Untracked 

Card table byte_map: [0x0000024f4c940000,0x0000024f4cd40000] _byte_map_base: 0x0000024f4c535000

Marking Bits (Prev, Next): (CMBitMap*) 0x0000024f45ddd290, (CMBitMap*) 0x0000024f45ddd250
 Prev Bits: [0x0000024f4f0f0000, 0x0000024f51098000)
 Next Bits: [0x0000024f4d140000, 0x0000024f4f0e8000)

Polling page: 0x0000024f45540000

Metaspace:

Usage:
  Non-class:     76.00 MB used.
      Class:     11.96 MB used.
       Both:     87.96 MB used.

Virtual space:
  Non-class space:       80.00 MB reserved,      76.25 MB ( 95%) committed,  10 nodes.
      Class space:        1.00 GB reserved,      12.19 MB (  1%) committed,  1 nodes.
             Both:        1.08 GB reserved,      88.44 MB (  8%) committed. 

Chunk freelists:
   Non-Class:  3.53 MB
       Class:  3.80 MB
        Both:  7.33 MB

MaxMetaspaceSize: unlimited
CompressedClassSpaceSize: 1.00 GB
Initial GC threshold: 21.00 MB
Current GC threshold: 147.44 MB
CDS: off
MetaspaceReclaimPolicy: balanced
 - commit_granule_bytes: 65536.
 - commit_granule_words: 8192.
 - virtual_space_node_default_size: 1048576.
 - enlarge_chunks_in_place: 1.
 - new_chunks_are_fully_committed: 0.
 - uncommit_free_chunks: 1.
 - use_allocation_guard: 0.
 - handle_deallocations: 1.


Internal statistics:

num_allocs_failed_limit: 11.
num_arena_births: 744.
num_arena_deaths: 194.
num_vsnodes_births: 11.
num_vsnodes_deaths: 0.
num_space_committed: 1415.
num_space_uncommitted: 0.
num_chunks_returned_to_freelist: 249.
num_chunks_taken_from_freelist: 3804.
num_chunk_merges: 87.
num_chunk_splits: 2629.
num_chunks_enlarged: 2053.
num_purges: 4.
num_inconsistent_stats: 0.

CodeCache: size=49152Kb used=15702Kb max_used=15702Kb free=33449Kb
 bounds [0x0000024f49430000, 0x0000024f4a390000, 0x0000024f4c430000]
 total_blobs=8542 nmethods=7863 adapters=602
 compilation: enabled
              stopped_count=0, restarted_count=0
 full_count=0

Compilation events (20 events):
Event: 154.038 Thread 0x0000024f550c2040 nmethod 7852 0x0000024f4a382290 code [0x0000024f4a3824a0, 0x0000024f4a3827e8]
Event: 154.039 Thread 0x0000024f550c2040 7856       1       org.apache.xmlbeans.impl.store.Saver$TextSaver::emitFinish (24 bytes)
Event: 154.039 Thread 0x0000024f5b3a7040 nmethod 7853 0x0000024f4a382a10 code [0x0000024f4a382ba0, 0x0000024f4a382cc8]
Event: 154.039 Thread 0x0000024f54445e00 nmethod 7854 0x0000024f4a382e10 code [0x0000024f4a382fa0, 0x0000024f4a3830c8]
Event: 154.039 Thread 0x0000024f5b3a7040 7857       1       org.apache.xmlbeans.impl.store.Saver$TextSaver::emitEndDoc (1 bytes)
Event: 154.039 Thread 0x0000024f54445e00 7858   !   1       org.apache.xmlbeans.impl.store.Cursor::dispose (86 bytes)
Event: 154.040 Thread 0x0000024f5635c630 nmethod 7855 0x0000024f4a383210 code [0x0000024f4a3833a0, 0x0000024f4a3834a8]
Event: 154.040 Thread 0x0000024f550c2040 nmethod 7856 0x0000024f4a383590 code [0x0000024f4a383740, 0x0000024f4a3838b8]
Event: 154.040 Thread 0x0000024f5b3a7040 nmethod 7857 0x0000024f4a383990 code [0x0000024f4a383b20, 0x0000024f4a383bd8]
Event: 154.040 Thread 0x0000024f5635c630 7859       1       org.apache.xmlbeans.impl.store.Cursor::_dispose (13 bytes)
Event: 154.040 Thread 0x0000024f5635c630 nmethod 7859 0x0000024f4a383c90 code [0x0000024f4a383e20, 0x0000024f4a383f48]
Event: 154.041 Thread 0x0000024f54445e00 nmethod 7858 0x0000024f4a384010 code [0x0000024f4a384220, 0x0000024f4a384688]
Event: 154.079 Thread 0x0000024f54445e00 7860       1       org.apache.xmlbeans.impl.store.Saver$FragSaveCur::isXmlns (40 bytes)
Event: 154.079 Thread 0x0000024f5b3a7040 7861       1       org.apache.xmlbeans.impl.store.Saver$FragSaveCur::toNextAttr (45 bytes)
Event: 154.079 Thread 0x0000024f5b3a7040 nmethod 7861 0x0000024f4a384a10 code [0x0000024f4a384ba0, 0x0000024f4a384ca8]
Event: 154.079 Thread 0x0000024f54445e00 nmethod 7860 0x0000024f4a384d90 code [0x0000024f4a384f40, 0x0000024f4a3850d8]
Event: 154.223 Thread 0x0000024f54445e00 7862       1       org.apache.xmlbeans.impl.store.Saver$FragSaveCur::getAttrValue (40 bytes)
Event: 154.223 Thread 0x0000024f5b3a7040 7863       1       org.apache.xmlbeans.impl.store.Cur::getValueAsString (50 bytes)
Event: 154.223 Thread 0x0000024f54445e00 nmethod 7862 0x0000024f4a385210 code [0x0000024f4a3853a0, 0x0000024f4a385488]
Event: 154.224 Thread 0x0000024f5b3a7040 nmethod 7863 0x0000024f4a385510 code [0x0000024f4a3856a0, 0x0000024f4a385788]

GC Heap History (20 events):
Event: 12.349 GC heap after
{Heap after GC invocations=28 (full 0):
 garbage-first heap   total 116736K, used 59995K [0x0000000081600000, 0x0000000100000000)
  region size 1024K, 3 young (3072K), 3 survivors (3072K)
 Metaspace       used 81445K, committed 82048K, reserved 1122304K
  class space    used 11095K, committed 11392K, reserved 1048576K
}
Event: 12.369 GC heap before
{Heap before GC invocations=28 (full 0):
 garbage-first heap   total 116736K, used 61019K [0x0000000081600000, 0x0000000100000000)
  region size 1024K, 5 young (5120K), 3 survivors (3072K)
 Metaspace       used 81475K, committed 82048K, reserved 1122304K
  class space    used 11109K, committed 11392K, reserved 1048576K
}
Event: 12.371 GC heap after
{Heap after GC invocations=29 (full 0):
 garbage-first heap   total 140288K, used 59959K [0x0000000081600000, 0x0000000100000000)
  region size 1024K, 1 young (1024K), 1 survivors (1024K)
 Metaspace       used 81475K, committed 82048K, reserved 1122304K
  class space    used 11109K, committed 11392K, reserved 1048576K
}
Event: 13.025 GC heap before
{Heap before GC invocations=29 (full 0):
 garbage-first heap   total 140288K, used 95799K [0x0000000081600000, 0x0000000100000000)
  region size 1024K, 36 young (36864K), 1 survivors (1024K)
 Metaspace       used 84683K, committed 85248K, reserved 1130496K
  class space    used 11563K, committed 11840K, reserved 1048576K
}
Event: 13.028 GC heap after
{Heap after GC invocations=30 (full 0):
 garbage-first heap   total 140288K, used 61709K [0x0000000081600000, 0x0000000100000000)
  region size 1024K, 2 young (2048K), 2 survivors (2048K)
 Metaspace       used 84683K, committed 85248K, reserved 1130496K
  class space    used 11563K, committed 11840K, reserved 1048576K
}
Event: 152.774 GC heap before
{Heap before GC invocations=30 (full 0):
 garbage-first heap   total 140288K, used 86285K [0x0000000081600000, 0x0000000100000000)
  region size 1024K, 27 young (27648K), 2 survivors (2048K)
 Metaspace       used 87328K, committed 87936K, reserved 1130496K
  class space    used 11879K, committed 12160K, reserved 1048576K
}
Event: 152.778 GC heap after
{Heap after GC invocations=31 (full 0):
 garbage-first heap   total 140288K, used 62874K [0x0000000081600000, 0x0000000100000000)
  region size 1024K, 4 young (4096K), 4 survivors (4096K)
 Metaspace       used 87328K, committed 87936K, reserved 1130496K
  class space    used 11879K, committed 12160K, reserved 1048576K
}
Event: 152.875 GC heap before
{Heap before GC invocations=31 (full 0):
 garbage-first heap   total 140288K, used 97690K [0x0000000081600000, 0x0000000100000000)
  region size 1024K, 5 young (5120K), 4 survivors (4096K)
 Metaspace       used 87328K, committed 87936K, reserved 1130496K
  class space    used 11879K, committed 12160K, reserved 1048576K
}
Event: 152.879 GC heap after
{Heap after GC invocations=32 (full 0):
 garbage-first heap   total 140288K, used 97599K [0x0000000081600000, 0x0000000100000000)
  region size 1024K, 3 young (3072K), 3 survivors (3072K)
 Metaspace       used 87328K, committed 87936K, reserved 1130496K
  class space    used 11879K, committed 12160K, reserved 1048576K
}
Event: 153.657 GC heap before
{Heap before GC invocations=33 (full 0):
 garbage-first heap   total 227328K, used 147775K [0x0000000081600000, 0x0000000100000000)
  region size 1024K, 17 young (17408K), 3 survivors (3072K)
 Metaspace       used 89667K, committed 90176K, reserved 1130496K
  class space    used 12193K, committed 12416K, reserved 1048576K
}
Event: 153.667 GC heap after
{Heap after GC invocations=34 (full 0):
 garbage-first heap   total 227328K, used 100215K [0x0000000081600000, 0x0000000100000000)
  region size 1024K, 3 young (3072K), 3 survivors (3072K)
 Metaspace       used 89667K, committed 90176K, reserved 1130496K
  class space    used 12193K, committed 12416K, reserved 1048576K
}
Event: 153.788 GC heap before
{Heap before GC invocations=34 (full 0):
 garbage-first heap   total 227328K, used 108407K [0x0000000081600000, 0x0000000100000000)
  region size 1024K, 11 young (11264K), 3 survivors (3072K)
 Metaspace       used 89808K, committed 90240K, reserved 1130496K
  class space    used 12220K, committed 12416K, reserved 1048576K
}
Event: 153.800 GC heap after
{Heap after GC invocations=35 (full 0):
 garbage-first heap   total 227328K, used 100603K [0x0000000081600000, 0x0000000100000000)
  region size 1024K, 2 young (2048K), 2 survivors (2048K)
 Metaspace       used 89808K, committed 90240K, reserved 1130496K
  class space    used 12220K, committed 12416K, reserved 1048576K
}
Event: 154.180 GC heap before
{Heap before GC invocations=35 (full 0):
 garbage-first heap   total 227328K, used 176379K [0x0000000081600000, 0x0000000100000000)
  region size 1024K, 76 young (77824K), 2 survivors (2048K)
 Metaspace       used 90084K, committed 90560K, reserved 1130496K
  class space    used 12248K, committed 12480K, reserved 1048576K
}
Event: 154.210 GC heap after
{Heap after GC invocations=36 (full 0):
 garbage-first heap   total 227328K, used 117927K [0x0000000081600000, 0x0000000100000000)
  region size 1024K, 10 young (10240K), 10 survivors (10240K)
 Metaspace       used 90084K, committed 90560K, reserved 1130496K
  class space    used 12248K, committed 12480K, reserved 1048576K
}
Event: 154.343 GC heap before
{Heap before GC invocations=36 (full 0):
 garbage-first heap   total 227328K, used 177319K [0x0000000081600000, 0x0000000100000000)
  region size 1024K, 68 young (69632K), 10 survivors (10240K)
 Metaspace       used 90084K, committed 90560K, reserved 1130496K
  class space    used 12248K, committed 12480K, reserved 1048576K
}
Event: 154.361 GC heap after
{Heap after GC invocations=37 (full 0):
 garbage-first heap   total 227328K, used 120435K [0x0000000081600000, 0x0000000100000000)
  region size 1024K, 2 young (2048K), 2 survivors (2048K)
 Metaspace       used 90084K, committed 90560K, reserved 1130496K
  class space    used 12248K, committed 12480K, reserved 1048576K
}
Event: 154.535 GC heap before
{Heap before GC invocations=38 (full 0):
 garbage-first heap   total 260096K, used 177779K [0x0000000081600000, 0x0000000100000000)
  region size 1024K, 61 young (62464K), 2 survivors (2048K)
 Metaspace       used 90068K, committed 90560K, reserved 1130496K
  class space    used 12245K, committed 12480K, reserved 1048576K
}
Event: 154.539 GC heap after
{Heap after GC invocations=39 (full 0):
 garbage-first heap   total 260096K, used 117269K [0x0000000081600000, 0x0000000100000000)
  region size 1024K, 2 young (2048K), 2 survivors (2048K)
 Metaspace       used 90068K, committed 90560K, reserved 1130496K
  class space    used 12245K, committed 12480K, reserved 1048576K
}
Event: 154.554 GC heap before
{Heap before GC invocations=39 (full 0):
 garbage-first heap   total 260096K, used 127509K [0x0000000081600000, 0x0000000100000000)
  region size 1024K, 12 young (12288K), 2 survivors (2048K)
 Metaspace       used 90068K, committed 90560K, reserved 1130496K
  class space    used 12245K, committed 12480K, reserved 1048576K
}

Deoptimization events (10 events):
Event: 3.325 Thread 0x0000024f56074db0 DEOPT PACKING pc=0x0000024f49a26d19 sp=0x0000005d844fca90
Event: 3.325 Thread 0x0000024f56074db0 DEOPT UNPACKING pc=0x0000024f49482b43 sp=0x0000005d844fbf70 mode 3
Event: 3.922 Thread 0x0000024f56074db0 DEOPT PACKING pc=0x0000024f49a3d614 sp=0x0000005d844fd040
Event: 3.922 Thread 0x0000024f56074db0 DEOPT UNPACKING pc=0x0000024f49482b43 sp=0x0000005d844fc598 mode 0
Event: 4.971 Thread 0x0000024f56074db0 DEOPT PACKING pc=0x0000024f49ca1d7d sp=0x0000005d844fcb10
Event: 4.971 Thread 0x0000024f56074db0 DEOPT UNPACKING pc=0x0000024f49482b43 sp=0x0000005d844fc078 mode 3
Event: 8.287 Thread 0x0000024f56074db0 DEOPT PACKING pc=0x0000024f49a4ae42 sp=0x0000005d844fbc30
Event: 8.287 Thread 0x0000024f56074db0 DEOPT UNPACKING pc=0x0000024f49482b43 sp=0x0000005d844fb138 mode 3
Event: 12.698 Thread 0x0000024f56074db0 DEOPT PACKING pc=0x0000024f4a132a44 sp=0x0000005d844f8cd0
Event: 12.698 Thread 0x0000024f56074db0 DEOPT UNPACKING pc=0x0000024f49482b43 sp=0x0000005d844f80b0 mode 0

Classes unloaded (20 events):
Event: 152.910 Thread 0x0000024f53ba4630 Unloading class 0x0000000100140000 'java/lang/invoke/LambdaForm$DMH+0x0000000100140000'
Event: 152.910 Thread 0x0000024f53ba4630 Unloading class 0x00000001000c6c00 'jdk/internal/reflect/GeneratedConstructorAccessor1'
Event: 152.910 Thread 0x0000024f53ba4630 Unloading class 0x00000001000c6000 'java/lang/invoke/LambdaForm$MH+0x00000001000c6000'
Event: 152.910 Thread 0x0000024f53ba4630 Unloading class 0x00000001000c5c00 'java/lang/invoke/LambdaForm$MH+0x00000001000c5c00'
Event: 152.910 Thread 0x0000024f53ba4630 Unloading class 0x00000001000c5800 'java/lang/invoke/LambdaForm$MH+0x00000001000c5800'
Event: 152.910 Thread 0x0000024f53ba4630 Unloading class 0x00000001000c5400 'java/lang/invoke/LambdaForm$MH+0x00000001000c5400'
Event: 152.910 Thread 0x0000024f53ba4630 Unloading class 0x00000001000c5000 'java/lang/invoke/LambdaForm$MH+0x00000001000c5000'
Event: 152.910 Thread 0x0000024f53ba4630 Unloading class 0x00000001000c4c00 'java/lang/invoke/LambdaForm$MH+0x00000001000c4c00'
Event: 152.910 Thread 0x0000024f53ba4630 Unloading class 0x00000001000c3c00 'java/lang/invoke/LambdaForm$MH+0x00000001000c3c00'
Event: 152.910 Thread 0x0000024f53ba4630 Unloading class 0x00000001000c3800 'java/lang/invoke/LambdaForm$MH+0x00000001000c3800'
Event: 152.910 Thread 0x0000024f53ba4630 Unloading class 0x00000001000c3000 'java/lang/invoke/LambdaForm$MH+0x00000001000c3000'
Event: 152.910 Thread 0x0000024f53ba4630 Unloading class 0x00000001000c2400 'java/lang/invoke/LambdaForm$MH+0x00000001000c2400'
Event: 152.910 Thread 0x0000024f53ba4630 Unloading class 0x00000001000c1c00 'java/lang/invoke/LambdaForm$MH+0x00000001000c1c00'
Event: 152.910 Thread 0x0000024f53ba4630 Unloading class 0x00000001000c1400 'java/lang/invoke/LambdaForm$MH+0x00000001000c1400'
Event: 152.910 Thread 0x0000024f53ba4630 Unloading class 0x00000001000c0c00 'java/lang/invoke/LambdaForm$MH+0x00000001000c0c00'
Event: 154.451 Thread 0x0000024f53ba4630 Unloading class 0x0000000100bbd000 'jdk/internal/reflect/GeneratedMethodAccessor89'
Event: 154.451 Thread 0x0000024f53ba4630 Unloading class 0x0000000100bbc800 'jdk/internal/reflect/GeneratedSerializationConstructorAccessor21'
Event: 154.451 Thread 0x0000024f53ba4630 Unloading class 0x0000000100bbc400 'jdk/internal/reflect/GeneratedSerializationConstructorAccessor20'
Event: 154.451 Thread 0x0000024f53ba4630 Unloading class 0x0000000100bbc000 'jdk/internal/reflect/GeneratedSerializationConstructorAccessor19'
Event: 154.451 Thread 0x0000024f53ba4630 Unloading class 0x0000000100bacc00 'jdk/internal/reflect/GeneratedConstructorAccessor51'

Classes redefined (0 events):
No events

Internal exceptions (20 events):
Event: 13.198 Thread 0x0000024f56074db0 Exception <a 'java/lang/ClassNotFoundException'{0x0000000089bef210}: org/springframework/beans/factory/DisposableBeanCustomizer> (0x0000000089bef210) 
thrown [s\src\hotspot\share\classfile\systemDictionary.cpp, line 256]
Event: 13.199 Thread 0x0000024f56074db0 Exception <a 'java/lang/ClassNotFoundException'{0x0000000089a06598}: java/lang/ObjectCustomizer> (0x0000000089a06598) 
thrown [s\src\hotspot\share\classfile\systemDictionary.cpp, line 256]
Event: 13.200 Thread 0x0000024f56074db0 Exception <a 'java/lang/ClassNotFoundException'{0x0000000089a115f8}: org/springframework/cloud/context/scope/GenericScopeCustomizer> (0x0000000089a115f8) 
thrown [s\src\hotspot\share\classfile\systemDictionary.cpp, line 256]
Event: 13.200 Thread 0x0000024f56074db0 Exception <a 'java/lang/ClassNotFoundException'{0x0000000089a248b8}: org/springframework/beans/factory/config/ScopeCustomizer> (0x0000000089a248b8) 
thrown [s\src\hotspot\share\classfile\systemDictionary.cpp, line 256]
Event: 13.201 Thread 0x0000024f56074db0 Exception <a 'java/lang/ClassNotFoundException'{0x0000000089a2eea0}: org/springframework/beans/factory/config/BeanFactoryPostProcessorCustomizer> (0x0000000089a2eea0) 
thrown [s\src\hotspot\share\classfile\systemDictionary.cpp, line 256]
Event: 13.201 Thread 0x0000024f56074db0 Exception <a 'java/lang/ClassNotFoundException'{0x0000000089a380c0}: org/springframework/beans/factory/support/BeanDefinitionRegistryPostProcessorCustomizer> (0x0000000089a380c0) 
thrown [s\src\hotspot\share\classfile\systemDictionary.cpp, line 256]
Event: 13.201 Thread 0x0000024f56074db0 Exception <a 'java/lang/ClassNotFoundException'{0x0000000089a40d98}: org/springframework/beans/factory/config/BeanFactoryPostProcessorCustomizer> (0x0000000089a40d98) 
thrown [s\src\hotspot\share\classfile\systemDictionary.cpp, line 256]
Event: 13.202 Thread 0x0000024f56074db0 Exception <a 'java/lang/ClassNotFoundException'{0x0000000089a49568}: org/springframework/beans/factory/DisposableBeanCustomizer> (0x0000000089a49568) 
thrown [s\src\hotspot\share\classfile\systemDictionary.cpp, line 256]
Event: 13.203 Thread 0x0000024f56074db0 Exception <a 'java/lang/ClassNotFoundException'{0x0000000089a5ac98}: java/lang/ObjectCustomizer> (0x0000000089a5ac98) 
thrown [s\src\hotspot\share\classfile\systemDictionary.cpp, line 256]
Event: 13.203 Thread 0x0000024f56074db0 Exception <a 'java/lang/ClassNotFoundException'{0x0000000089a665c0}: org/springframework/cloud/context/properties/ConfigurationPropertiesRebinderCustomizer> (0x0000000089a665c0) 
thrown [s\src\hotspot\share\classfile\systemDictionary.cpp, line 256]
Event: 13.204 Thread 0x0000024f56074db0 Exception <a 'java/lang/ClassNotFoundException'{0x0000000089a7a588}: org/springframework/context/ApplicationContextAwareCustomizer> (0x0000000089a7a588) 
thrown [s\src\hotspot\share\classfile\systemDictionary.cpp, line 256]
Event: 13.204 Thread 0x0000024f56074db0 Exception <a 'java/lang/ClassNotFoundException'{0x0000000089a834e8}: org/springframework/beans/factory/AwareCustomizer> (0x0000000089a834e8) 
thrown [s\src\hotspot\share\classfile\systemDictionary.cpp, line 256]
Event: 13.205 Thread 0x0000024f56074db0 Exception <a 'java/lang/ClassNotFoundException'{0x0000000089a8ae90}: org/springframework/context/ApplicationListenerCustomizer> (0x0000000089a8ae90) 
thrown [s\src\hotspot\share\classfile\systemDictionary.cpp, line 256]
Event: 13.205 Thread 0x0000024f56074db0 Exception <a 'java/lang/ClassNotFoundException'{0x0000000089a8e458}: java/util/EventListenerCustomizer> (0x0000000089a8e458) 
thrown [s\src\hotspot\share\classfile\systemDictionary.cpp, line 256]
Event: 13.205 Thread 0x0000024f56074db0 Exception <a 'java/lang/ClassNotFoundException'{0x0000000089a95b20}: java/lang/ObjectCustomizer> (0x0000000089a95b20) 
thrown [s\src\hotspot\share\classfile\systemDictionary.cpp, line 256]
Event: 13.206 Thread 0x0000024f56074db0 Exception <a 'java/lang/ClassNotFoundException'{0x0000000089aa0d88}: org/springframework/jmx/export/metadata/AbstractJmxAttributeCustomizer> (0x0000000089aa0d88) 
thrown [s\src\hotspot\share\classfile\systemDictionary.cpp, line 256]
Event: 13.206 Thread 0x0000024f56074db0 Exception <a 'java/lang/ClassNotFoundException'{0x0000000089aabd50}: org/springframework/jmx/export/metadata/ManagedAttributeCustomizer> (0x0000000089aabd50) 
thrown [s\src\hotspot\share\classfile\systemDictionary.cpp, line 256]
Event: 13.212 Thread 0x0000024f56074db0 Exception <a 'java/lang/NoSuchMethodError'{0x0000000089ae3cd0}: 'java.lang.Object java.lang.invoke.DirectMethodHandle$Holder.invokeSpecial(java.lang.Object, java.lang.Object, int, java.lang.Object, int, java.lang.Object)'> (0x0000000089ae3cd0) 
thrown [s\src\hotspot\share\interpreter\linkResolver.cpp, line 759]
Event: 13.212 Thread 0x0000024f56074db0 Exception <a 'java/lang/NoSuchMethodError'{0x0000000089aebce8}: 'java.lang.Object java.lang.invoke.DirectMethodHandle$Holder.newInvokeSpecial(java.lang.Object, java.lang.Object, int, java.lang.Object, int)'> (0x0000000089aebce8) 
thrown [s\src\hotspot\share\interpreter\linkResolver.cpp, line 759]
Event: 13.212 Thread 0x0000024f56074db0 Exception <a 'java/lang/NoSuchMethodError'{0x0000000089aefde8}: 'java.lang.Object java.lang.invoke.DirectMethodHandle$Holder.invokeSpecial(java.lang.Object, java.lang.Object, java.lang.Object, int, java.lang.Object, int)'> (0x0000000089aefde8) 
thrown [s\src\hotspot\share\interpreter\linkResolver.cpp, line 759]

VM Operations (20 events):
Event: 152.879 Executing VM operation: G1TryInitiateConcMark done
Event: 152.908 Executing VM operation: G1Concurrent
Event: 152.923 Executing VM operation: G1Concurrent done
Event: 152.941 Executing VM operation: G1Concurrent
Event: 152.942 Executing VM operation: G1Concurrent done
Event: 153.657 Executing VM operation: G1CollectForAllocation
Event: 153.667 Executing VM operation: G1CollectForAllocation done
Event: 153.788 Executing VM operation: G1CollectForAllocation
Event: 153.800 Executing VM operation: G1CollectForAllocation done
Event: 154.180 Executing VM operation: G1CollectForAllocation
Event: 154.210 Executing VM operation: G1CollectForAllocation done
Event: 154.343 Executing VM operation: G1CollectForAllocation
Event: 154.361 Executing VM operation: G1CollectForAllocation done
Event: 154.450 Executing VM operation: G1Concurrent
Event: 154.469 Executing VM operation: G1Concurrent done
Event: 154.531 Executing VM operation: G1Concurrent
Event: 154.531 Executing VM operation: G1Concurrent done
Event: 154.535 Executing VM operation: G1CollectForAllocation
Event: 154.539 Executing VM operation: G1CollectForAllocation done
Event: 154.553 Executing VM operation: G1CollectForAllocation

Events (20 events):
Event: 153.037 loading class java/security/DigestInputStream done
Event: 153.055 loading class org/w3c/dom/DOMImplementation
Event: 153.055 loading class org/w3c/dom/DOMImplementation done
Event: 153.057 loading class org/w3c/dom/CDATASection
Event: 153.057 loading class org/w3c/dom/CDATASection done
Event: 153.073 loading class org/xml/sax/ext/LexicalHandler
Event: 153.073 loading class org/xml/sax/ext/LexicalHandler done
Event: 153.073 loading class org/xml/sax/ext/DeclHandler
Event: 153.073 loading class org/xml/sax/ext/DeclHandler done
Event: 153.075 loading class javax/xml/stream/XMLStreamReader
Event: 153.075 loading class javax/xml/stream/XMLStreamReader done
Event: 153.380 Thread 0x0000024f550c2040 Thread added: 0x0000024f550c2040
Event: 153.380 Thread 0x0000024f5b3a7040 Thread added: 0x0000024f5b3a7040
Event: 153.384 Thread 0x0000024f5635c630 Thread added: 0x0000024f5635c630
Event: 153.418 loading class org/w3c/dom/ProcessingInstruction
Event: 153.418 loading class org/w3c/dom/ProcessingInstruction done
Event: 153.432 loading class org/w3c/dom/DocumentFragment
Event: 153.432 loading class org/w3c/dom/DocumentFragment done
Event: 153.433 loading class org/w3c/dom/Comment
Event: 153.433 loading class org/w3c/dom/Comment done


Dynamic libraries:
0x00007ff6f2320000 - 0x00007ff6f232e000 	D:\Spring Tool Suite 4\sts-4.16.0.RELEASE\plugins\org.eclipse.justj.openjdk.hotspot.jre.full.win32.x86_64_17.0.4.v20220903-1038\jre\bin\javaw.exe
0x00007ff882290000 - 0x00007ff882488000 	C:\Windows\SYSTEM32\ntdll.dll
0x00007ff863e00000 - 0x00007ff863e19000 	C:\Program Files\Avast Software\Avast\aswhook.dll
0x00007ff880410000 - 0x00007ff8804cf000 	C:\Windows\System32\KERNEL32.DLL
0x00007ff87fdf0000 - 0x00007ff8800c2000 	C:\Windows\System32\KERNELBASE.dll
0x00007ff8801b0000 - 0x00007ff8802b0000 	C:\Windows\System32\ucrtbase.dll
0x00007ff868410000 - 0x00007ff868428000 	D:\Spring Tool Suite 4\sts-4.16.0.RELEASE\plugins\org.eclipse.justj.openjdk.hotspot.jre.full.win32.x86_64_17.0.4.v20220903-1038\jre\bin\jli.dll
0x00007ff8637f0000 - 0x00007ff863809000 	D:\Spring Tool Suite 4\sts-4.16.0.RELEASE\plugins\org.eclipse.justj.openjdk.hotspot.jre.full.win32.x86_64_17.0.4.v20220903-1038\jre\bin\VCRUNTIME140.dll
0x00007ff8816f0000 - 0x00007ff881891000 	C:\Windows\System32\USER32.dll
0x00007ff87fdc0000 - 0x00007ff87fde2000 	C:\Windows\System32\win32u.dll
0x00007ff868550000 - 0x00007ff8687ea000 	C:\Windows\WinSxS\amd64_microsoft.windows.common-controls_6595b64144ccf1df_6.0.19041.1110_none_60b5254171f9507e\COMCTL32.dll
0x00007ff880780000 - 0x00007ff8807ab000 	C:\Windows\System32\GDI32.dll
0x00007ff8806e0000 - 0x00007ff88077e000 	C:\Windows\System32\msvcrt.dll
0x00007ff87f990000 - 0x00007ff87fa9f000 	C:\Windows\System32\gdi32full.dll
0x00007ff87fd20000 - 0x00007ff87fdbd000 	C:\Windows\System32\msvcp_win.dll
0x00007ff8818c0000 - 0x00007ff8818f0000 	C:\Windows\System32\IMM32.DLL
0x00007ff8791f0000 - 0x00007ff8791fc000 	D:\Spring Tool Suite 4\sts-4.16.0.RELEASE\plugins\org.eclipse.justj.openjdk.hotspot.jre.full.win32.x86_64_17.0.4.v20220903-1038\jre\bin\vcruntime140_1.dll
0x00007ff85d340000 - 0x00007ff85d3d1000 	D:\Spring Tool Suite 4\sts-4.16.0.RELEASE\plugins\org.eclipse.justj.openjdk.hotspot.jre.full.win32.x86_64_17.0.4.v20220903-1038\jre\bin\msvcp140.dll
0x00007ff833b50000 - 0x00007ff834796000 	D:\Spring Tool Suite 4\sts-4.16.0.RELEASE\plugins\org.eclipse.justj.openjdk.hotspot.jre.full.win32.x86_64_17.0.4.v20220903-1038\jre\bin\server\jvm.dll
0x00007ff8804d0000 - 0x00007ff88057e000 	C:\Windows\System32\ADVAPI32.dll
0x00007ff881a10000 - 0x00007ff881aac000 	C:\Windows\System32\sechost.dll
0x00007ff880db0000 - 0x00007ff880ed4000 	C:\Windows\System32\RPCRT4.dll
0x00007ff8818a0000 - 0x00007ff8818a8000 	C:\Windows\System32\PSAPI.DLL
0x00007ff86df60000 - 0x00007ff86df69000 	C:\Windows\SYSTEM32\WSOCK32.dll
0x00007ff87a060000 - 0x00007ff87a087000 	C:\Windows\SYSTEM32\WINMM.dll
0x00007ff87a640000 - 0x00007ff87a64a000 	C:\Windows\SYSTEM32\VERSION.dll
0x00007ff8808f0000 - 0x00007ff88095b000 	C:\Windows\System32\WS2_32.dll
0x00007ff87d9f0000 - 0x00007ff87da02000 	C:\Windows\SYSTEM32\kernel.appcore.dll
0x00007ff87ba00000 - 0x00007ff87ba0a000 	D:\Spring Tool Suite 4\sts-4.16.0.RELEASE\plugins\org.eclipse.justj.openjdk.hotspot.jre.full.win32.x86_64_17.0.4.v20220903-1038\jre\bin\jimage.dll
0x00007ff87d5a0000 - 0x00007ff87d784000 	C:\Windows\SYSTEM32\DBGHELP.DLL
0x00007ff875250000 - 0x00007ff875285000 	C:\Windows\SYSTEM32\dbgcore.DLL
0x00007ff880120000 - 0x00007ff8801a2000 	C:\Windows\System32\bcryptPrimitives.dll
0x00007ff865e10000 - 0x00007ff865e35000 	D:\Spring Tool Suite 4\sts-4.16.0.RELEASE\plugins\org.eclipse.justj.openjdk.hotspot.jre.full.win32.x86_64_17.0.4.v20220903-1038\jre\bin\java.dll
0x00007ff866a80000 - 0x00007ff866a98000 	D:\Spring Tool Suite 4\sts-4.16.0.RELEASE\plugins\org.eclipse.justj.openjdk.hotspot.jre.full.win32.x86_64_17.0.4.v20220903-1038\jre\bin\zip.dll
0x00007ff880ee0000 - 0x00007ff881625000 	C:\Windows\System32\SHELL32.dll
0x00007ff87da10000 - 0x00007ff87e1a2000 	C:\Windows\SYSTEM32\windows.storage.dll
0x00007ff880960000 - 0x00007ff880cb5000 	C:\Windows\System32\combase.dll
0x00007ff87f310000 - 0x00007ff87f340000 	C:\Windows\SYSTEM32\Wldp.dll
0x00007ff881ff0000 - 0x00007ff88209d000 	C:\Windows\System32\SHCORE.dll
0x00007ff880620000 - 0x00007ff880675000 	C:\Windows\System32\shlwapi.dll
0x00007ff87f8d0000 - 0x00007ff87f8ef000 	C:\Windows\SYSTEM32\profapi.dll
0x00007ff865df0000 - 0x00007ff865e09000 	D:\Spring Tool Suite 4\sts-4.16.0.RELEASE\plugins\org.eclipse.justj.openjdk.hotspot.jre.full.win32.x86_64_17.0.4.v20220903-1038\jre\bin\net.dll
0x00007ff8794f0000 - 0x00007ff8795fa000 	C:\Windows\SYSTEM32\WINHTTP.dll
0x00007ff87f0f0000 - 0x00007ff87f15a000 	C:\Windows\system32\mswsock.dll
0x00007ff865dd0000 - 0x00007ff865de5000 	D:\Spring Tool Suite 4\sts-4.16.0.RELEASE\plugins\org.eclipse.justj.openjdk.hotspot.jre.full.win32.x86_64_17.0.4.v20220903-1038\jre\bin\nio.dll
0x00007ff869e50000 - 0x00007ff869e59000 	D:\Spring Tool Suite 4\sts-4.16.0.RELEASE\plugins\org.eclipse.justj.openjdk.hotspot.jre.full.win32.x86_64_17.0.4.v20220903-1038\jre\bin\management.dll
0x00007ff869e40000 - 0x00007ff869e4b000 	D:\Spring Tool Suite 4\sts-4.16.0.RELEASE\plugins\org.eclipse.justj.openjdk.hotspot.jre.full.win32.x86_64_17.0.4.v20220903-1038\jre\bin\management_ext.dll
0x00007ff868010000 - 0x00007ff868027000 	C:\Windows\system32\napinsp.dll
0x00007ff875300000 - 0x00007ff87531b000 	C:\Windows\system32\pnrpnsp.dll
0x00007ff868030000 - 0x00007ff868045000 	C:\Windows\system32\wshbth.dll
0x00007ff87aec0000 - 0x00007ff87aedd000 	C:\Windows\system32\NLAapi.dll
0x00007ff87edb0000 - 0x00007ff87edeb000 	C:\Windows\SYSTEM32\IPHLPAPI.DLL
0x00007ff87ee00000 - 0x00007ff87eecb000 	C:\Windows\SYSTEM32\DNSAPI.dll
0x00007ff8818b0000 - 0x00007ff8818b8000 	C:\Windows\System32\NSI.dll
0x00007ff878880000 - 0x00007ff878892000 	C:\Windows\System32\winrnr.dll
0x00007ff86ef50000 - 0x00007ff86ef5a000 	C:\Windows\System32\rasadhlp.dll
0x00007ff86f190000 - 0x00007ff86f210000 	C:\Windows\System32\fwpuclnt.dll
0x00007ff8802b0000 - 0x00007ff8802d7000 	C:\Windows\System32\bcrypt.dll
0x00007ff87f4b0000 - 0x00007ff87f4c8000 	C:\Windows\SYSTEM32\CRYPTSP.dll
0x00007ff87e9c0000 - 0x00007ff87e9f4000 	C:\Windows\system32\rsaenh.dll
0x00007ff87f890000 - 0x00007ff87f8be000 	C:\Windows\SYSTEM32\USERENV.dll
0x00007ff87f280000 - 0x00007ff87f28c000 	C:\Windows\SYSTEM32\CRYPTBASE.dll
0x00007ff879fa0000 - 0x00007ff879fb7000 	C:\Windows\SYSTEM32\dhcpcsvc6.DLL
0x00007ff879f80000 - 0x00007ff879f9d000 	C:\Windows\SYSTEM32\dhcpcsvc.DLL
0x00007ff87b130000 - 0x00007ff87b140000 	D:\Spring Tool Suite 4\sts-4.16.0.RELEASE\plugins\org.eclipse.justj.openjdk.hotspot.jre.full.win32.x86_64_17.0.4.v20220903-1038\jre\bin\verify.dll
0x00007ff87b050000 - 0x00007ff87b05e000 	D:\Spring Tool Suite 4\sts-4.16.0.RELEASE\plugins\org.eclipse.justj.openjdk.hotspot.jre.full.win32.x86_64_17.0.4.v20220903-1038\jre\bin\sunmscapi.dll
0x00007ff87fbc0000 - 0x00007ff87fd16000 	C:\Windows\System32\CRYPT32.dll
0x00007ff87f380000 - 0x00007ff87f3a7000 	C:\Windows\SYSTEM32\ncrypt.dll
0x00007ff87f340000 - 0x00007ff87f37b000 	C:\Windows\SYSTEM32\NTASN1.dll
0x00007ff869e20000 - 0x00007ff869e27000 	C:\Windows\system32\wshunix.dll

dbghelp: loaded successfully - version: 4.0.5 - missing functions: none
symbol engine: initialized successfully - sym options: 0x614 - pdb path: .;D:\Spring Tool Suite 4\sts-4.16.0.RELEASE\plugins\org.eclipse.justj.openjdk.hotspot.jre.full.win32.x86_64_17.0.4.v20220903-1038\jre\bin;C:\Windows\SYSTEM32;C:\Program Files\Avast Software\Avast;C:\Windows\WinSxS\amd64_microsoft.windows.common-controls_6595b64144ccf1df_6.0.19041.1110_none_60b5254171f9507e;D:\Spring Tool Suite 4\sts-4.16.0.RELEASE\plugins\org.eclipse.justj.openjdk.hotspot.jre.full.win32.x86_64_17.0.4.v20220903-1038\jre\bin\server

VM Arguments:
jvm_args: -Dcom.sun.management.jmxremote -Dcom.sun.management.jmxremote.port=53522 -Dcom.sun.management.jmxremote.authenticate=false -Dcom.sun.management.jmxremote.ssl=false -Djava.rmi.server.hostname=localhost -Dspring.jmx.enabled=true -Dspring.application.admin.enabled=true -XX:TieredStopAtLevel=1 -Dspring.boot.project.name=ordo -Dfile.encoding=UTF-8 -XX:+ShowCodeDetailsInExceptionMessages 
java_command: com.sivo.app.OrdoApplication --spring.output.ansi.enabled=always
java_class_path (initial): C:\Users\anesy\Documents\workspace-spring-tool-suite-4-4.16.0.RELEASE\Print Management\ordo\target\classes;C:\Users\anesy\.m2\repository\org\springframework\boot\spring-boot-starter-data-jdbc\2.4.2\spring-boot-starter-data-jdbc-2.4.2.jar;C:\Users\anesy\.m2\repository\org\springframework\boot\spring-boot-starter-jdbc\2.4.2\spring-boot-starter-jdbc-2.4.2.jar;C:\Users\anesy\.m2\repository\com\zaxxer\HikariCP\3.4.5\HikariCP-3.4.5.jar;C:\Users\anesy\.m2\repository\org\springframework\spring-jdbc\5.3.3\spring-jdbc-5.3.3.jar;C:\Users\anesy\.m2\repository\org\springframework\data\spring-data-jdbc\2.1.3\spring-data-jdbc-2.1.3.jar;C:\Users\anesy\.m2\repository\org\springframework\data\spring-data-relational\2.1.3\spring-data-relational-2.1.3.jar;C:\Users\anesy\.m2\repository\org\springframework\data\spring-data-commons\2.4.3\spring-data-commons-2.4.3.jar;C:\Users\anesy\.m2\repository\org\springframework\spring-tx\5.3.3\spring-tx-5.3.3.jar;C:\Users\anesy\.m2\repository\org\springframework\spring-context\5.3.3\spring-context-5.3.3.jar;C:\Users\anesy\.m2\repository\org\springframework\spring-beans\5.3.3\spring-beans-5.3.3.jar;C:\Users\anesy\.m2\repository\org\springframework\boot\spring-boot-starter-data-jpa\2.4.2\spring-boot-starter-data-jpa-2.4.2.jar;C:\Users\anesy\.m2\repository\org\springframework\boot\spring-boot-starter-aop\2.4.2\spring-boot-starter-aop-2.4.2.jar;C:\Users\anesy\.m2\repository\org\springframework\spring-aop\5.3.3\spring-aop-5.3.3.jar;C:\Users\anesy\.m2\repository\org\aspectj\aspectjweaver\1.9.6\aspectjweaver-1.9.6.jar;C:\Users\anesy\.m2\repository\jakarta\transaction\jakarta.transaction-api\1.3.3\jakarta.transaction-api-1.3.3.jar;C:\Users\anesy\.m2\repository\jakarta\persistence\jakarta.persistence-api\2.2.3\jakarta.persistence-api-2.2.3.jar;C:\Users\anesy\.m2\repository\org\hibernate\hibernate-core\5.4.27.Final\hibernate-core-5.4.27.Final.jar;C:\Users\anesy\.m2\repository\org\jboss\logging\jboss-logging\3.4.1.Final\jboss-loggin
Launcher Type: SUN_STANDARD

[Global flags]
     intx CICompilerCount                          = 4                                         {product} {ergonomic}
     uint ConcGCThreads                            = 2                                         {product} {ergonomic}
     uint G1ConcRefinementThreads                  = 8                                         {product} {ergonomic}
   size_t G1HeapRegionSize                         = 1048576                                   {product} {ergonomic}
    uintx GCDrainStackTargetSize                   = 64                                        {product} {ergonomic}
   size_t InitialHeapSize                          = 134217728                                 {product} {ergonomic}
     bool ManagementServer                         = true                                      {product} {command line}
   size_t MarkStackSize                            = 4194304                                   {product} {ergonomic}
   size_t MaxHeapSize                              = 2124414976                                {product} {ergonomic}
   size_t MaxNewSize                               = 1274019840                                {product} {ergonomic}
   size_t MinHeapDeltaBytes                        = 1048576                                   {product} {ergonomic}
   size_t MinHeapSize                              = 8388608                                   {product} {ergonomic}
    uintx NonProfiledCodeHeapSize                  = 0                                      {pd product} {ergonomic}
     bool ProfileInterpreter                       = false                                  {pd product} {command line}
    uintx ProfiledCodeHeapSize                     = 0                                      {pd product} {ergonomic}
     bool ShowCodeDetailsInExceptionMessages       = true                                   {manageable} {command line}
   size_t SoftMaxHeapSize                          = 2124414976                             {manageable} {ergonomic}
     intx TieredStopAtLevel                        = 1                                         {product} {command line}
     bool UseCompressedClassPointers               = true                           {product lp64_product} {ergonomic}
     bool UseCompressedOops                        = true                           {product lp64_product} {ergonomic}
     bool UseG1GC                                  = true                                      {product} {ergonomic}
     bool UseLargePagesIndividualAllocation        = false                                  {pd product} {ergonomic}

Logging:
Log output configuration:
 #0: stdout all=warning uptime,level,tags
 #1: stderr all=off uptime,level,tags

Environment Variables:
PATH=D:/Spring Tool Suite 4/sts-4.16.0.RELEASE//plugins/org.eclipse.justj.openjdk.hotspot.jre.full.win32.x86_64_17.0.4.v20220903-1038/jre/bin/server;D:/Spring Tool Suite 4/sts-4.16.0.RELEASE//plugins/org.eclipse.justj.openjdk.hotspot.jre.full.win32.x86_64_17.0.4.v20220903-1038/jre/bin;C:\Program Files (x86)\VMware\VMware Workstation\bin\;C:\Program Files\Common Files\Oracle\Java\javapath;C:\Windows\system32;C:\Windows;C:\Windows\System32\Wbem;C:\Windows\System32\WindowsPowerShell\v1.0\;C:\Windows\System32\OpenSSH\;C:\Program Files\Microsoft SQL Server\Client SDK\ODBC\130\Tools\Binn\;C:\Program Files (x86)\Microsoft SQL Server\140\Tools\Binn\;C:\Program Files\Microsoft SQL Server\140\Tools\Binn\;C:\Program Files\Microsoft SQL Server\140\DTS\Binn\;C:\Program Files\Microsoft SQL Server\130\Tools\Binn\;C:\Program Files (x86)\Microsoft SQL Server\150\DTS\Binn\;C:\Program Files\Azure Data Studio\bin;C:\Program Files (x86)\Microsoft SQL Server\110\DTS\Binn\;C:\Program Files (x86)\Microsoft SQL Server\120\DTS\Binn\;C:\Program Files (x86)\Microsoft SQL Server\130\DTS\Binn\;C:\Program Files (x86)\Microsoft SQL Server\140\DTS\Binn\;C:\Program Files\nodejs\;C:\Program Files\Git\cmd;C:\Program Files\Docker\Docker\resources\bin;D:\Maven\apache-maven-3.8.6\bin;C:\Program Files\php-8.1.13;D:\Xampp\php;C:\ProgramData\ComposerSetup\bin;C:\Program Files\MySQL\MySQL Shell 8.0\bin\;C:\Users\anesy\AppData\Local\Microsoft\WindowsApps;C:\Program Files\Azure Data Studio\bin;C:\Users\anesy\AppData\Local\Programs\Microsoft VS Code\bin;C:\Users\anesy\AppData\Roaming\npm;C:\Users\anesy\AppData\Local\GitHubDesktop\bin;C:\Program Files\curl-7.86.0_2-win64-mingw\bin;C:\Users\anesy\AppData\Roaming\Composer\vendor\bin;D:\Spring Tool Suite 4\sts-4.16.0.RELEASE;
USERNAME=anesy
OS=Windows_NT
PROCESSOR_IDENTIFIER=Intel64 Family 6 Model 142 Stepping 10, GenuineIntel
TMP=C:\Users\anesy\AppData\Local\Temp
TEMP=C:\Users\anesy\AppData\Local\Temp



---------------  S Y S T E M  ---------------

OS:
 Windows 10 , 64 bit Build 19041 (10.0.19041.2546)
OS uptime: 10 days 10:09 hours
Hyper-V role detected

CPU: total 8 (initial active 8) (4 cores per cpu, 2 threads per core) family 6 model 142 stepping 10 microcode 0xb4, cx8, cmov, fxsr, ht, mmx, 3dnowpref, sse, sse2, sse3, ssse3, sse4.1, sse4.2, popcnt, lzcnt, tsc, tscinvbit, avx, avx2, aes, erms, clmul, bmi1, bmi2, adx, fma, vzeroupper, clflush, clflushopt, hv

Memory: 4k page, system-wide physical 8101M (1209M free)
TotalPageFile size 9496M (AvailPageFile size 165M)
current process WorkingSet (physical memory assigned to process): 438M, peak: 438M
current process commit charge ("private bytes"): 480M, peak: 818M

vm_info: OpenJDK 64-Bit Server VM (17.0.4.1+1) for windows-amd64 JRE (17.0.4.1+1), built on Aug 17 2022 07:42:43 by "temurin" with MS VC++ 16.7 (VS2019)

END.
