#
# There is insufficient memory for the Java Runtime Environment to continue.
# Native memory allocation (mmap) failed to map 13631488 bytes for G1 virtual space
# Possible reasons:
#   The system is out of physical RAM or swap space
#   The process is running with CompressedOops enabled, and the Java Heap may be blocking the growth of the native heap
# Possible solutions:
#   Reduce memory load on the system
#   Increase physical memory or swap space
#   Check if swap backing store is full
#   Decrease Java heap size (-Xmx/-Xms)
#   Decrease number of Java threads
#   Decrease Java thread stack sizes (-Xss)
#   Set larger code cache with -XX:ReservedCodeCacheSize=
#   JVM is running with Unscaled Compressed Oops mode in which the Java heap is
#     placed in the first 4GB address space. The Java Heap base address is the
#     maximum limit for the native heap growth. Please use -XX:HeapBaseMinAddress
#     to set the Java Heap base and to place the Java Heap above 4GB virtual address.
# This output file may be truncated or incomplete.
#
#  Out of Memory Error (os_windows.cpp:3541), pid=2440, tid=5896
#
# JRE version: OpenJDK Runtime Environment Temurin-17.0.4.1+1 (17.0.4.1+1) (build 17.0.4.1+1)
# Java VM: OpenJDK 64-Bit Server VM Temurin-17.0.4.1+1 (17.0.4.1+1, mixed mode, emulated-client, tiered, compressed oops, compressed class ptrs, g1 gc, windows-amd64)
# No core dump will be written. Minidumps are not enabled by default on client versions of Windows
#

---------------  S U M M A R Y ------------

Command Line: -Dcom.sun.management.jmxremote -Dcom.sun.management.jmxremote.port=49738 -Dcom.sun.management.jmxremote.authenticate=false -Dcom.sun.management.jmxremote.ssl=false -Djava.rmi.server.hostname=localhost -Dspring.jmx.enabled=true -Dspring.application.admin.enabled=true -XX:TieredStopAtLevel=1 -Dspring.boot.project.name=resource-service -Dfile.encoding=UTF-8 -XX:+ShowCodeDetailsInExceptionMessages com.sivo.app.ResourceServiceApplication --spring.output.ansi.enabled=always

Host: Intel(R) Core(TM) i5-8250U CPU @ 1.60GHz, 8 cores, 7G,  Windows 10 , 64 bit Build 19041 (10.0.19041.2546)
Time: Thu Mar 16 19:56:04 2023 Afr. centrale Ouest elapsed time: 385.994369 seconds (0d 0h 6m 25s)

---------------  T H R E A D  ---------------

Current thread (0x0000023243525950):  VMThread "VM Thread" [stack: 0x000000c205f00000,0x000000c206000000] [id=5896]

Stack: [0x000000c205f00000,0x000000c206000000]
Native frames: (J=compiled Java code, j=interpreted, Vv=VM code, C=native code)
V  [jvm.dll+0x67731a]
V  [jvm.dll+0x832284]
V  [jvm.dll+0x833a2e]
V  [jvm.dll+0x834093]
V  [jvm.dll+0x245775]
V  [jvm.dll+0x674209]
V  [jvm.dll+0x668a92]
V  [jvm.dll+0x30471b]
V  [jvm.dll+0x30bc66]
V  [jvm.dll+0x35ba9e]
V  [jvm.dll+0x35bccf]
V  [jvm.dll+0x2db5b8]
V  [jvm.dll+0x2d986c]
V  [jvm.dll+0x2d8e3c]
V  [jvm.dll+0x31cd9b]
V  [jvm.dll+0x83853b]
V  [jvm.dll+0x839274]
V  [jvm.dll+0x83978c]
V  [jvm.dll+0x839b64]
V  [jvm.dll+0x839c30]
V  [jvm.dll+0x7e240a]
V  [jvm.dll+0x6761a5]
C  [ucrtbase.dll+0x21bb2]
C  [KERNEL32.DLL+0x17614]
C  [ntdll.dll+0x526a1]

VM_Operation (0x000000c206cfe6a0): G1CollectForAllocation, mode: safepoint, requested by thread 0x0000023249033d60


---------------  P R O C E S S  ---------------

Threads class SMR info:
_java_thread_list=0x00000232464f7470, length=35, elements={
0x0000023244013260, 0x000002324352b4b0, 0x0000023243504c70, 0x0000023243506940,
0x00000232435072f0, 0x000002324350b1a0, 0x000002324350bc00, 0x0000023244036020,
0x000002324416f2f0, 0x0000023244214e80, 0x00000232446df280, 0x0000023244721d30,
0x0000023244729270, 0x00000232458de1f0, 0x0000023245962310, 0x0000023245963b20,
0x0000023249034700, 0x0000023249033d60, 0x0000023249031210, 0x0000023249034230,
0x0000023249030d40, 0x0000023249034bd0, 0x000002324902f530, 0x00000232490350a0,
0x00000232490333c0, 0x00000232490303a0, 0x0000023249030870, 0x0000023249032550,
0x0000023249035a40, 0x0000023249033890, 0x0000023249031bb0, 0x00000232490363e0,
0x00000232490316e0, 0x000002324902fed0, 0x0000023249032080
}

Java Threads: ( => current thread )
  0x0000023244013260 JavaThread "Reference Handler" daemon [_thread_blocked, id=5008, stack(0x000000c206000000,0x000000c206100000)]
  0x000002324352b4b0 JavaThread "Finalizer" daemon [_thread_blocked, id=14536, stack(0x000000c206100000,0x000000c206200000)]
  0x0000023243504c70 JavaThread "Signal Dispatcher" daemon [_thread_blocked, id=10316, stack(0x000000c206200000,0x000000c206300000)]
  0x0000023243506940 JavaThread "Attach Listener" daemon [_thread_blocked, id=5276, stack(0x000000c206300000,0x000000c206400000)]
  0x00000232435072f0 JavaThread "Service Thread" daemon [_thread_blocked, id=8860, stack(0x000000c206400000,0x000000c206500000)]
  0x000002324350b1a0 JavaThread "Monitor Deflation Thread" daemon [_thread_blocked, id=15744, stack(0x000000c206500000,0x000000c206600000)]
  0x000002324350bc00 JavaThread "C1 CompilerThread0" daemon [_thread_blocked, id=12676, stack(0x000000c206600000,0x000000c206700000)]
  0x0000023244036020 JavaThread "Sweeper thread" daemon [_thread_blocked, id=1072, stack(0x000000c206700000,0x000000c206800000)]
  0x000002324416f2f0 JavaThread "Common-Cleaner" daemon [_thread_blocked, id=16020, stack(0x000000c206800000,0x000000c206900000)]
  0x0000023244214e80 JavaThread "Notification Thread" daemon [_thread_blocked, id=15292, stack(0x000000c206b00000,0x000000c206c00000)]
  0x00000232446df280 JavaThread "RMI TCP Accept-0" daemon [_thread_in_native, id=11784, stack(0x000000c206d00000,0x000000c206e00000)]
  0x0000023244721d30 JavaThread "RMI TCP Accept-49738" daemon [_thread_in_native, id=14028, stack(0x000000c206e00000,0x000000c206f00000)]
  0x0000023244729270 JavaThread "RMI TCP Accept-0" daemon [_thread_in_native, id=15580, stack(0x000000c206f00000,0x000000c207000000)]
  0x00000232458de1f0 JavaThread "RMI Scheduler(0)" daemon [_thread_blocked, id=16264, stack(0x000000c207d00000,0x000000c207e00000)]
  0x0000023245962310 JavaThread "mysql-cj-abandoned-connection-cleanup" daemon [_thread_blocked, id=6228, stack(0x000000c208400000,0x000000c208500000)]
  0x0000023245963b20 JavaThread "Live Reload Server" daemon [_thread_in_native, id=14476, stack(0x000000c208a00000,0x000000c208b00000)]
  0x0000023249034700 JavaThread "DestroyJavaVM" [_thread_blocked, id=10544, stack(0x000000c205900000,0x000000c205a00000)]
  0x0000023249033d60 JavaThread "File Watcher" daemon [_thread_blocked, id=11508, stack(0x000000c206c00000,0x000000c206d00000)]
  0x0000023249031210 JavaThread "Catalina-utility-1" [_thread_blocked, id=14524, stack(0x000000c207b00000,0x000000c207c00000)]
  0x0000023249034230 JavaThread "Catalina-utility-2" [_thread_blocked, id=11464, stack(0x000000c207c00000,0x000000c207d00000)]
  0x0000023249030d40 JavaThread "container-1" [_thread_blocked, id=10112, stack(0x000000c207e00000,0x000000c207f00000)]
  0x0000023249034bd0 JavaThread "HikariPool-2 housekeeper" daemon [_thread_blocked, id=9088, stack(0x000000c207f00000,0x000000c208000000)]
  0x000002324902f530 JavaThread "File Watcher" daemon [_thread_blocked, id=13076, stack(0x000000c208200000,0x000000c208300000)]
  0x00000232490350a0 JavaThread "http-nio-8081-exec-1" daemon [_thread_blocked, id=10396, stack(0x000000c208300000,0x000000c208400000)]
  0x00000232490333c0 JavaThread "http-nio-8081-exec-2" daemon [_thread_blocked, id=10664, stack(0x000000c208500000,0x000000c208600000)]
  0x00000232490303a0 JavaThread "http-nio-8081-exec-3" daemon [_thread_blocked, id=12420, stack(0x000000c208600000,0x000000c208700000)]
  0x0000023249030870 JavaThread "http-nio-8081-exec-4" daemon [_thread_blocked, id=15488, stack(0x000000c208700000,0x000000c208800000)]
  0x0000023249032550 JavaThread "http-nio-8081-exec-5" daemon [_thread_blocked, id=13180, stack(0x000000c208800000,0x000000c208900000)]
  0x0000023249035a40 JavaThread "http-nio-8081-exec-6" daemon [_thread_blocked, id=2736, stack(0x000000c208900000,0x000000c208a00000)]
  0x0000023249033890 JavaThread "http-nio-8081-exec-7" daemon [_thread_blocked, id=9064, stack(0x000000c208b00000,0x000000c208c00000)]
  0x0000023249031bb0 JavaThread "http-nio-8081-exec-8" daemon [_thread_blocked, id=11256, stack(0x000000c208c00000,0x000000c208d00000)]
  0x00000232490363e0 JavaThread "http-nio-8081-exec-9" daemon [_thread_blocked, id=14204, stack(0x000000c208d00000,0x000000c208e00000)]
  0x00000232490316e0 JavaThread "http-nio-8081-exec-10" daemon [_thread_blocked, id=5648, stack(0x000000c208e00000,0x000000c208f00000)]
  0x000002324902fed0 JavaThread "http-nio-8081-Poller" daemon [_thread_in_native, id=13588, stack(0x000000c208f00000,0x000000c209000000)]
  0x0000023249032080 JavaThread "http-nio-8081-Acceptor" daemon [_thread_in_native, id=9380, stack(0x000000c209000000,0x000000c209100000)]

Other Threads:
=>0x0000023243525950 VMThread "VM Thread" [stack: 0x000000c205f00000,0x000000c206000000] [id=5896]
  0x0000023233744170 WatcherThread [stack: 0x000000c207000000,0x000000c207100000] [id=11796]
  0x000002323379f7e0 GCTaskThread "GC Thread#0" [stack: 0x000000c205a00000,0x000000c205b00000] [id=12192]
  0x0000023244b82990 GCTaskThread "GC Thread#1" [stack: 0x000000c207100000,0x000000c207200000] [id=14668]
  0x0000023244b67fd0 GCTaskThread "GC Thread#2" [stack: 0x000000c207200000,0x000000c207300000] [id=600]
  0x0000023244bdc8c0 GCTaskThread "GC Thread#3" [stack: 0x000000c207300000,0x000000c207400000] [id=3148]
  0x0000023244bdcb70 GCTaskThread "GC Thread#4" [stack: 0x000000c207400000,0x000000c207500000] [id=13560]
  0x0000023244be0e30 GCTaskThread "GC Thread#5" [stack: 0x000000c207500000,0x000000c207600000] [id=11684]
  0x0000023244be10e0 GCTaskThread "GC Thread#6" [stack: 0x000000c207600000,0x000000c207700000] [id=1396]
  0x0000023244be1390 GCTaskThread "GC Thread#7" [stack: 0x000000c207700000,0x000000c207800000] [id=6792]
  0x00000232337b0c00 ConcurrentGCThread "G1 Main Marker" [stack: 0x000000c205b00000,0x000000c205c00000] [id=13348]
  0x00000232337b1610 ConcurrentGCThread "G1 Conc#0" [stack: 0x000000c205c00000,0x000000c205d00000] [id=10376]
  0x0000023245a3c260 ConcurrentGCThread "G1 Conc#1" [stack: 0x000000c208100000,0x000000c208200000] [id=6180]
  0x0000023233807930 ConcurrentGCThread "G1 Refine#0" [stack: 0x000000c205d00000,0x000000c205e00000] [id=14808]
  0x0000023244bb6400 ConcurrentGCThread "G1 Refine#1" [stack: 0x000000c207800000,0x000000c207900000] [id=14608]
  0x0000023244b689a0 ConcurrentGCThread "G1 Refine#2" [stack: 0x000000c207900000,0x000000c207a00000] [id=16080]
  0x0000023233808350 ConcurrentGCThread "G1 Service" [stack: 0x000000c205e00000,0x000000c205f00000] [id=10472]

Threads with active compile tasks:

VM state: at safepoint (normal execution)

VM Mutex/Monitor currently owned by a thread:  ([mutex/lock_event])
[0x000002323373e620] Threads_lock - owner thread: 0x0000023243525950
[0x000002323373ebc0] Heap_lock - owner thread: 0x0000023249033d60

Heap address: 0x0000000081600000, size: 2026 MB, Compressed Oops mode: 32-bit

CDS archive(s) not mapped
Compressed class space mapped at: 0x0000000100000000-0x0000000140000000, reserved size: 1073741824
Narrow klass base: 0x0000000000000000, Narrow klass shift: 3, Narrow klass range: 0x140000000

GC Precious Log:
 CPUs: 8 total, 8 available
 Memory: 8101M
 Large Page Support: Disabled
 NUMA Support: Disabled
 Compressed Oops: Enabled (32-bit)
 Heap Region Size: 1M
 Heap Min Capacity: 8M
 Heap Initial Capacity: 128M
 Heap Max Capacity: 2026M
 Pre-touch: Disabled
 Parallel Workers: 8
 Concurrent Workers: 2
 Concurrent Refinement Workers: 8
 Periodic GC: Disabled

Heap:
 garbage-first heap   total 65536K, used 25993K [0x0000000081600000, 0x0000000100000000)
  region size 1024K, 3 young (3072K), 3 survivors (3072K)
 Metaspace       used 64820K, committed 65216K, reserved 1105920K
  class space    used 8733K, committed 8960K, reserved 1048576K

Heap Regions: E=young(eden), S=young(survivor), O=old, HS=humongous(starts), HC=humongous(continues), CS=collection set, F=free, OA=open archive, CA=closed archive, TAMS=top-at-mark-start (previous, next)
|   0|0x0000000081600000, 0x0000000081700000, 0x0000000081700000|100%|HS|  |TAMS 0x0000000081700000, 0x0000000081600000| Untracked 
|   1|0x0000000081700000, 0x0000000081800000, 0x0000000081800000|100%| O|  |TAMS 0x0000000081800000, 0x0000000081700000| Untracked 
|   2|0x0000000081800000, 0x00000000818fff20, 0x0000000081900000| 99%| O|  |TAMS 0x0000000081800000, 0x0000000081800000| Untracked 
|   3|0x0000000081900000, 0x00000000819fffd8, 0x0000000081a00000| 99%| O|  |TAMS 0x0000000081900000, 0x0000000081900000| Untracked 
|   4|0x0000000081a00000, 0x0000000081afffe8, 0x0000000081b00000| 99%| O|  |TAMS 0x0000000081a00000, 0x0000000081a00000| Untracked 
|   5|0x0000000081b00000, 0x0000000081bffff0, 0x0000000081c00000| 99%| O|  |TAMS 0x0000000081b00000, 0x0000000081b00000| Untracked 
|   6|0x0000000081c00000, 0x0000000081d00000, 0x0000000081d00000|100%| O|  |TAMS 0x0000000081d00000, 0x0000000081c00000| Untracked 
|   7|0x0000000081d00000, 0x0000000081dffff8, 0x0000000081e00000| 99%| O|  |TAMS 0x0000000081d00000, 0x0000000081d00000| Untracked 
|   8|0x0000000081e00000, 0x0000000081effff0, 0x0000000081f00000| 99%| O|  |TAMS 0x0000000081e00000, 0x0000000081e00000| Untracked 
|   9|0x0000000081f00000, 0x0000000081fffff8, 0x0000000082000000| 99%| O|  |TAMS 0x0000000081f00000, 0x0000000081f00000| Untracked 
|  10|0x0000000082000000, 0x00000000820f5550, 0x0000000082100000| 95%| O|  |TAMS 0x0000000082000000, 0x0000000082000000| Untracked 
|  11|0x0000000082100000, 0x00000000821c8660, 0x0000000082200000| 78%| O|  |TAMS 0x0000000082100000, 0x0000000082100000| Untracked 
|  12|0x0000000082200000, 0x00000000822fffc8, 0x0000000082300000| 99%| O|  |TAMS 0x0000000082200000, 0x0000000082200000| Untracked 
|  13|0x0000000082300000, 0x0000000082400000, 0x0000000082400000|100%| O|  |TAMS 0x0000000082300000, 0x0000000082300000| Untracked 
|  14|0x0000000082400000, 0x0000000082500000, 0x0000000082500000|100%| O|  |TAMS 0x0000000082400000, 0x0000000082400000| Untracked 
|  15|0x0000000082500000, 0x0000000082600000, 0x0000000082600000|100%| O|  |TAMS 0x0000000082500000, 0x0000000082500000| Untracked 
|  16|0x0000000082600000, 0x0000000082700000, 0x0000000082700000|100%| O|  |TAMS 0x0000000082600000, 0x0000000082600000| Untracked 
|  17|0x0000000082700000, 0x00000000827fffd0, 0x0000000082800000| 99%| O|  |TAMS 0x0000000082700000, 0x0000000082700000| Untracked 
|  18|0x0000000082800000, 0x00000000828fffd8, 0x0000000082900000| 99%| O|  |TAMS 0x0000000082800000, 0x0000000082800000| Untracked 
|  19|0x0000000082900000, 0x00000000829205b0, 0x0000000082a00000| 12%| O|  |TAMS 0x0000000082900000, 0x0000000082900000| Untracked 
|  20|0x0000000082a00000, 0x0000000082ab3f40, 0x0000000082b00000| 70%| O|  |TAMS 0x0000000082a00000, 0x0000000082a00000| Untracked 
|  21|0x0000000082b00000, 0x0000000082bfffb8, 0x0000000082c00000| 99%| O|  |TAMS 0x0000000082b00000, 0x0000000082b00000| Untracked 
|  22|0x0000000082c00000, 0x0000000082c08d48, 0x0000000082d00000|  3%| O|  |TAMS 0x0000000082c00000, 0x0000000082c00000| Untracked 
|  23|0x0000000082d00000, 0x0000000082e00000, 0x0000000082e00000|100%| O|  |TAMS 0x0000000082d00000, 0x0000000082d00000| Untracked 
|  24|0x0000000082e00000, 0x0000000082ef9400, 0x0000000082f00000| 97%| O|  |TAMS 0x0000000082e00000, 0x0000000082e00000| Untracked 
|  25|0x0000000082f00000, 0x0000000082f00000, 0x0000000083000000|  0%| F|  |TAMS 0x0000000082f00000, 0x0000000082f00000| Untracked 
|  26|0x0000000083000000, 0x0000000083000000, 0x0000000083100000|  0%| F|  |TAMS 0x0000000083000000, 0x0000000083000000| Untracked 
|  27|0x0000000083100000, 0x0000000083100000, 0x0000000083200000|  0%| F|  |TAMS 0x0000000083100000, 0x0000000083100000| Untracked 
|  28|0x0000000083200000, 0x0000000083200000, 0x0000000083300000|  0%| F|  |TAMS 0x0000000083200000, 0x0000000083200000| Untracked 
|  29|0x0000000083300000, 0x0000000083300000, 0x0000000083400000|  0%| F|  |TAMS 0x0000000083300000, 0x0000000083300000| Untracked 
|  30|0x0000000083400000, 0x0000000083400000, 0x0000000083500000|  0%| F|  |TAMS 0x0000000083400000, 0x0000000083400000| Untracked 
|  31|0x0000000083500000, 0x0000000083500000, 0x0000000083600000|  0%| F|  |TAMS 0x0000000083500000, 0x0000000083500000| Untracked 
|  32|0x0000000083600000, 0x0000000083600000, 0x0000000083700000|  0%| F|  |TAMS 0x0000000083600000, 0x0000000083600000| Untracked 
|  33|0x0000000083700000, 0x0000000083700000, 0x0000000083800000|  0%| F|  |TAMS 0x0000000083700000, 0x0000000083700000| Untracked 
|  34|0x0000000083800000, 0x0000000083800000, 0x0000000083900000|  0%| F|  |TAMS 0x0000000083800000, 0x0000000083800000| Untracked 
|  35|0x0000000083900000, 0x0000000083900000, 0x0000000083a00000|  0%| F|  |TAMS 0x0000000083900000, 0x0000000083900000| Untracked 
|  36|0x0000000083a00000, 0x0000000083a00000, 0x0000000083b00000|  0%| F|  |TAMS 0x0000000083a00000, 0x0000000083a00000| Untracked 
|  37|0x0000000083b00000, 0x0000000083bce440, 0x0000000083c00000| 80%| S|CS|TAMS 0x0000000083b00000, 0x0000000083b00000| Complete 
|  38|0x0000000083c00000, 0x0000000083d00000, 0x0000000083d00000|100%| S|CS|TAMS 0x0000000083c00000, 0x0000000083c00000| Complete 
|  39|0x0000000083d00000, 0x0000000083e00000, 0x0000000083e00000|100%| S|CS|TAMS 0x0000000083d00000, 0x0000000083d00000| Complete 
|  40|0x0000000083e00000, 0x0000000083e00000, 0x0000000083f00000|  0%| F|  |TAMS 0x0000000083e00000, 0x0000000083e00000| Untracked 
|  41|0x0000000083f00000, 0x0000000083f00000, 0x0000000084000000|  0%| F|  |TAMS 0x0000000083f00000, 0x0000000083f00000| Untracked 
|  42|0x0000000084000000, 0x0000000084000000, 0x0000000084100000|  0%| F|  |TAMS 0x0000000084000000, 0x0000000084000000| Untracked 
|  43|0x0000000084100000, 0x0000000084100000, 0x0000000084200000|  0%| F|  |TAMS 0x0000000084100000, 0x0000000084100000| Untracked 
|  44|0x0000000084200000, 0x0000000084200000, 0x0000000084300000|  0%| F|  |TAMS 0x0000000084200000, 0x0000000084200000| Untracked 
|  45|0x0000000084300000, 0x0000000084300000, 0x0000000084400000|  0%| F|  |TAMS 0x0000000084300000, 0x0000000084300000| Untracked 
|  46|0x0000000084400000, 0x0000000084400000, 0x0000000084500000|  0%| F|  |TAMS 0x0000000084400000, 0x0000000084400000| Untracked 
|  47|0x0000000084500000, 0x0000000084500000, 0x0000000084600000|  0%| F|  |TAMS 0x0000000084500000, 0x0000000084500000| Untracked 
|  48|0x0000000084600000, 0x0000000084600000, 0x0000000084700000|  0%| F|  |TAMS 0x0000000084600000, 0x0000000084600000| Untracked 
|  49|0x0000000084700000, 0x0000000084700000, 0x0000000084800000|  0%| F|  |TAMS 0x0000000084700000, 0x0000000084700000| Untracked 
|  50|0x0000000084800000, 0x0000000084800000, 0x0000000084900000|  0%| F|  |TAMS 0x0000000084800000, 0x0000000084800000| Untracked 
|  51|0x0000000084900000, 0x0000000084900000, 0x0000000084a00000|  0%| F|  |TAMS 0x0000000084900000, 0x0000000084900000| Untracked 
|  52|0x0000000084a00000, 0x0000000084a00000, 0x0000000084b00000|  0%| F|  |TAMS 0x0000000084a00000, 0x0000000084a00000| Untracked 
|  53|0x0000000084b00000, 0x0000000084b00000, 0x0000000084c00000|  0%| F|  |TAMS 0x0000000084b00000, 0x0000000084b00000| Untracked 
|  54|0x0000000084c00000, 0x0000000084c00000, 0x0000000084d00000|  0%| F|  |TAMS 0x0000000084c00000, 0x0000000084c00000| Untracked 
|  55|0x0000000084d00000, 0x0000000084d00000, 0x0000000084e00000|  0%| F|  |TAMS 0x0000000084d00000, 0x0000000084d00000| Untracked 
|  56|0x0000000084e00000, 0x0000000084e00000, 0x0000000084f00000|  0%| F|  |TAMS 0x0000000084e00000, 0x0000000084e00000| Untracked 
|  57|0x0000000084f00000, 0x0000000084f00000, 0x0000000085000000|  0%| F|  |TAMS 0x0000000084f00000, 0x0000000084f00000| Untracked 
|  58|0x0000000085000000, 0x0000000085000000, 0x0000000085100000|  0%| F|  |TAMS 0x0000000085000000, 0x0000000085000000| Untracked 
|  59|0x0000000085100000, 0x0000000085100000, 0x0000000085200000|  0%| F|  |TAMS 0x0000000085100000, 0x0000000085100000| Untracked 
| 123|0x0000000089100000, 0x0000000089100000, 0x0000000089200000|  0%| F|  |TAMS 0x0000000089100000, 0x0000000089100000| Untracked 
| 124|0x0000000089200000, 0x0000000089200000, 0x0000000089300000|  0%| F|  |TAMS 0x0000000089200000, 0x0000000089200000| Untracked 
| 126|0x0000000089400000, 0x0000000089400000, 0x0000000089500000|  0%| F|  |TAMS 0x0000000089400000, 0x0000000089400000| Untracked 
| 127|0x0000000089500000, 0x0000000089500000, 0x0000000089600000|  0%| F|  |TAMS 0x0000000089500000, 0x0000000089500000| Untracked 

Card table byte_map: [0x000002323c2d0000,0x000002323c6d0000] _byte_map_base: 0x000002323bec5000

Marking Bits (Prev, Next): (CMBitMap*) 0x000002323379fdf0, (CMBitMap*) 0x000002323379fe30
 Prev Bits: [0x000002323cad0000, 0x000002323ea78000)
 Next Bits: [0x000002323ea80000, 0x0000023240a28000)

Polling page: 0x0000023233810000

Metaspace:

Usage:
  Non-class:     54.77 MB used.
      Class:      8.53 MB used.
       Both:     63.30 MB used.

Virtual space:
  Non-class space:       56.00 MB reserved,      54.94 MB ( 98%) committed,  7 nodes.
      Class space:        1.00 GB reserved,       8.75 MB ( <1%) committed,  1 nodes.
             Both:        1.05 GB reserved,      63.69 MB (  6%) committed. 

Chunk freelists:
   Non-Class:  973.00 KB
       Class:  3.10 MB
        Both:  4.05 MB

MaxMetaspaceSize: unlimited
CompressedClassSpaceSize: 1.00 GB
Initial GC threshold: 21.00 MB
Current GC threshold: 105.62 MB
CDS: off
MetaspaceReclaimPolicy: balanced
 - commit_granule_bytes: 65536.
 - commit_granule_words: 8192.
 - virtual_space_node_default_size: 1048576.
 - enlarge_chunks_in_place: 1.
 - new_chunks_are_fully_committed: 0.
 - uncommit_free_chunks: 1.
 - use_allocation_guard: 0.
 - handle_deallocations: 1.


Internal statistics:

num_allocs_failed_limit: 9.
num_arena_births: 534.
num_arena_deaths: 136.
num_vsnodes_births: 8.
num_vsnodes_deaths: 0.
num_space_committed: 1019.
num_space_uncommitted: 0.
num_chunks_returned_to_freelist: 183.
num_chunks_taken_from_freelist: 2664.
num_chunk_merges: 64.
num_chunk_splits: 1843.
num_chunks_enlarged: 1438.
num_purges: 2.
num_inconsistent_stats: 0.

CodeCache: size=49152Kb used=10940Kb max_used=11500Kb free=38211Kb
 bounds [0x00000232385f0000, 0x0000023239130000, 0x000002323b5f0000]
 total_blobs=6686 nmethods=6065 adapters=548
 compilation: enabled
              stopped_count=0, restarted_count=0
 full_count=0

Compilation events (20 events):
Event: 326.988 Thread 0x00000232490d63d0 nmethod 6057 0x0000023239127b10 code [0x0000023239127ca0, 0x0000023239127e08]
Event: 326.988 Thread 0x00000232490d63d0 6058       1       org.springframework.jmx.export.assembler.AbstractMBeanInfoAssembler::getClassToExpose (5 bytes)
Event: 326.988 Thread 0x00000232490d63d0 nmethod 6058 0x0000023239127f10 code [0x00000232391280c0, 0x0000023239128268]
Event: 326.988 Thread 0x000002324350bc00 nmethod 6054 0x0000023239128390 code [0x00000232391286c0, 0x00000232391291e8]
Event: 326.988 Thread 0x000002324350bc00 6059       1       org.springframework.jmx.support.JmxUtils::getClassToExpose (5 bytes)
Event: 326.988 Thread 0x000002324350bc00 nmethod 6059 0x0000023239129890 code [0x0000023239129a40, 0x0000023239129bc8]
Event: 326.988 Thread 0x000002324350bc00 6060       1       com.sun.jmx.mbeanserver.MXBeanIntrospector::canUseOpenInfo (71 bytes)
Event: 326.988 Thread 0x000002324350bc00 nmethod 6060 0x0000023239129d10 code [0x0000023239129f00, 0x000002323912a2f8]
Event: 326.996 Thread 0x000002324350bc00 6061       1       org.springframework.context.event.SimpleApplicationEventMulticaster::getErrorHandler (5 bytes)
Event: 326.996 Thread 0x000002324350bc00 nmethod 6061 0x000002323912a510 code [0x000002323912a6a0, 0x000002323912a778]
Event: 326.996 Thread 0x000002324350bc00 6062       1       org.springframework.boot.autoconfigure.condition.ConditionEvaluationReport$$Lambda$1327/0x00000001008a2000::accept (20 bytes)
Event: 326.996 Thread 0x00000232490d63d0 6063       1       org.springframework.boot.autoconfigure.condition.ConditionEvaluationReport::lambda$getDelta$3 (44 bytes)
Event: 326.996 Thread 0x000002324350bc00 nmethod 6062 0x000002323912a810 code [0x000002323912a9a0, 0x000002323912ab08]
Event: 326.997 Thread 0x00000232490d63d0 nmethod 6063 0x000002323912ac10 code [0x000002323912ade0, 0x000002323912afe8]
Event: 346.758 Thread 0x000002324350bc00 6064       1       java.util.TreeSet::iterator (15 bytes)
Event: 346.759 Thread 0x000002324350bc00 nmethod 6064 0x000002323879d310 code [0x000002323879d4c0, 0x000002323879d5d8]
Event: 353.010 Thread 0x000002324350bc00 6065       1       jdk.internal.loader.URLClassPath$FileLoader$1::getURL (5 bytes)
Event: 353.011 Thread 0x000002324350bc00 nmethod 6065 0x000002323879d010 code [0x000002323879d1a0, 0x000002323879d278]
Event: 356.763 Thread 0x000002324350bc00 6066   !   1       org.apache.catalina.core.ContainerBase::findChildren (34 bytes)
Event: 356.763 Thread 0x000002324350bc00 nmethod 6066 0x000002323879ca10 code [0x000002323879cbc0, 0x000002323879ce98]

GC Heap History (20 events):
Event: 4.397 GC heap after
{Heap after GC invocations=13 (full 0):
 garbage-first heap   total 65536K, used 18399K [0x0000000081600000, 0x0000000100000000)
  region size 1024K, 3 young (3072K), 3 survivors (3072K)
 Metaspace       used 42913K, committed 43328K, reserved 1089536K
  class space    used 5595K, committed 5824K, reserved 1048576K
}
Event: 4.947 GC heap before
{Heap before GC invocations=13 (full 0):
 garbage-first heap   total 65536K, used 49119K [0x0000000081600000, 0x0000000100000000)
  region size 1024K, 33 young (33792K), 3 survivors (3072K)
 Metaspace       used 50886K, committed 51200K, reserved 1097728K
  class space    used 6742K, committed 6912K, reserved 1048576K
}
Event: 4.951 GC heap after
{Heap after GC invocations=14 (full 0):
 garbage-first heap   total 65536K, used 20939K [0x0000000081600000, 0x0000000100000000)
  region size 1024K, 5 young (5120K), 5 survivors (5120K)
 Metaspace       used 50886K, committed 51200K, reserved 1097728K
  class space    used 6742K, committed 6912K, reserved 1048576K
}
Event: 5.397 GC heap before
{Heap before GC invocations=14 (full 0):
 garbage-first heap   total 65536K, used 49611K [0x0000000081600000, 0x0000000100000000)
  region size 1024K, 33 young (33792K), 5 survivors (5120K)
 Metaspace       used 55976K, committed 56320K, reserved 1097728K
  class space    used 7483K, committed 7616K, reserved 1048576K
}
Event: 5.406 GC heap after
{Heap after GC invocations=15 (full 0):
 garbage-first heap   total 65536K, used 22700K [0x0000000081600000, 0x0000000100000000)
  region size 1024K, 5 young (5120K), 5 survivors (5120K)
 Metaspace       used 55976K, committed 56320K, reserved 1097728K
  class space    used 7483K, committed 7616K, reserved 1048576K
}
Event: 6.100 GC heap before
{Heap before GC invocations=15 (full 0):
 garbage-first heap   total 65536K, used 49324K [0x0000000081600000, 0x0000000100000000)
  region size 1024K, 31 young (31744K), 5 survivors (5120K)
 Metaspace       used 58810K, committed 59264K, reserved 1105920K
  class space    used 7890K, committed 8128K, reserved 1048576K
}
Event: 6.108 GC heap after
{Heap after GC invocations=16 (full 0):
 garbage-first heap   total 65536K, used 24782K [0x0000000081600000, 0x0000000100000000)
  region size 1024K, 4 young (4096K), 4 survivors (4096K)
 Metaspace       used 58810K, committed 59264K, reserved 1105920K
  class space    used 7890K, committed 8128K, reserved 1048576K
}
Event: 6.447 GC heap before
{Heap before GC invocations=16 (full 0):
 garbage-first heap   total 65536K, used 35022K [0x0000000081600000, 0x0000000100000000)
  region size 1024K, 15 young (15360K), 4 survivors (4096K)
 Metaspace       used 60057K, committed 60480K, reserved 1105920K
  class space    used 8097K, committed 8320K, reserved 1048576K
}
Event: 6.455 GC heap after
{Heap after GC invocations=17 (full 0):
 garbage-first heap   total 65536K, used 26246K [0x0000000081600000, 0x0000000100000000)
  region size 1024K, 2 young (2048K), 2 survivors (2048K)
 Metaspace       used 60057K, committed 60480K, reserved 1105920K
  class space    used 8097K, committed 8320K, reserved 1048576K
}
Event: 187.792 GC heap before
{Heap before GC invocations=18 (full 0):
 garbage-first heap   total 65536K, used 49798K [0x0000000081600000, 0x0000000100000000)
  region size 1024K, 26 young (26624K), 2 survivors (2048K)
 Metaspace       used 64089K, committed 64512K, reserved 1105920K
  class space    used 8626K, committed 8832K, reserved 1048576K
}
Event: 187.799 GC heap after
{Heap after GC invocations=19 (full 0):
 garbage-first heap   total 65536K, used 27195K [0x0000000081600000, 0x0000000100000000)
  region size 1024K, 3 young (3072K), 3 survivors (3072K)
 Metaspace       used 64089K, committed 64512K, reserved 1105920K
  class space    used 8626K, committed 8832K, reserved 1048576K
}
Event: 322.884 GC heap before
{Heap before GC invocations=19 (full 0):
 garbage-first heap   total 65536K, used 33339K [0x0000000081600000, 0x0000000100000000)
  region size 1024K, 10 young (10240K), 3 survivors (3072K)
 Metaspace       used 64451K, committed 64896K, reserved 1105920K
  class space    used 8693K, committed 8960K, reserved 1048576K
}
Event: 322.955 GC heap after
{Heap after GC invocations=20 (full 1):
 garbage-first heap   total 65536K, used 19050K [0x0000000081600000, 0x0000000100000000)
  region size 1024K, 0 young (0K), 0 survivors (0K)
 Metaspace       used 64282K, committed 64896K, reserved 1105920K
  class space    used 8658K, committed 8960K, reserved 1048576K
}
Event: 324.762 GC heap before
{Heap before GC invocations=20 (full 1):
 garbage-first heap   total 65536K, used 48746K [0x0000000081600000, 0x0000000100000000)
  region size 1024K, 29 young (29696K), 0 survivors (0K)
 Metaspace       used 64346K, committed 64896K, reserved 1105920K
  class space    used 8667K, committed 8960K, reserved 1048576K
}
Event: 324.770 GC heap after
{Heap after GC invocations=21 (full 1):
 garbage-first heap   total 65536K, used 22192K [0x0000000081600000, 0x0000000100000000)
  region size 1024K, 4 young (4096K), 4 survivors (4096K)
 Metaspace       used 64346K, committed 64896K, reserved 1105920K
  class space    used 8667K, committed 8960K, reserved 1048576K
}
Event: 326.614 GC heap before
{Heap before GC invocations=21 (full 1):
 garbage-first heap   total 65536K, used 47792K [0x0000000081600000, 0x0000000100000000)
  region size 1024K, 29 young (29696K), 4 survivors (4096K)
 Metaspace       used 64581K, committed 65024K, reserved 1105920K
  class space    used 8709K, committed 8960K, reserved 1048576K
}
Event: 326.617 GC heap after
{Heap after GC invocations=22 (full 1):
 garbage-first heap   total 65536K, used 22137K [0x0000000081600000, 0x0000000100000000)
  region size 1024K, 2 young (2048K), 2 survivors (2048K)
 Metaspace       used 64581K, committed 65024K, reserved 1105920K
  class space    used 8709K, committed 8960K, reserved 1048576K
}
Event: 326.859 GC heap before
{Heap before GC invocations=22 (full 1):
 garbage-first heap   total 65536K, used 48761K [0x0000000081600000, 0x0000000100000000)
  region size 1024K, 28 young (28672K), 2 survivors (2048K)
 Metaspace       used 64764K, committed 65152K, reserved 1105920K
  class space    used 8728K, committed 8960K, reserved 1048576K
}
Event: 326.862 GC heap after
{Heap after GC invocations=23 (full 1):
 garbage-first heap   total 65536K, used 24160K [0x0000000081600000, 0x0000000100000000)
  region size 1024K, 4 young (4096K), 4 survivors (4096K)
 Metaspace       used 64764K, committed 65152K, reserved 1105920K
  class space    used 8728K, committed 8960K, reserved 1048576K
}
Event: 385.982 GC heap before
{Heap before GC invocations=23 (full 1):
 garbage-first heap   total 65536K, used 48736K [0x0000000081600000, 0x0000000100000000)
  region size 1024K, 28 young (28672K), 4 survivors (4096K)
 Metaspace       used 64820K, committed 65216K, reserved 1105920K
  class space    used 8733K, committed 8960K, reserved 1048576K
}

Deoptimization events (12 events):
Event: 1.281 Thread 0x0000023244bb3700 DEOPT PACKING pc=0x0000023238b93b19 sp=0x000000c207bfcd20
Event: 1.281 Thread 0x0000023244bb3700 DEOPT UNPACKING pc=0x0000023238642b43 sp=0x000000c207bfc200 mode 3
Event: 2.242 Thread 0x0000023244bb3700 DEOPT PACKING pc=0x0000023238baff14 sp=0x000000c207bfd200
Event: 2.242 Thread 0x0000023244bb3700 DEOPT UNPACKING pc=0x0000023238642b43 sp=0x000000c207bfc758 mode 0
Event: 3.820 Thread 0x0000023244bb3700 DEOPT PACKING pc=0x0000023238de97fd sp=0x000000c207bfbfb0
Event: 3.820 Thread 0x0000023244bb3700 DEOPT UNPACKING pc=0x0000023238642b43 sp=0x000000c207bfb518 mode 3
Event: 3.841 Thread 0x0000023245964e60 DEOPT PACKING pc=0x0000023238af8097 sp=0x000000c2080fee70
Event: 3.841 Thread 0x0000023245964e60 DEOPT UNPACKING pc=0x0000023238642b43 sp=0x000000c2080fe2c8 mode 3
Event: 5.677 Thread 0x0000023244bb3700 DEOPT PACKING pc=0x0000023238bb68c2 sp=0x000000c207bfd800
Event: 5.677 Thread 0x0000023244bb3700 DEOPT UNPACKING pc=0x0000023238642b43 sp=0x000000c207bfcd08 mode 3
Event: 5.678 Thread 0x0000023244bb3700 DEOPT PACKING pc=0x0000023238b8bac5 sp=0x000000c207bfd7c0
Event: 5.678 Thread 0x0000023244bb3700 DEOPT UNPACKING pc=0x0000023238642b43 sp=0x000000c207bfcd08 mode 3

Classes unloaded (20 events):
Event: 322.906 Thread 0x0000023243525950 Unloading class 0x0000000100142800 'java/lang/invoke/LambdaForm$MH+0x0000000100142800'
Event: 322.906 Thread 0x0000023243525950 Unloading class 0x0000000100141800 'jdk/internal/reflect/GeneratedSerializationConstructorAccessor3'
Event: 322.906 Thread 0x0000023243525950 Unloading class 0x0000000100141400 'jdk/internal/reflect/GeneratedSerializationConstructorAccessor2'
Event: 322.906 Thread 0x0000023243525950 Unloading class 0x0000000100141000 'jdk/internal/reflect/GeneratedSerializationConstructorAccessor1'
Event: 322.907 Thread 0x0000023243525950 Unloading class 0x0000000100140800 'java/lang/invoke/LambdaForm$DMH+0x0000000100140800'
Event: 322.907 Thread 0x0000023243525950 Unloading class 0x0000000100140000 'java/lang/invoke/LambdaForm$DMH+0x0000000100140000'
Event: 322.907 Thread 0x0000023243525950 Unloading class 0x00000001000c6c00 'jdk/internal/reflect/GeneratedConstructorAccessor1'
Event: 322.907 Thread 0x0000023243525950 Unloading class 0x00000001000c6000 'java/lang/invoke/LambdaForm$MH+0x00000001000c6000'
Event: 322.907 Thread 0x0000023243525950 Unloading class 0x00000001000c5c00 'java/lang/invoke/LambdaForm$MH+0x00000001000c5c00'
Event: 322.907 Thread 0x0000023243525950 Unloading class 0x00000001000c5800 'java/lang/invoke/LambdaForm$MH+0x00000001000c5800'
Event: 322.907 Thread 0x0000023243525950 Unloading class 0x00000001000c5400 'java/lang/invoke/LambdaForm$MH+0x00000001000c5400'
Event: 322.907 Thread 0x0000023243525950 Unloading class 0x00000001000c5000 'java/lang/invoke/LambdaForm$MH+0x00000001000c5000'
Event: 322.907 Thread 0x0000023243525950 Unloading class 0x00000001000c4c00 'java/lang/invoke/LambdaForm$MH+0x00000001000c4c00'
Event: 322.907 Thread 0x0000023243525950 Unloading class 0x00000001000c3c00 'java/lang/invoke/LambdaForm$MH+0x00000001000c3c00'
Event: 322.907 Thread 0x0000023243525950 Unloading class 0x00000001000c3800 'java/lang/invoke/LambdaForm$MH+0x00000001000c3800'
Event: 322.907 Thread 0x0000023243525950 Unloading class 0x00000001000c3000 'java/lang/invoke/LambdaForm$MH+0x00000001000c3000'
Event: 322.907 Thread 0x0000023243525950 Unloading class 0x00000001000c2400 'java/lang/invoke/LambdaForm$MH+0x00000001000c2400'
Event: 322.907 Thread 0x0000023243525950 Unloading class 0x00000001000c1c00 'java/lang/invoke/LambdaForm$MH+0x00000001000c1c00'
Event: 322.907 Thread 0x0000023243525950 Unloading class 0x00000001000c1400 'java/lang/invoke/LambdaForm$MH+0x00000001000c1400'
Event: 322.907 Thread 0x0000023243525950 Unloading class 0x00000001000c0c00 'java/lang/invoke/LambdaForm$MH+0x00000001000c0c00'

Classes redefined (0 events):
No events

Internal exceptions (20 events):
Event: 326.806 Thread 0x0000023249035f10 Exception <a 'java/io/IOException'{0x000000008442e360}> (0x000000008442e360) 
thrown [s\src\hotspot\share\prims\jni.cpp, line 516]
Event: 326.806 Thread 0x0000023249035f10 Exception <a 'java/io/IOException'{0x000000008442e970}> (0x000000008442e970) 
thrown [s\src\hotspot\share\prims\jni.cpp, line 516]
Event: 326.806 Thread 0x0000023249035f10 Exception <a 'java/io/IOException'{0x0000000084433220}> (0x0000000084433220) 
thrown [s\src\hotspot\share\prims\jni.cpp, line 516]
Event: 326.806 Thread 0x0000023249035f10 Exception <a 'java/io/IOException'{0x0000000084433830}> (0x0000000084433830) 
thrown [s\src\hotspot\share\prims\jni.cpp, line 516]
Event: 326.839 Thread 0x0000023249035f10 Exception <a 'java/lang/ClassNotFoundException'{0x00000000841985d0}: java/lang/ObjectCustomizer> (0x00000000841985d0) 
thrown [s\src\hotspot\share\classfile\systemDictionary.cpp, line 256]
Event: 326.840 Thread 0x0000023249035f10 Exception <a 'java/lang/ClassNotFoundException'{0x00000000841a3bf8}: com/sivo/entity/ResourceCustomizer> (0x00000000841a3bf8) 
thrown [s\src\hotspot\share\classfile\systemDictionary.cpp, line 256]
Event: 326.855 Thread 0x0000023249035f10 Exception <a 'java/lang/reflect/InvocationTargetException'{0x0000000083a94200}> (0x0000000083a94200) 
thrown [s\src\hotspot\share\runtime\reflection.cpp, line 1121]
Event: 326.866 Thread 0x0000023249035f10 Exception <a 'java/lang/ClassNotFoundException'{0x0000000089552430}: java/lang/ObjectCustomizer> (0x0000000089552430) 
thrown [s\src\hotspot\share\classfile\systemDictionary.cpp, line 256]
Event: 326.866 Thread 0x0000023249035f10 Exception <a 'java/lang/ClassNotFoundException'{0x000000008955cda8}: com/sivo/entity/TimeslotCustomizer> (0x000000008955cda8) 
thrown [s\src\hotspot\share\classfile\systemDictionary.cpp, line 256]
Event: 326.879 Thread 0x0000023249035f10 Exception <a 'java/lang/reflect/InvocationTargetException'{0x0000000085056988}> (0x0000000085056988) 
thrown [s\src\hotspot\share\runtime\reflection.cpp, line 1121]
Event: 326.895 Thread 0x0000023249035f10 Exception <a 'java/io/IOException'{0x0000000084e58da8}> (0x0000000084e58da8) 
thrown [s\src\hotspot\share\prims\jni.cpp, line 516]
Event: 326.895 Thread 0x0000023249035f10 Exception <a 'java/io/IOException'{0x0000000084e59660}> (0x0000000084e59660) 
thrown [s\src\hotspot\share\prims\jni.cpp, line 516]
Event: 326.982 Thread 0x0000023249035f10 Exception <a 'java/io/IOException'{0x000000008435c858}> (0x000000008435c858) 
thrown [s\src\hotspot\share\prims\jni.cpp, line 516]
Event: 326.982 Thread 0x0000023249035f10 Exception <a 'java/io/IOException'{0x000000008435ce68}> (0x000000008435ce68) 
thrown [s\src\hotspot\share\prims\jni.cpp, line 516]
Event: 326.992 Thread 0x0000023249035f10 Exception <a 'java/io/IOException'{0x0000000084232168}> (0x0000000084232168) 
thrown [s\src\hotspot\share\prims\jni.cpp, line 516]
Event: 326.992 Thread 0x0000023249035f10 Exception <a 'java/io/IOException'{0x0000000084232778}> (0x0000000084232778) 
thrown [s\src\hotspot\share\prims\jni.cpp, line 516]
Event: 326.995 Thread 0x0000023249035f10 Exception <a 'java/io/IOException'{0x0000000084124b00}> (0x0000000084124b00) 
thrown [s\src\hotspot\share\prims\jni.cpp, line 516]
Event: 326.995 Thread 0x0000023249035f10 Exception <a 'java/io/IOException'{0x0000000084124e68}> (0x0000000084124e68) 
thrown [s\src\hotspot\share\prims\jni.cpp, line 516]
Event: 326.996 Thread 0x0000023249035f10 Exception <a 'java/io/IOException'{0x000000008413c588}> (0x000000008413c588) 
thrown [s\src\hotspot\share\prims\jni.cpp, line 516]
Event: 326.996 Thread 0x0000023249035f10 Exception <a 'java/io/IOException'{0x000000008413cb98}> (0x000000008413cb98) 
thrown [s\src\hotspot\share\prims\jni.cpp, line 516]

VM Operations (20 events):
Event: 322.029 Executing VM operation: Cleanup done
Event: 322.883 Executing VM operation: G1CollectFull
Event: 322.956 Executing VM operation: G1CollectFull done
Event: 323.962 Executing VM operation: Cleanup
Event: 323.965 Executing VM operation: Cleanup done
Event: 324.762 Executing VM operation: G1CollectForAllocation
Event: 324.770 Executing VM operation: G1CollectForAllocation done
Event: 325.780 Executing VM operation: Cleanup
Event: 325.780 Executing VM operation: Cleanup done
Event: 326.614 Executing VM operation: G1CollectForAllocation
Event: 326.617 Executing VM operation: G1CollectForAllocation done
Event: 326.859 Executing VM operation: G1CollectForAllocation
Event: 326.862 Executing VM operation: G1CollectForAllocation done
Event: 327.863 Executing VM operation: Cleanup
Event: 327.864 Executing VM operation: Cleanup done
Event: 332.901 Executing VM operation: Cleanup
Event: 332.901 Executing VM operation: Cleanup done
Event: 358.129 Executing VM operation: Cleanup
Event: 358.130 Executing VM operation: Cleanup done
Event: 385.981 Executing VM operation: G1CollectForAllocation

Events (20 events):
Event: 326.869 Thread 0x000002324902fa00 Thread added: 0x000002324902fa00
Event: 326.888 loading class java/time/DurationEditor
Event: 326.888 loading class java/time/DurationEditor done
Event: 326.981 Thread 0x000002324902f530 Thread added: 0x000002324902f530
Event: 326.989 Thread 0x00000232490350a0 Thread added: 0x00000232490350a0
Event: 326.989 Thread 0x00000232490333c0 Thread added: 0x00000232490333c0
Event: 326.989 Thread 0x00000232490303a0 Thread added: 0x00000232490303a0
Event: 326.989 Thread 0x0000023249030870 Thread added: 0x0000023249030870
Event: 326.989 Thread 0x0000023249032550 Thread added: 0x0000023249032550
Event: 326.989 Thread 0x0000023249035a40 Thread added: 0x0000023249035a40
Event: 326.989 Thread 0x0000023249033890 Thread added: 0x0000023249033890
Event: 326.989 Thread 0x0000023249031bb0 Thread added: 0x0000023249031bb0
Event: 326.990 Thread 0x00000232490363e0 Thread added: 0x00000232490363e0
Event: 326.990 Thread 0x00000232490316e0 Thread added: 0x00000232490316e0
Event: 326.991 Thread 0x000002324902fed0 Thread added: 0x000002324902fed0
Event: 326.991 Thread 0x0000023249032080 Thread added: 0x0000023249032080
Event: 326.997 Thread 0x0000023249035f10 Thread exited: 0x0000023249035f10
Event: 326.997 Thread 0x0000023249032a20 Thread exited: 0x0000023249032a20
Event: 331.898 Thread 0x000002324902fa00 Thread exited: 0x000002324902fa00
Event: 332.006 Thread 0x00000232490d63d0 Thread exited: 0x00000232490d63d0


Dynamic libraries:
0x00007ff62ebc0000 - 0x00007ff62ebce000 	D:\Spring Tool Suite 4\sts-4.16.0.RELEASE\plugins\org.eclipse.justj.openjdk.hotspot.jre.full.win32.x86_64_17.0.4.v20220903-1038\jre\bin\javaw.exe
0x00007ffd66370000 - 0x00007ffd66568000 	C:\Windows\SYSTEM32\ntdll.dll
0x00007ffd50530000 - 0x00007ffd50547000 	C:\Program Files\Avast Software\Avast\aswhook.dll
0x00007ffd64510000 - 0x00007ffd645cf000 	C:\Windows\System32\KERNEL32.DLL
0x00007ffd640d0000 - 0x00007ffd643a2000 	C:\Windows\System32\KERNELBASE.dll
0x00007ffd63f30000 - 0x00007ffd64030000 	C:\Windows\System32\ucrtbase.dll
0x00007ffd4d840000 - 0x00007ffd4d858000 	D:\Spring Tool Suite 4\sts-4.16.0.RELEASE\plugins\org.eclipse.justj.openjdk.hotspot.jre.full.win32.x86_64_17.0.4.v20220903-1038\jre\bin\jli.dll
0x00007ffd5ef90000 - 0x00007ffd5efa9000 	D:\Spring Tool Suite 4\sts-4.16.0.RELEASE\plugins\org.eclipse.justj.openjdk.hotspot.jre.full.win32.x86_64_17.0.4.v20220903-1038\jre\bin\VCRUNTIME140.dll
0x00007ffd65bc0000 - 0x00007ffd65d61000 	C:\Windows\System32\USER32.dll
0x00007ffd63dc0000 - 0x00007ffd63de2000 	C:\Windows\System32\win32u.dll
0x00007ffd44300000 - 0x00007ffd4459a000 	C:\Windows\WinSxS\amd64_microsoft.windows.common-controls_6595b64144ccf1df_6.0.19041.1110_none_60b5254171f9507e\COMCTL32.dll
0x00007ffd64d20000 - 0x00007ffd64dbe000 	C:\Windows\System32\msvcrt.dll
0x00007ffd64fd0000 - 0x00007ffd64ffb000 	C:\Windows\System32\GDI32.dll
0x00007ffd63df0000 - 0x00007ffd63eff000 	C:\Windows\System32\gdi32full.dll
0x00007ffd64030000 - 0x00007ffd640cd000 	C:\Windows\System32\msvcp_win.dll
0x00007ffd66260000 - 0x00007ffd66292000 	C:\Windows\System32\IMM32.DLL
0x00007ffd60940000 - 0x00007ffd6094c000 	D:\Spring Tool Suite 4\sts-4.16.0.RELEASE\plugins\org.eclipse.justj.openjdk.hotspot.jre.full.win32.x86_64_17.0.4.v20220903-1038\jre\bin\vcruntime140_1.dll
0x00007ffd492b0000 - 0x00007ffd49341000 	D:\Spring Tool Suite 4\sts-4.16.0.RELEASE\plugins\org.eclipse.justj.openjdk.hotspot.jre.full.win32.x86_64_17.0.4.v20220903-1038\jre\bin\msvcp140.dll
0x00007ffd0bdb0000 - 0x00007ffd0c9f6000 	D:\Spring Tool Suite 4\sts-4.16.0.RELEASE\plugins\org.eclipse.justj.openjdk.hotspot.jre.full.win32.x86_64_17.0.4.v20220903-1038\jre\bin\server\jvm.dll
0x00007ffd656d0000 - 0x00007ffd6577e000 	C:\Windows\System32\ADVAPI32.dll
0x00007ffd65e20000 - 0x00007ffd65ebc000 	C:\Windows\System32\sechost.dll
0x00007ffd654f0000 - 0x00007ffd65615000 	C:\Windows\System32\RPCRT4.dll
0x00007ffd66250000 - 0x00007ffd66258000 	C:\Windows\System32\PSAPI.DLL
0x00007ffd58020000 - 0x00007ffd58029000 	C:\Windows\SYSTEM32\WSOCK32.dll
0x00007ffd40e90000 - 0x00007ffd40eb7000 	C:\Windows\SYSTEM32\WINMM.dll
0x00007ffd5e630000 - 0x00007ffd5e63a000 	C:\Windows\SYSTEM32\VERSION.dll
0x00007ffd662c0000 - 0x00007ffd6632b000 	C:\Windows\System32\WS2_32.dll
0x00007ffd61ac0000 - 0x00007ffd61ad2000 	C:\Windows\SYSTEM32\kernel.appcore.dll
0x00007ffd5f030000 - 0x00007ffd5f03a000 	D:\Spring Tool Suite 4\sts-4.16.0.RELEASE\plugins\org.eclipse.justj.openjdk.hotspot.jre.full.win32.x86_64_17.0.4.v20220903-1038\jre\bin\jimage.dll
0x00007ffd61670000 - 0x00007ffd61854000 	C:\Windows\SYSTEM32\DBGHELP.DLL
0x00007ffd5a7a0000 - 0x00007ffd5a7d5000 	C:\Windows\SYSTEM32\dbgcore.DLL
0x00007ffd63a60000 - 0x00007ffd63ae2000 	C:\Windows\System32\bcryptPrimitives.dll
0x00007ffd4c6e0000 - 0x00007ffd4c705000 	D:\Spring Tool Suite 4\sts-4.16.0.RELEASE\plugins\org.eclipse.justj.openjdk.hotspot.jre.full.win32.x86_64_17.0.4.v20220903-1038\jre\bin\java.dll
0x00007ffd4ad90000 - 0x00007ffd4ada8000 	D:\Spring Tool Suite 4\sts-4.16.0.RELEASE\plugins\org.eclipse.justj.openjdk.hotspot.jre.full.win32.x86_64_17.0.4.v20220903-1038\jre\bin\zip.dll
0x00007ffd645d0000 - 0x00007ffd64d15000 	C:\Windows\System32\SHELL32.dll
0x00007ffd61ae0000 - 0x00007ffd62272000 	C:\Windows\SYSTEM32\windows.storage.dll
0x00007ffd65780000 - 0x00007ffd65ad5000 	C:\Windows\System32\combase.dll
0x00007ffd634c0000 - 0x00007ffd634f0000 	C:\Windows\SYSTEM32\Wldp.dll
0x00007ffd65620000 - 0x00007ffd656cd000 	C:\Windows\System32\SHCORE.dll
0x00007ffd65ae0000 - 0x00007ffd65b35000 	C:\Windows\System32\shlwapi.dll
0x00007ffd639a0000 - 0x00007ffd639bf000 	C:\Windows\SYSTEM32\profapi.dll
0x00007ffd4abb0000 - 0x00007ffd4abc9000 	D:\Spring Tool Suite 4\sts-4.16.0.RELEASE\plugins\org.eclipse.justj.openjdk.hotspot.jre.full.win32.x86_64_17.0.4.v20220903-1038\jre\bin\net.dll
0x00007ffd5d890000 - 0x00007ffd5d99c000 	C:\Windows\SYSTEM32\WINHTTP.dll
0x00007ffd631d0000 - 0x00007ffd6323a000 	C:\Windows\system32\mswsock.dll
0x00007ffd4ab20000 - 0x00007ffd4ab35000 	D:\Spring Tool Suite 4\sts-4.16.0.RELEASE\plugins\org.eclipse.justj.openjdk.hotspot.jre.full.win32.x86_64_17.0.4.v20220903-1038\jre\bin\nio.dll
0x00007ffd5f140000 - 0x00007ffd5f149000 	D:\Spring Tool Suite 4\sts-4.16.0.RELEASE\plugins\org.eclipse.justj.openjdk.hotspot.jre.full.win32.x86_64_17.0.4.v20220903-1038\jre\bin\management.dll
0x00007ffd5f040000 - 0x00007ffd5f04b000 	D:\Spring Tool Suite 4\sts-4.16.0.RELEASE\plugins\org.eclipse.justj.openjdk.hotspot.jre.full.win32.x86_64_17.0.4.v20220903-1038\jre\bin\management_ext.dll
0x00007ffd49f60000 - 0x00007ffd49f77000 	C:\Windows\system32\napinsp.dll
0x00007ffd49f80000 - 0x00007ffd49f9b000 	C:\Windows\system32\pnrpnsp.dll
0x00007ffd49fa0000 - 0x00007ffd49fb5000 	C:\Windows\system32\wshbth.dll
0x00007ffd5ef70000 - 0x00007ffd5ef8d000 	C:\Windows\system32\NLAapi.dll
0x00007ffd62e90000 - 0x00007ffd62ecb000 	C:\Windows\SYSTEM32\IPHLPAPI.DLL
0x00007ffd62f20000 - 0x00007ffd62feb000 	C:\Windows\SYSTEM32\DNSAPI.dll
0x00007ffd65000000 - 0x00007ffd65008000 	C:\Windows\System32\NSI.dll
0x00007ffd49fc0000 - 0x00007ffd49fd2000 	C:\Windows\System32\winrnr.dll
0x00007ffd5d510000 - 0x00007ffd5d51a000 	C:\Windows\System32\rasadhlp.dll
0x00007ffd5d070000 - 0x00007ffd5d0f0000 	C:\Windows\System32\fwpuclnt.dll
0x00007ffd63f00000 - 0x00007ffd63f27000 	C:\Windows\System32\bcrypt.dll
0x00007ffd63390000 - 0x00007ffd633a8000 	C:\Windows\SYSTEM32\CRYPTSP.dll
0x00007ffd62a90000 - 0x00007ffd62ac4000 	C:\Windows\system32\rsaenh.dll
0x00007ffd63960000 - 0x00007ffd6398e000 	C:\Windows\SYSTEM32\USERENV.dll
0x00007ffd633b0000 - 0x00007ffd633bc000 	C:\Windows\SYSTEM32\CRYPTBASE.dll
0x00007ffd5e470000 - 0x00007ffd5e487000 	C:\Windows\SYSTEM32\dhcpcsvc6.DLL
0x00007ffd5e450000 - 0x00007ffd5e46d000 	C:\Windows\SYSTEM32\dhcpcsvc.DLL
0x00007ffd5d560000 - 0x00007ffd5d570000 	D:\Spring Tool Suite 4\sts-4.16.0.RELEASE\plugins\org.eclipse.justj.openjdk.hotspot.jre.full.win32.x86_64_17.0.4.v20220903-1038\jre\bin\verify.dll
0x00007ffd5f120000 - 0x00007ffd5f12e000 	D:\Spring Tool Suite 4\sts-4.16.0.RELEASE\plugins\org.eclipse.justj.openjdk.hotspot.jre.full.win32.x86_64_17.0.4.v20220903-1038\jre\bin\sunmscapi.dll
0x00007ffd63c60000 - 0x00007ffd63db6000 	C:\Windows\System32\CRYPT32.dll
0x00007ffd63530000 - 0x00007ffd63557000 	C:\Windows\SYSTEM32\ncrypt.dll
0x00007ffd634f0000 - 0x00007ffd6352b000 	C:\Windows\SYSTEM32\NTASN1.dll
0x00007ffd5f000000 - 0x00007ffd5f007000 	C:\Windows\system32\wshunix.dll

dbghelp: loaded successfully - version: 4.0.5 - missing functions: none
symbol engine: initialized successfully - sym options: 0x614 - pdb path: .;D:\Spring Tool Suite 4\sts-4.16.0.RELEASE\plugins\org.eclipse.justj.openjdk.hotspot.jre.full.win32.x86_64_17.0.4.v20220903-1038\jre\bin;C:\Windows\SYSTEM32;C:\Program Files\Avast Software\Avast;C:\Windows\WinSxS\amd64_microsoft.windows.common-controls_6595b64144ccf1df_6.0.19041.1110_none_60b5254171f9507e;D:\Spring Tool Suite 4\sts-4.16.0.RELEASE\plugins\org.eclipse.justj.openjdk.hotspot.jre.full.win32.x86_64_17.0.4.v20220903-1038\jre\bin\server

VM Arguments:
jvm_args: -Dcom.sun.management.jmxremote -Dcom.sun.management.jmxremote.port=49738 -Dcom.sun.management.jmxremote.authenticate=false -Dcom.sun.management.jmxremote.ssl=false -Djava.rmi.server.hostname=localhost -Dspring.jmx.enabled=true -Dspring.application.admin.enabled=true -XX:TieredStopAtLevel=1 -Dspring.boot.project.name=resource-service -Dfile.encoding=UTF-8 -XX:+ShowCodeDetailsInExceptionMessages 
java_command: com.sivo.app.ResourceServiceApplication --spring.output.ansi.enabled=always
java_class_path (initial): C:\Users\anesy\Documents\workspace-spring-tool-suite-4-4.16.0.RELEASE\Print Management\resource-service\target\classes;C:\Users\anesy\.m2\repository\org\springframework\boot\spring-boot-starter-data-jdbc\2.7.9\spring-boot-starter-data-jdbc-2.7.9.jar;C:\Users\anesy\.m2\repository\org\springframework\boot\spring-boot-starter-jdbc\2.7.9\spring-boot-starter-jdbc-2.7.9.jar;C:\Users\anesy\.m2\repository\com\zaxxer\HikariCP\4.0.3\HikariCP-4.0.3.jar;C:\Users\anesy\.m2\repository\org\springframework\spring-jdbc\5.3.25\spring-jdbc-5.3.25.jar;C:\Users\anesy\.m2\repository\org\springframework\data\spring-data-jdbc\2.4.8\spring-data-jdbc-2.4.8.jar;C:\Users\anesy\.m2\repository\org\springframework\data\spring-data-relational\2.4.8\spring-data-relational-2.4.8.jar;C:\Users\anesy\.m2\repository\org\springframework\data\spring-data-commons\2.7.8\spring-data-commons-2.7.8.jar;C:\Users\anesy\.m2\repository\org\springframework\spring-tx\5.3.25\spring-tx-5.3.25.jar;C:\Users\anesy\.m2\repository\org\springframework\spring-context\5.3.25\spring-context-5.3.25.jar;C:\Users\anesy\.m2\repository\org\springframework\spring-beans\5.3.25\spring-beans-5.3.25.jar;C:\Users\anesy\.m2\repository\org\slf4j\slf4j-api\1.7.36\slf4j-api-1.7.36.jar;C:\Users\anesy\.m2\repository\mysql\mysql-connector-java\8.0.29\mysql-connector-java-8.0.29.jar;C:\Users\anesy\.m2\repository\com\google\protobuf\protobuf-java\3.19.4\protobuf-java-3.19.4.jar;C:\Users\anesy\.m2\repository\org\springframework\boot\spring-boot-starter-data-jpa\2.7.9\spring-boot-starter-data-jpa-2.7.9.jar;C:\Users\anesy\.m2\repository\org\springframework\boot\spring-boot-starter-aop\2.7.9\spring-boot-starter-aop-2.7.9.jar;C:\Users\anesy\.m2\repository\org\springframework\spring-aop\5.3.25\spring-aop-5.3.25.jar;C:\Users\anesy\.m2\repository\org\aspectj\aspectjweaver\1.9.7\aspectjweaver-1.9.7.jar;C:\Users\anesy\.m2\repository\jakarta\transaction\jakarta.transaction-api\1.3.3\jakarta.transaction-api-1.3.3.jar;C:\Users\ane
Launcher Type: SUN_STANDARD

[Global flags]
     intx CICompilerCount                          = 4                                         {product} {ergonomic}
     uint ConcGCThreads                            = 2                                         {product} {ergonomic}
     uint G1ConcRefinementThreads                  = 8                                         {product} {ergonomic}
   size_t G1HeapRegionSize                         = 1048576                                   {product} {ergonomic}
    uintx GCDrainStackTargetSize                   = 64                                        {product} {ergonomic}
   size_t InitialHeapSize                          = 134217728                                 {product} {ergonomic}
     bool ManagementServer                         = true                                      {product} {command line}
   size_t MarkStackSize                            = 4194304                                   {product} {ergonomic}
   size_t MaxHeapSize                              = 2124414976                                {product} {ergonomic}
   size_t MaxNewSize                               = 1274019840                                {product} {ergonomic}
   size_t MinHeapDeltaBytes                        = 1048576                                   {product} {ergonomic}
   size_t MinHeapSize                              = 8388608                                   {product} {ergonomic}
    uintx NonProfiledCodeHeapSize                  = 0                                      {pd product} {ergonomic}
     bool ProfileInterpreter                       = false                                  {pd product} {command line}
    uintx ProfiledCodeHeapSize                     = 0                                      {pd product} {ergonomic}
     bool ShowCodeDetailsInExceptionMessages       = true                                   {manageable} {command line}
   size_t SoftMaxHeapSize                          = 2124414976                             {manageable} {ergonomic}
     intx TieredStopAtLevel                        = 1                                         {product} {command line}
     bool UseCompressedClassPointers               = true                           {product lp64_product} {ergonomic}
     bool UseCompressedOops                        = true                           {product lp64_product} {ergonomic}
     bool UseG1GC                                  = true                                      {product} {ergonomic}
     bool UseLargePagesIndividualAllocation        = false                                  {pd product} {ergonomic}

Logging:
Log output configuration:
 #0: stdout all=warning uptime,level,tags
 #1: stderr all=off uptime,level,tags

Environment Variables:
PATH=D:/Spring Tool Suite 4/sts-4.16.0.RELEASE//plugins/org.eclipse.justj.openjdk.hotspot.jre.full.win32.x86_64_17.0.4.v20220903-1038/jre/bin/server;D:/Spring Tool Suite 4/sts-4.16.0.RELEASE//plugins/org.eclipse.justj.openjdk.hotspot.jre.full.win32.x86_64_17.0.4.v20220903-1038/jre/bin;C:\Program Files (x86)\VMware\VMware Workstation\bin\;C:\Program Files\Common Files\Oracle\Java\javapath;C:\Windows\system32;C:\Windows;C:\Windows\System32\Wbem;C:\Windows\System32\WindowsPowerShell\v1.0\;C:\Windows\System32\OpenSSH\;C:\Program Files\Microsoft SQL Server\Client SDK\ODBC\130\Tools\Binn\;C:\Program Files (x86)\Microsoft SQL Server\140\Tools\Binn\;C:\Program Files\Microsoft SQL Server\140\Tools\Binn\;C:\Program Files\Microsoft SQL Server\140\DTS\Binn\;C:\Program Files\Microsoft SQL Server\130\Tools\Binn\;C:\Program Files (x86)\Microsoft SQL Server\150\DTS\Binn\;C:\Program Files\Azure Data Studio\bin;C:\Program Files (x86)\Microsoft SQL Server\110\DTS\Binn\;C:\Program Files (x86)\Microsoft SQL Server\120\DTS\Binn\;C:\Program Files (x86)\Microsoft SQL Server\130\DTS\Binn\;C:\Program Files (x86)\Microsoft SQL Server\140\DTS\Binn\;C:\Program Files\nodejs\;C:\Program Files\Git\cmd;C:\Program Files\Docker\Docker\resources\bin;D:\Maven\apache-maven-3.8.6\bin;C:\Program Files\php-8.1.13;D:\Xampp\php;C:\ProgramData\ComposerSetup\bin;C:\Program Files\MySQL\MySQL Shell 8.0\bin\;C:\Users\anesy\AppData\Local\Microsoft\WindowsApps;C:\Program Files\Azure Data Studio\bin;C:\Users\anesy\AppData\Local\Programs\Microsoft VS Code\bin;C:\Users\anesy\AppData\Roaming\npm;C:\Users\anesy\AppData\Local\GitHubDesktop\bin;C:\Program Files\curl-7.86.0_2-win64-mingw\bin;C:\Users\anesy\AppData\Roaming\Composer\vendor\bin;D:\Spring Tool Suite 4\sts-4.16.0.RELEASE;
USERNAME=anesy
OS=Windows_NT
PROCESSOR_IDENTIFIER=Intel64 Family 6 Model 142 Stepping 10, GenuineIntel
TMP=C:\Users\anesy\AppData\Local\Temp
TEMP=C:\Users\anesy\AppData\Local\Temp



---------------  S Y S T E M  ---------------

OS:
 Windows 10 , 64 bit Build 19041 (10.0.19041.2546)
OS uptime: 9 days 3:08 hours
Hyper-V role detected

CPU: total 8 (initial active 8) (4 cores per cpu, 2 threads per core) family 6 model 142 stepping 10 microcode 0xb4, cx8, cmov, fxsr, ht, mmx, 3dnowpref, sse, sse2, sse3, ssse3, sse4.1, sse4.2, popcnt, lzcnt, tsc, tscinvbit, avx, avx2, aes, erms, clmul, bmi1, bmi2, adx, fma, vzeroupper, clflush, clflushopt, hv

Memory: 4k page, system-wide physical 8101M (943M free)
TotalPageFile size 9497M (AvailPageFile size 8M)
current process WorkingSet (physical memory assigned to process): 201M, peak: 203M
current process commit charge ("private bytes"): 234M, peak: 247M

vm_info: OpenJDK 64-Bit Server VM (17.0.4.1+1) for windows-amd64 JRE (17.0.4.1+1), built on Aug 17 2022 07:42:43 by "temurin" with MS VC++ 16.7 (VS2019)

END.
