#
# There is insufficient memory for the Java Runtime Environment to continue.
# Native memory allocation (malloc) failed to allocate 1048576 bytes for AllocateHeap
# Possible reasons:
#   The system is out of physical RAM or swap space
#   The process is running with CompressedOops enabled, and the Java Heap may be blocking the growth of the native heap
# Possible solutions:
#   Reduce memory load on the system
#   Increase physical memory or swap space
#   Check if swap backing store is full
#   Decrease Java heap size (-Xmx/-Xms)
#   Decrease number of Java threads
#   Decrease Java thread stack sizes (-Xss)
#   Set larger code cache with -XX:ReservedCodeCacheSize=
#   JVM is running with Unscaled Compressed Oops mode in which the Java heap is
#     placed in the first 4GB address space. The Java Heap base address is the
#     maximum limit for the native heap growth. Please use -XX:HeapBaseMinAddress
#     to set the Java Heap base and to place the Java Heap above 4GB virtual address.
# This output file may be truncated or incomplete.
#
#  Out of Memory Error (allocation.cpp:44), pid=14176, tid=8008
#
# JRE version: OpenJDK Runtime Environment Temurin-17.0.4.1+1 (17.0.4.1+1) (build 17.0.4.1+1)
# Java VM: OpenJDK 64-Bit Server VM Temurin-17.0.4.1+1 (17.0.4.1+1, mixed mode, emulated-client, tiered, compressed oops, compressed class ptrs, g1 gc, windows-amd64)
# No core dump will be written. Minidumps are not enabled by default on client versions of Windows
#

---------------  S U M M A R Y ------------

Command Line: -Dcom.sun.management.jmxremote -Dcom.sun.management.jmxremote.port=52147 -Dcom.sun.management.jmxremote.authenticate=false -Dcom.sun.management.jmxremote.ssl=false -Djava.rmi.server.hostname=localhost -Dspring.jmx.enabled=true -Dspring.application.admin.enabled=true -XX:TieredStopAtLevel=1 -Dspring.boot.project.name=production-line-service -Dfile.encoding=UTF-8 -XX:+ShowCodeDetailsInExceptionMessages com.sivo.app.PhaseServiceApplication --spring.output.ansi.enabled=always

Host: Intel(R) Core(TM) i5-8250U CPU @ 1.60GHz, 8 cores, 7G,  Windows 10 , 64 bit Build 19041 (10.0.19041.2546)
Time: Sun Apr  9 21:40:55 2023 Afr. centrale Ouest elapsed time: 1536.115524 seconds (0d 0h 25m 36s)

---------------  T H R E A D  ---------------

Current thread (0x0000022fe641f940):  VMThread "VM Thread" [stack: 0x000000df03d00000,0x000000df03e00000] [id=8008]

Stack: [0x000000df03d00000,0x000000df03e00000]
Native frames: (J=compiled Java code, j=interpreted, Vv=VM code, C=native code)
V  [jvm.dll+0x67731a]
V  [jvm.dll+0x832284]
V  [jvm.dll+0x833a2e]
V  [jvm.dll+0x834093]
V  [jvm.dll+0x245775]
V  [jvm.dll+0xa6393]
V  [jvm.dll+0x2f5933]
V  [jvm.dll+0x2f1640]
V  [jvm.dll+0x2d9d27]
V  [jvm.dll+0x31ce37]
V  [jvm.dll+0x83853b]
V  [jvm.dll+0x839274]
V  [jvm.dll+0x83978c]
V  [jvm.dll+0x839b64]
V  [jvm.dll+0x839c30]
V  [jvm.dll+0x7e240a]
V  [jvm.dll+0x6761a5]
C  [ucrtbase.dll+0x21bb2]
C  [KERNEL32.DLL+0x17614]
C  [ntdll.dll+0x526a1]

VM_Operation (0x000000df035ff2c0): G1CollectFull, mode: safepoint, requested by thread 0x0000022feb4b1d80


---------------  P R O C E S S  ---------------

Threads class SMR info:
_java_thread_list=0x0000022feb55ecb0, length=20, elements={
0x0000022fe6435270, 0x0000022fe6438100, 0x0000022fe5a10530, 0x0000022fe5a11ef0,
0x0000022fe5a128a0, 0x0000022fe5a14260, 0x0000022fe5a18750, 0x0000022fe64677d0,
0x0000022fe655acd0, 0x0000022fe665d7b0, 0x0000022fe6bac720, 0x0000022fe6bacbf0,
0x0000022fe6baa240, 0x0000022fe6f8b070, 0x0000022fe7da80e0, 0x0000022fe7daa290,
0x0000022fe7da9420, 0x0000022feb4b4400, 0x0000022feb4b2720, 0x0000022feb4b1d80
}

Java Threads: ( => current thread )
  0x0000022fe6435270 JavaThread "Reference Handler" daemon [_thread_blocked, id=10660, stack(0x000000df03e00000,0x000000df03f00000)]
  0x0000022fe6438100 JavaThread "Finalizer" daemon [_thread_blocked, id=7868, stack(0x000000df03f00000,0x000000df04000000)]
  0x0000022fe5a10530 JavaThread "Signal Dispatcher" daemon [_thread_blocked, id=12880, stack(0x000000df04000000,0x000000df04100000)]
  0x0000022fe5a11ef0 JavaThread "Attach Listener" daemon [_thread_blocked, id=7772, stack(0x000000df04100000,0x000000df04200000)]
  0x0000022fe5a128a0 JavaThread "Service Thread" daemon [_thread_blocked, id=12320, stack(0x000000df04200000,0x000000df04300000)]
  0x0000022fe5a14260 JavaThread "Monitor Deflation Thread" daemon [_thread_blocked, id=10820, stack(0x000000df04300000,0x000000df04400000)]
  0x0000022fe5a18750 JavaThread "C1 CompilerThread0" daemon [_thread_blocked, id=6536, stack(0x000000df04400000,0x000000df04500000)]
  0x0000022fe64677d0 JavaThread "Sweeper thread" daemon [_thread_blocked, id=10308, stack(0x000000df04500000,0x000000df04600000)]
  0x0000022fe655acd0 JavaThread "Common-Cleaner" daemon [_thread_blocked, id=4468, stack(0x000000df04600000,0x000000df04700000)]
  0x0000022fe665d7b0 JavaThread "Notification Thread" daemon [_thread_blocked, id=13504, stack(0x000000df04a00000,0x000000df04b00000)]
  0x0000022fe6bac720 JavaThread "RMI TCP Accept-0" daemon [_thread_in_native, id=11840, stack(0x000000df04900000,0x000000df04a00000)]
  0x0000022fe6bacbf0 JavaThread "RMI TCP Accept-52147" daemon [_thread_in_native, id=14220, stack(0x000000df04b00000,0x000000df04c00000)]
  0x0000022fe6baa240 JavaThread "RMI TCP Accept-0" daemon [_thread_in_native, id=7652, stack(0x000000df04c00000,0x000000df04d00000)]
  0x0000022fe6f8b070 JavaThread "RMI Scheduler(0)" daemon [_thread_blocked, id=2872, stack(0x000000df05000000,0x000000df05100000)]
  0x0000022fe7da80e0 JavaThread "JMX server connection timeout 25" daemon [_thread_blocked, id=9280, stack(0x000000df05d00000,0x000000df05e00000)]
  0x0000022fe7daa290 JavaThread "mysql-cj-abandoned-connection-cleanup" daemon [_thread_blocked, id=10204, stack(0x000000df06200000,0x000000df06300000)]
  0x0000022fe7da9420 JavaThread "Live Reload Server" daemon [_thread_in_native, id=9244, stack(0x000000df06800000,0x000000df06900000)]
  0x0000022feb4b4400 JavaThread "DestroyJavaVM" [_thread_blocked, id=13140, stack(0x000000df03700000,0x000000df03800000)]
  0x0000022feb4b2720 JavaThread "RMI TCP Connection(33)-127.0.0.1" daemon [_thread_in_native, id=13832, stack(0x000000df07900000,0x000000df07a00000)]
  0x0000022feb4b1d80 JavaThread "Thread-5" [_thread_blocked, id=7936, stack(0x000000df03500000,0x000000df03600000)]

Other Threads:
=>0x0000022fe641f940 VMThread "VM Thread" [stack: 0x000000df03d00000,0x000000df03e00000] [id=8008]
  0x0000022fd7bc87e0 WatcherThread [stack: 0x000000df04d00000,0x000000df04e00000] [id=508]
  0x0000022fd7c21510 GCTaskThread "GC Thread#0" [stack: 0x000000df03800000,0x000000df03900000] [id=1332]
  0x0000022fe6fb3090 GCTaskThread "GC Thread#1" [stack: 0x000000df05100000,0x000000df05200000] [id=12460]
  0x0000022fe6fb3340 GCTaskThread "GC Thread#2" [stack: 0x000000df05200000,0x000000df05300000] [id=9484]
  0x0000022fe7cbcaf0 GCTaskThread "GC Thread#3" [stack: 0x000000df05300000,0x000000df05400000] [id=2692]
  0x0000022fe7d2ec90 GCTaskThread "GC Thread#4" [stack: 0x000000df05400000,0x000000df05500000] [id=11216]
  0x0000022fe7d2ef40 GCTaskThread "GC Thread#5" [stack: 0x000000df05500000,0x000000df05600000] [id=5480]
  0x0000022fe7d37200 GCTaskThread "GC Thread#6" [stack: 0x000000df05600000,0x000000df05700000] [id=13500]
  0x0000022fe7d37cc0 GCTaskThread "GC Thread#7" [stack: 0x000000df05700000,0x000000df05800000] [id=2968]
  0x0000022fd7c32a00 ConcurrentGCThread "G1 Main Marker" [stack: 0x000000df03900000,0x000000df03a00000] [id=12528]
  0x0000022fd7c33410 ConcurrentGCThread "G1 Conc#0" [stack: 0x000000df03a00000,0x000000df03b00000] [id=5508]
  0x0000022fe7ea73b0 ConcurrentGCThread "G1 Conc#1" [stack: 0x000000df05f00000,0x000000df06000000] [id=7588]
  0x0000022fd7c8e0d0 ConcurrentGCThread "G1 Refine#0" [stack: 0x000000df03b00000,0x000000df03c00000] [id=6056]
  0x0000022fe6fb41f0 ConcurrentGCThread "G1 Refine#1" [stack: 0x000000df05800000,0x000000df05900000] [id=13696]
  0x0000022fe6fb44d0 ConcurrentGCThread "G1 Refine#2" [stack: 0x000000df05900000,0x000000df05a00000] [id=4332]
  0x0000022fd7c8eaf0 ConcurrentGCThread "G1 Service" [stack: 0x000000df03c00000,0x000000df03d00000] [id=9516]

Threads with active compile tasks:
C1 CompilerThread0  1536148 5059       1       java.util.regex.Pattern::escape (1327 bytes)

VM state: at safepoint (normal execution)

VM Mutex/Monitor currently owned by a thread:  ([mutex/lock_event])
[0x0000022fd7bc2b90] Threads_lock - owner thread: 0x0000022fe641f940
[0x0000022fd7bc3880] Heap_lock - owner thread: 0x0000022feb4b1d80

Heap address: 0x0000000081600000, size: 2026 MB, Compressed Oops mode: 32-bit

CDS archive(s) not mapped
Compressed class space mapped at: 0x0000000100000000-0x0000000140000000, reserved size: 1073741824
Narrow klass base: 0x0000000000000000, Narrow klass shift: 3, Narrow klass range: 0x140000000

GC Precious Log:
 CPUs: 8 total, 8 available
 Memory: 8101M
 Large Page Support: Disabled
 NUMA Support: Disabled
 Compressed Oops: Enabled (32-bit)
 Heap Region Size: 1M
 Heap Min Capacity: 8M
 Heap Initial Capacity: 128M
 Heap Max Capacity: 2026M
 Pre-touch: Disabled
 Parallel Workers: 8
 Concurrent Workers: 2
 Concurrent Refinement Workers: 8
 Periodic GC: Disabled

Heap:
 garbage-first heap   total 59392K, used 40720K [0x0000000081600000, 0x0000000100000000)
  region size 1024K, 19 young (19456K), 2 survivors (2048K)
 Metaspace       used 64144K, committed 64512K, reserved 1105920K
  class space    used 8647K, committed 8832K, reserved 1048576K

Heap Regions: E=young(eden), S=young(survivor), O=old, HS=humongous(starts), HC=humongous(continues), CS=collection set, F=free, OA=open archive, CA=closed archive, TAMS=top-at-mark-start (previous, next)
|   0|0x0000000081600000, 0x0000000081700000, 0x0000000081700000|100%|HS|  |TAMS 0x0000000081700000, 0x0000000081600000| Complete 
|   1|0x0000000081700000, 0x0000000081800000, 0x0000000081800000|100%| O|  |TAMS 0x0000000081800000, 0x0000000081700000| Untracked 
|   2|0x0000000081800000, 0x0000000081900000, 0x0000000081900000|100%| O|  |TAMS 0x0000000081900000, 0x0000000081800000| Untracked 
|   3|0x0000000081900000, 0x0000000081a00000, 0x0000000081a00000|100%| O|  |TAMS 0x0000000081a00000, 0x0000000081900000| Untracked 
|   4|0x0000000081a00000, 0x0000000081b00000, 0x0000000081b00000|100%| O|  |TAMS 0x0000000081b00000, 0x0000000081a00000| Untracked 
|   5|0x0000000081b00000, 0x0000000081c00000, 0x0000000081c00000|100%| O|  |TAMS 0x0000000081c00000, 0x0000000081b00000| Untracked 
|   6|0x0000000081c00000, 0x0000000081d00000, 0x0000000081d00000|100%| O|  |TAMS 0x0000000081d00000, 0x0000000081c00000| Untracked 
|   7|0x0000000081d00000, 0x0000000081d00000, 0x0000000081e00000|  0%| F|  |TAMS 0x0000000081d00000, 0x0000000081d00000| Untracked 
|   8|0x0000000081e00000, 0x0000000081f00000, 0x0000000081f00000|100%| O|  |TAMS 0x0000000081f00000, 0x0000000081e00000| Untracked 
|   9|0x0000000081f00000, 0x0000000082000000, 0x0000000082000000|100%| O|  |TAMS 0x0000000082000000, 0x0000000081f00000| Untracked 
|  10|0x0000000082000000, 0x0000000082100000, 0x0000000082100000|100%| O|  |TAMS 0x0000000082100000, 0x0000000082000000| Untracked 
|  11|0x0000000082100000, 0x0000000082100000, 0x0000000082200000|  0%| F|  |TAMS 0x0000000082100000, 0x0000000082100000| Untracked 
|  12|0x0000000082200000, 0x0000000082300000, 0x0000000082300000|100%| O|  |TAMS 0x0000000082300000, 0x0000000082200000| Untracked 
|  13|0x0000000082300000, 0x0000000082300000, 0x0000000082400000|  0%| F|  |TAMS 0x0000000082300000, 0x0000000082300000| Untracked 
|  14|0x0000000082400000, 0x0000000082500000, 0x0000000082500000|100%| O|  |TAMS 0x0000000082500000, 0x0000000082400000| Untracked 
|  15|0x0000000082500000, 0x0000000082500000, 0x0000000082600000|  0%| F|  |TAMS 0x0000000082500000, 0x0000000082500000| Untracked 
|  16|0x0000000082600000, 0x0000000082700000, 0x0000000082700000|100%| O|  |TAMS 0x0000000082700000, 0x0000000082600000| Untracked 
|  17|0x0000000082700000, 0x0000000082800000, 0x0000000082800000|100%| O|  |TAMS 0x0000000082800000, 0x0000000082700000| Untracked 
|  18|0x0000000082800000, 0x0000000082900000, 0x0000000082900000|100%| O|  |TAMS 0x0000000082900000, 0x0000000082800000| Untracked 
|  19|0x0000000082900000, 0x0000000082a00000, 0x0000000082a00000|100%| O|  |TAMS 0x0000000082a00000, 0x0000000082900000| Untracked 
|  20|0x0000000082a00000, 0x0000000082b00000, 0x0000000082b00000|100%| O|  |TAMS 0x0000000082b00000, 0x0000000082a00000| Untracked 
|  21|0x0000000082b00000, 0x0000000082c00000, 0x0000000082c00000|100%| O|  |TAMS 0x0000000082c00000, 0x0000000082b00000| Untracked 
|  22|0x0000000082c00000, 0x0000000082d00000, 0x0000000082d00000|100%| O|  |TAMS 0x0000000082d00000, 0x0000000082c00000| Untracked 
|  23|0x0000000082d00000, 0x0000000082d00000, 0x0000000082e00000|  0%| F|  |TAMS 0x0000000082d00000, 0x0000000082d00000| Untracked 
|  24|0x0000000082e00000, 0x0000000082e00000, 0x0000000082f00000|  0%| F|  |TAMS 0x0000000082e00000, 0x0000000082e00000| Untracked 
|  25|0x0000000082f00000, 0x0000000083000000, 0x0000000083000000|100%| O|  |TAMS 0x0000000082f00000, 0x0000000082f00000| Untracked 
|  26|0x0000000083000000, 0x0000000083100000, 0x0000000083100000|100%| O|  |TAMS 0x0000000083000000, 0x0000000083000000| Untracked 
|  27|0x0000000083100000, 0x0000000083200000, 0x0000000083200000|100%| O|  |TAMS 0x0000000083100000, 0x0000000083100000| Untracked 
|  28|0x0000000083200000, 0x0000000083300000, 0x0000000083300000|100%| O|  |TAMS 0x0000000083200000, 0x0000000083200000| Untracked 
|  29|0x0000000083300000, 0x00000000833c0200, 0x0000000083400000| 75%| O|  |TAMS 0x0000000083300000, 0x0000000083300000| Untracked 
|  30|0x0000000083400000, 0x0000000083400000, 0x0000000083500000|  0%| F|  |TAMS 0x0000000083400000, 0x0000000083400000| Untracked 
|  31|0x0000000083500000, 0x0000000083500000, 0x0000000083600000|  0%| F|  |TAMS 0x0000000083500000, 0x0000000083500000| Untracked 
|  32|0x0000000083600000, 0x0000000083600000, 0x0000000083700000|  0%| F|  |TAMS 0x0000000083600000, 0x0000000083600000| Untracked 
|  33|0x0000000083700000, 0x0000000083704010, 0x0000000083800000|  1%| S|CS|TAMS 0x0000000083700000, 0x0000000083700000| Complete 
|  34|0x0000000083800000, 0x0000000083900000, 0x0000000083900000|100%| S|CS|TAMS 0x0000000083800000, 0x0000000083800000| Complete 
|  35|0x0000000083900000, 0x0000000083900000, 0x0000000083a00000|  0%| F|  |TAMS 0x0000000083900000, 0x0000000083900000| Untracked 
|  36|0x0000000083a00000, 0x0000000083a00000, 0x0000000083b00000|  0%| F|  |TAMS 0x0000000083a00000, 0x0000000083a00000| Untracked 
|  37|0x0000000083b00000, 0x0000000083b00000, 0x0000000083c00000|  0%| F|  |TAMS 0x0000000083b00000, 0x0000000083b00000| Untracked 
|  38|0x0000000083c00000, 0x0000000083c00000, 0x0000000083d00000|  0%| F|  |TAMS 0x0000000083c00000, 0x0000000083c00000| Untracked 
|  39|0x0000000083d00000, 0x0000000083d00000, 0x0000000083e00000|  0%| F|  |TAMS 0x0000000083d00000, 0x0000000083d00000| Untracked 
|  40|0x0000000083e00000, 0x0000000083e00000, 0x0000000083f00000|  0%| F|  |TAMS 0x0000000083e00000, 0x0000000083e00000| Untracked 
|  41|0x0000000083f00000, 0x0000000083f87ac0, 0x0000000084000000| 52%| E|  |TAMS 0x0000000083f00000, 0x0000000083f00000| Complete 
|  42|0x0000000084000000, 0x0000000084100000, 0x0000000084100000|100%| E|CS|TAMS 0x0000000084000000, 0x0000000084000000| Complete 
|  43|0x0000000084100000, 0x0000000084200000, 0x0000000084200000|100%| E|CS|TAMS 0x0000000084100000, 0x0000000084100000| Complete 
|  44|0x0000000084200000, 0x0000000084300000, 0x0000000084300000|100%| E|CS|TAMS 0x0000000084200000, 0x0000000084200000| Complete 
|  45|0x0000000084300000, 0x0000000084400000, 0x0000000084400000|100%| E|CS|TAMS 0x0000000084300000, 0x0000000084300000| Complete 
|  46|0x0000000084400000, 0x0000000084500000, 0x0000000084500000|100%| E|CS|TAMS 0x0000000084400000, 0x0000000084400000| Complete 
|  47|0x0000000084500000, 0x0000000084600000, 0x0000000084600000|100%| E|CS|TAMS 0x0000000084500000, 0x0000000084500000| Complete 
|  48|0x0000000084600000, 0x0000000084700000, 0x0000000084700000|100%| E|CS|TAMS 0x0000000084600000, 0x0000000084600000| Complete 
|  49|0x0000000084700000, 0x0000000084800000, 0x0000000084800000|100%| E|CS|TAMS 0x0000000084700000, 0x0000000084700000| Complete 
|  50|0x0000000084800000, 0x0000000084900000, 0x0000000084900000|100%| E|CS|TAMS 0x0000000084800000, 0x0000000084800000| Complete 
|  51|0x0000000084900000, 0x0000000084a00000, 0x0000000084a00000|100%| E|CS|TAMS 0x0000000084900000, 0x0000000084900000| Complete 
|  52|0x0000000084a00000, 0x0000000084b00000, 0x0000000084b00000|100%| E|CS|TAMS 0x0000000084a00000, 0x0000000084a00000| Complete 
|  53|0x0000000084b00000, 0x0000000084c00000, 0x0000000084c00000|100%| E|CS|TAMS 0x0000000084b00000, 0x0000000084b00000| Complete 
| 123|0x0000000089100000, 0x0000000089200000, 0x0000000089200000|100%| E|CS|TAMS 0x0000000089100000, 0x0000000089100000| Complete 
| 124|0x0000000089200000, 0x0000000089300000, 0x0000000089300000|100%| E|CS|TAMS 0x0000000089200000, 0x0000000089200000| Complete 
| 126|0x0000000089400000, 0x0000000089500000, 0x0000000089500000|100%| E|  |TAMS 0x0000000089400000, 0x0000000089400000| Complete 
| 127|0x0000000089500000, 0x0000000089600000, 0x0000000089600000|100%| E|CS|TAMS 0x0000000089500000, 0x0000000089500000| Complete 

Card table byte_map: [0x0000022fde7a0000,0x0000022fdeba0000] _byte_map_base: 0x0000022fde395000

Marking Bits (Prev, Next): (CMBitMap*) 0x0000022fd7c21b60, (CMBitMap*) 0x0000022fd7c21b20
 Prev Bits: [0x0000022fe0f50000, 0x0000022fe2ef8000)
 Next Bits: [0x0000022fdefa0000, 0x0000022fe0f48000)

Polling page: 0x0000022fd5d40000

Metaspace:

Usage:
  Non-class:     54.20 MB used.
      Class:      8.44 MB used.
       Both:     62.64 MB used.

Virtual space:
  Non-class space:       56.00 MB reserved,      54.38 MB ( 97%) committed,  7 nodes.
      Class space:        1.00 GB reserved,       8.62 MB ( <1%) committed,  1 nodes.
             Both:        1.05 GB reserved,      63.00 MB (  6%) committed. 

Chunk freelists:
   Non-Class:  1.02 MB
       Class:  3.42 MB
        Both:  4.43 MB

MaxMetaspaceSize: unlimited
CompressedClassSpaceSize: 1.00 GB
Initial GC threshold: 21.00 MB
Current GC threshold: 99.06 MB
CDS: off
MetaspaceReclaimPolicy: balanced
 - commit_granule_bytes: 65536.
 - commit_granule_words: 8192.
 - virtual_space_node_default_size: 1048576.
 - enlarge_chunks_in_place: 1.
 - new_chunks_are_fully_committed: 0.
 - uncommit_free_chunks: 1.
 - use_allocation_guard: 0.
 - handle_deallocations: 1.


Internal statistics:

num_allocs_failed_limit: 6.
num_arena_births: 520.
num_arena_deaths: 132.
num_vsnodes_births: 8.
num_vsnodes_deaths: 0.
num_space_committed: 1008.
num_space_uncommitted: 0.
num_chunks_returned_to_freelist: 172.
num_chunks_taken_from_freelist: 2620.
num_chunk_merges: 49.
num_chunk_splits: 1808.
num_chunks_enlarged: 1430.
num_purges: 4.
num_inconsistent_stats: 0.

CodeCache: size=49152Kb used=9105Kb max_used=10279Kb free=40046Kb
 bounds [0x0000022fdb280000, 0x0000022fdbc90000, 0x0000022fde280000]
 total_blobs=5682 nmethods=5061 adapters=548
 compilation: enabled
              stopped_count=0, restarted_count=0
 full_count=0

Compilation events (20 events):
Event: 1536.088 Thread 0x0000022fe5a18750 nmethod 5051 0x0000022fdb61e710 code [0x0000022fdb61e8a0, 0x0000022fdb61e9e8]
Event: 1536.088 Thread 0x0000022fe5a18750 5052       1       org.springframework.beans.factory.support.DefaultListableBeanFactory::lambda$removeManualSingletonName$7 (8 bytes)
Event: 1536.088 Thread 0x0000022fe5a18750 nmethod 5052 0x0000022fdb61e410 code [0x0000022fdb61e5a0, 0x0000022fdb61e668]
Event: 1536.089 Thread 0x0000022fe5a18750 5053       1       org.hibernate.service.spi.ServiceBinding::getLifecycleOwner (5 bytes)
Event: 1536.090 Thread 0x0000022fe5a18750 nmethod 5053 0x0000022fdb61e110 code [0x0000022fdb61e2a0, 0x0000022fdb61e378]
Event: 1536.092 Thread 0x0000022fe5a18750 5054       1       java.text.SimpleDateFormat::subFormat (1264 bytes)
Event: 1536.098 Thread 0x0000022fe5a18750 nmethod 5054 0x0000022fdb619390 code [0x0000022fdb619940, 0x0000022fdb61c068]
Event: 1536.098 Thread 0x0000022fe5a18750 5055       1       java.util.Calendar::getDisplayName (165 bytes)
Event: 1536.099 Thread 0x0000022fe5a18750 nmethod 5055 0x0000022fdb618990 code [0x0000022fdb618bc0, 0x0000022fdb6190d8]
Event: 1536.099 Thread 0x0000022fe5a18750 5056       1       java.util.Calendar::checkDisplayNameParams (67 bytes)
Event: 1536.099 Thread 0x0000022fe5a18750 nmethod 5056 0x0000022fdb618490 code [0x0000022fdb618640, 0x0000022fdb618898]
Event: 1536.100 Thread 0x0000022fe5a18750 5058 %     1       java.util.Properties$LineReader::readLine @ 224 (584 bytes)
Event: 1536.102 Thread 0x0000022fe5a18750 nmethod 5058% 0x0000022fdb616510 code [0x0000022fdb6167a0, 0x0000022fdb617ad8]
Event: 1536.102 Thread 0x0000022fe5a18750 5060       1       java.util.regex.CharPredicates$$Lambda$695/0x00000001003d39e0::is (5 bytes)
Event: 1536.102 Thread 0x0000022fe5a18750 nmethod 5060 0x0000022fdb616110 code [0x0000022fdb6162a0, 0x0000022fdb616418]
Event: 1536.102 Thread 0x0000022fe5a18750 5061       1       java.util.regex.CharPredicates::lambda$ASCII_SPACE$20 (20 bytes)
Event: 1536.103 Thread 0x0000022fe5a18750 nmethod 5061 0x0000022fdb615d90 code [0x0000022fdb615f20, 0x0000022fdb616058]
Event: 1536.103 Thread 0x0000022fe5a18750 5062       1       java.util.regex.ASCII::isSpace (8 bytes)
Event: 1536.103 Thread 0x0000022fe5a18750 nmethod 5062 0x0000022fdb615a10 code [0x0000022fdb615ba0, 0x0000022fdb615cb8]
Event: 1536.103 Thread 0x0000022fe5a18750 5059       1       java.util.regex.Pattern::escape (1327 bytes)

GC Heap History (20 events):
Event: 23.267 GC heap before
{Heap before GC invocations=14 (full 0):
 garbage-first heap   total 40960K, used 30809K [0x0000000081600000, 0x0000000100000000)
  region size 1024K, 14 young (14336K), 2 survivors (2048K)
 Metaspace       used 49332K, committed 49728K, reserved 1097728K
  class space    used 6411K, committed 6592K, reserved 1048576K
}
Event: 23.270 GC heap after
{Heap after GC invocations=15 (full 0):
 garbage-first heap   total 40960K, used 20852K [0x0000000081600000, 0x0000000100000000)
  region size 1024K, 2 young (2048K), 2 survivors (2048K)
 Metaspace       used 49332K, committed 49728K, reserved 1097728K
  class space    used 6411K, committed 6592K, reserved 1048576K
}
Event: 23.596 GC heap before
{Heap before GC invocations=15 (full 0):
 garbage-first heap   total 40960K, used 32116K [0x0000000081600000, 0x0000000100000000)
  region size 1024K, 13 young (13312K), 2 survivors (2048K)
 Metaspace       used 51607K, committed 51968K, reserved 1097728K
  class space    used 6875K, committed 7040K, reserved 1048576K
}
Event: 23.598 GC heap after
{Heap after GC invocations=16 (full 0):
 garbage-first heap   total 49152K, used 21431K [0x0000000081600000, 0x0000000100000000)
  region size 1024K, 1 young (1024K), 1 survivors (1024K)
 Metaspace       used 51607K, committed 51968K, reserved 1097728K
  class space    used 6875K, committed 7040K, reserved 1048576K
}
Event: 25.599 GC heap before
{Heap before GC invocations=17 (full 0):
 garbage-first heap   total 49152K, used 36791K [0x0000000081600000, 0x0000000100000000)
  region size 1024K, 17 young (17408K), 1 survivors (1024K)
 Metaspace       used 54804K, committed 55168K, reserved 1097728K
  class space    used 7323K, committed 7488K, reserved 1048576K
}
Event: 25.602 GC heap after
{Heap after GC invocations=18 (full 0):
 garbage-first heap   total 49152K, used 22452K [0x0000000081600000, 0x0000000100000000)
  region size 1024K, 2 young (2048K), 2 survivors (2048K)
 Metaspace       used 54804K, committed 55168K, reserved 1097728K
  class space    used 7323K, committed 7488K, reserved 1048576K
}
Event: 25.767 GC heap before
{Heap before GC invocations=18 (full 0):
 garbage-first heap   total 49152K, used 38836K [0x0000000081600000, 0x0000000100000000)
  region size 1024K, 18 young (18432K), 2 survivors (2048K)
 Metaspace       used 56205K, committed 56512K, reserved 1097728K
  class space    used 7556K, committed 7680K, reserved 1048576K
}
Event: 25.770 GC heap after
{Heap after GC invocations=19 (full 0):
 garbage-first heap   total 49152K, used 23312K [0x0000000081600000, 0x0000000100000000)
  region size 1024K, 2 young (2048K), 2 survivors (2048K)
 Metaspace       used 56205K, committed 56512K, reserved 1097728K
  class space    used 7556K, committed 7680K, reserved 1048576K
}
Event: 26.008 GC heap before
{Heap before GC invocations=19 (full 0):
 garbage-first heap   total 49152K, used 38672K [0x0000000081600000, 0x0000000100000000)
  region size 1024K, 17 young (17408K), 2 survivors (2048K)
 Metaspace       used 58245K, committed 58624K, reserved 1105920K
  class space    used 7850K, committed 8064K, reserved 1048576K
}
Event: 26.012 GC heap after
{Heap after GC invocations=20 (full 0):
 garbage-first heap   total 49152K, used 24900K [0x0000000081600000, 0x0000000100000000)
  region size 1024K, 3 young (3072K), 3 survivors (3072K)
 Metaspace       used 58245K, committed 58624K, reserved 1105920K
  class space    used 7850K, committed 8064K, reserved 1048576K
}
Event: 26.214 GC heap before
{Heap before GC invocations=21 (full 0):
 garbage-first heap   total 49152K, used 38212K [0x0000000081600000, 0x0000000100000000)
  region size 1024K, 16 young (16384K), 3 survivors (3072K)
 Metaspace       used 59749K, committed 60224K, reserved 1105920K
  class space    used 8093K, committed 8320K, reserved 1048576K
}
Event: 26.217 GC heap after
{Heap after GC invocations=22 (full 0):
 garbage-first heap   total 49152K, used 26296K [0x0000000081600000, 0x0000000100000000)
  region size 1024K, 2 young (2048K), 2 survivors (2048K)
 Metaspace       used 59749K, committed 60224K, reserved 1105920K
  class space    used 8093K, committed 8320K, reserved 1048576K
}
Event: 213.881 GC heap before
{Heap before GC invocations=22 (full 0):
 garbage-first heap   total 49152K, used 38584K [0x0000000081600000, 0x0000000100000000)
  region size 1024K, 14 young (14336K), 2 survivors (2048K)
 Metaspace       used 60459K, committed 60864K, reserved 1105920K
  class space    used 8194K, committed 8384K, reserved 1048576K
}
Event: 213.885 GC heap after
{Heap after GC invocations=23 (full 0):
 garbage-first heap   total 59392K, used 26762K [0x0000000081600000, 0x0000000100000000)
  region size 1024K, 1 young (1024K), 1 survivors (1024K)
 Metaspace       used 60459K, committed 60864K, reserved 1105920K
  class space    used 8194K, committed 8384K, reserved 1048576K
}
Event: 797.226 GC heap before
{Heap before GC invocations=24 (full 0):
 garbage-first heap   total 59392K, used 46218K [0x0000000081600000, 0x0000000100000000)
  region size 1024K, 20 young (20480K), 1 survivors (1024K)
 Metaspace       used 60338K, committed 60864K, reserved 1105920K
  class space    used 8168K, committed 8384K, reserved 1048576K
}
Event: 797.230 GC heap after
{Heap after GC invocations=25 (full 0):
 garbage-first heap   total 59392K, used 26608K [0x0000000081600000, 0x0000000100000000)
  region size 1024K, 1 young (1024K), 1 survivors (1024K)
 Metaspace       used 60338K, committed 60864K, reserved 1105920K
  class space    used 8168K, committed 8384K, reserved 1048576K
}
Event: 827.715 GC heap before
{Heap before GC invocations=25 (full 0):
 garbage-first heap   total 59392K, used 27632K [0x0000000081600000, 0x0000000100000000)
  region size 1024K, 2 young (2048K), 1 survivors (1024K)
 Metaspace       used 60338K, committed 60864K, reserved 1105920K
  class space    used 8168K, committed 8384K, reserved 1048576K
}
Event: 827.730 GC heap after
{Heap after GC invocations=26 (full 0):
 garbage-first heap   total 59392K, used 24681K [0x0000000081600000, 0x0000000100000000)
  region size 1024K, 1 young (1024K), 1 survivors (1024K)
 Metaspace       used 60338K, committed 60864K, reserved 1105920K
  class space    used 8168K, committed 8384K, reserved 1048576K
}
Event: 1326.109 GC heap before
{Heap before GC invocations=26 (full 0):
 garbage-first heap   total 59392K, used 46185K [0x0000000081600000, 0x0000000100000000)
  region size 1024K, 23 young (23552K), 1 survivors (1024K)
 Metaspace       used 61617K, committed 61952K, reserved 1105920K
  class space    used 8338K, committed 8512K, reserved 1048576K
}
Event: 1326.112 GC heap after
{Heap after GC invocations=27 (full 0):
 garbage-first heap   total 59392K, used 25360K [0x0000000081600000, 0x0000000100000000)
  region size 1024K, 2 young (2048K), 2 survivors (2048K)
 Metaspace       used 61617K, committed 61952K, reserved 1105920K
  class space    used 8338K, committed 8512K, reserved 1048576K
}

Deoptimization events (8 events):
Event: 18.336 Thread 0x0000022fe6797750 DEOPT PACKING pc=0x0000022fdb827719 sp=0x000000df05bfc650
Event: 18.336 Thread 0x0000022fe6797750 DEOPT UNPACKING pc=0x0000022fdb2d2b43 sp=0x000000df05bfbb30 mode 3
Event: 19.456 Thread 0x0000022fe6797750 DEOPT PACKING pc=0x0000022fdb841f94 sp=0x000000df05bfcb30
Event: 19.456 Thread 0x0000022fe6797750 DEOPT UNPACKING pc=0x0000022fdb2d2b43 sp=0x000000df05bfc088 mode 0
Event: 21.517 Thread 0x0000022fe6797750 DEOPT PACKING pc=0x0000022fdba7af7d sp=0x000000df05bfb8e0
Event: 21.517 Thread 0x0000022fe6797750 DEOPT UNPACKING pc=0x0000022fdb2d2b43 sp=0x000000df05bfae48 mode 3
Event: 25.853 Thread 0x0000022fe6797750 DEOPT PACKING pc=0x0000022fdb849b42 sp=0x000000df05bfd130
Event: 25.853 Thread 0x0000022fe6797750 DEOPT UNPACKING pc=0x0000022fdb2d2b43 sp=0x000000df05bfc638 mode 3

Classes unloaded (20 events):
Event: 213.904 Thread 0x0000022fe641f940 Unloading class 0x0000000100203000 'java/lang/invoke/LambdaForm$MH+0x0000000100203000'
Event: 213.904 Thread 0x0000022fe641f940 Unloading class 0x0000000100202800 'java/lang/invoke/LambdaForm$MH+0x0000000100202800'
Event: 213.904 Thread 0x0000022fe641f940 Unloading class 0x0000000100201c00 'java/lang/invoke/LambdaForm$MH+0x0000000100201c00'
Event: 213.904 Thread 0x0000022fe641f940 Unloading class 0x0000000100201800 'java/lang/invoke/LambdaForm$MH+0x0000000100201800'
Event: 213.904 Thread 0x0000022fe641f940 Unloading class 0x0000000100201000 'java/lang/invoke/LambdaForm$MH+0x0000000100201000'
Event: 213.904 Thread 0x0000022fe641f940 Unloading class 0x0000000100200c00 'jdk/internal/reflect/GeneratedSerializationConstructorAccessor7'
Event: 213.904 Thread 0x0000022fe641f940 Unloading class 0x0000000100200800 'jdk/internal/reflect/GeneratedSerializationConstructorAccessor6'
Event: 213.904 Thread 0x0000022fe641f940 Unloading class 0x0000000100200400 'jdk/internal/reflect/GeneratedSerializationConstructorAccessor5'
Event: 213.904 Thread 0x0000022fe641f940 Unloading class 0x0000000100200000 'jdk/internal/reflect/GeneratedSerializationConstructorAccessor4'
Event: 213.904 Thread 0x0000022fe641f940 Unloading class 0x0000000100143c00 'java/lang/invoke/LambdaForm$MH+0x0000000100143c00'
Event: 213.904 Thread 0x0000022fe641f940 Unloading class 0x0000000100143800 'java/lang/invoke/LambdaForm$MH+0x0000000100143800'
Event: 213.904 Thread 0x0000022fe641f940 Unloading class 0x0000000100143400 'java/lang/invoke/LambdaForm$MH+0x0000000100143400'
Event: 213.904 Thread 0x0000022fe641f940 Unloading class 0x0000000100143000 'java/lang/invoke/LambdaForm$MH+0x0000000100143000'
Event: 213.904 Thread 0x0000022fe641f940 Unloading class 0x0000000100142c00 'java/lang/invoke/LambdaForm$MH+0x0000000100142c00'
Event: 213.904 Thread 0x0000022fe641f940 Unloading class 0x0000000100142800 'java/lang/invoke/LambdaForm$MH+0x0000000100142800'
Event: 213.904 Thread 0x0000022fe641f940 Unloading class 0x00000001000c5000 'java/lang/invoke/LambdaForm$MH+0x00000001000c5000'
Event: 213.904 Thread 0x0000022fe641f940 Unloading class 0x00000001000c4c00 'java/lang/invoke/LambdaForm$MH+0x00000001000c4c00'
Event: 213.904 Thread 0x0000022fe641f940 Unloading class 0x00000001000c3000 'java/lang/invoke/LambdaForm$MH+0x00000001000c3000'
Event: 213.904 Thread 0x0000022fe641f940 Unloading class 0x00000001000c1400 'java/lang/invoke/LambdaForm$MH+0x00000001000c1400'
Event: 213.904 Thread 0x0000022fe641f940 Unloading class 0x00000001000c0c00 'java/lang/invoke/LambdaForm$MH+0x00000001000c0c00'

Classes redefined (0 events):
No events

Internal exceptions (20 events):
Event: 25.865 Thread 0x0000022fe6797750 Exception <a 'java/lang/ClassNotFoundException'{0x00000000841e5f98}: org/springframework/beans/factory/AwareCustomizer> (0x00000000841e5f98) 
thrown [s\src\hotspot\share\classfile\systemDictionary.cpp, line 256]
Event: 25.865 Thread 0x0000022fe6797750 Exception <a 'java/lang/ClassNotFoundException'{0x00000000841ebfa0}: org/springframework/context/ApplicationContextAwareCustomizer> (0x00000000841ebfa0) 
thrown [s\src\hotspot\share\classfile\systemDictionary.cpp, line 256]
Event: 25.866 Thread 0x0000022fe6797750 Exception <a 'java/lang/ClassNotFoundException'{0x00000000841f35e8}: org/springframework/beans/factory/AwareCustomizer> (0x00000000841f35e8) 
thrown [s\src\hotspot\share\classfile\systemDictionary.cpp, line 256]
Event: 25.866 Thread 0x0000022fe6797750 Exception <a 'java/lang/ClassNotFoundException'{0x00000000841f95c8}: org/springframework/web/context/ServletContextAwareCustomizer> (0x00000000841f95c8) 
thrown [s\src\hotspot\share\classfile\systemDictionary.cpp, line 256]
Event: 25.866 Thread 0x0000022fe6797750 Exception <a 'java/lang/ClassNotFoundException'{0x0000000084000588}: org/springframework/beans/factory/AwareCustomizer> (0x0000000084000588) 
thrown [s\src\hotspot\share\classfile\systemDictionary.cpp, line 256]
Event: 25.961 Thread 0x0000022fe6797750 Exception <a 'java/lang/NoSuchMethodError'{0x0000000083ace448}: 'void java.lang.invoke.DirectMethodHandle$Holder.invokeVirtual(java.lang.Object, java.lang.Object, int)'> (0x0000000083ace448) 
thrown [s\src\hotspot\share\interpreter\linkResolver.cpp, line 759]
Event: 25.962 Thread 0x0000022fe6797750 Exception <a 'java/lang/NoSuchMethodError'{0x0000000083ae8e20}: 'void java.lang.invoke.DirectMethodHandle$Holder.invokeVirtual(java.lang.Object, java.lang.Object, long)'> (0x0000000083ae8e20) 
thrown [s\src\hotspot\share\interpreter\linkResolver.cpp, line 759]
Event: 26.077 Thread 0x0000022fe6797750 Exception <a 'java/lang/IncompatibleClassChangeError'{0x0000000089106d40}: Found class java.lang.Object, but interface was expected> (0x0000000089106d40) 
thrown [s\src\hotspot\share\interpreter\linkResolver.cpp, line 826]
Event: 26.102 Thread 0x0000022fe6797750 Exception <a 'java/lang/NoSuchMethodError'{0x00000000841a8700}: 'int java.lang.invoke.DirectMethodHandle$Holder.invokeStaticInit(java.lang.Object, java.lang.Object, java.lang.Object, java.lang.Object)'> (0x00000000841a8700) 
thrown [s\src\hotspot\share\interpreter\linkResolver.cpp, line 759]
Event: 26.182 Thread 0x0000022fe6797750 Exception <a 'java/lang/NoSuchMethodError'{0x0000000083bfe198}: 'java.lang.Object java.lang.invoke.DirectMethodHandle$Holder.invokeSpecial(java.lang.Object, java.lang.Object, java.lang.Object, java.lang.Object, int, int)'> (0x0000000083bfe198) 
thrown [s\src\hotspot\share\interpreter\linkResolver.cpp, line 759]
Event: 26.187 Thread 0x0000022fe6797750 Exception <a 'java/lang/IncompatibleClassChangeError'{0x0000000083a466d0}: Found class java.lang.Object, but interface was expected> (0x0000000083a466d0) 
thrown [s\src\hotspot\share\interpreter\linkResolver.cpp, line 826]
Event: 26.262 Thread 0x0000022fe6797750 Exception <a 'java/lang/NoSuchMethodError'{0x0000000089275608}: 'java.lang.Object java.lang.invoke.DirectMethodHandle$Holder.invokeSpecial(java.lang.Object, java.lang.Object, int, java.lang.Object, int, java.lang.Object)'> (0x0000000089275608) 
thrown [s\src\hotspot\share\interpreter\linkResolver.cpp, line 759]
Event: 26.264 Thread 0x0000022fe6797750 Exception <a 'java/lang/NoSuchMethodError'{0x000000008927d6c0}: 'java.lang.Object java.lang.invoke.DirectMethodHandle$Holder.newInvokeSpecial(java.lang.Object, java.lang.Object, int, java.lang.Object, int)'> (0x000000008927d6c0) 
thrown [s\src\hotspot\share\interpreter\linkResolver.cpp, line 759]
Event: 26.264 Thread 0x0000022fe6797750 Exception <a 'java/lang/NoSuchMethodError'{0x00000000892817c0}: 'java.lang.Object java.lang.invoke.DirectMethodHandle$Holder.invokeSpecial(java.lang.Object, java.lang.Object, java.lang.Object, int, java.lang.Object, int)'> (0x00000000892817c0) 
thrown [s\src\hotspot\share\interpreter\linkResolver.cpp, line 759]
Event: 26.265 Thread 0x0000022fe6797750 Exception <a 'java/lang/NoSuchMethodError'{0x000000008928b928}: 'void java.lang.invoke.DirectMethodHandle$Holder.invokeVirtual(java.lang.Object, java.lang.Object)'> (0x000000008928b928) 
thrown [s\src\hotspot\share\interpreter\linkResolver.cpp, line 759]
Event: 326.820 Thread 0x0000022feb4b2720 Exception <a 'java/lang/NoSuchMethodError'{0x0000000084b2f4b0}: static [B.<clinit>()V> (0x0000000084b2f4b0) 
thrown [s\src\hotspot\share\prims\jni.cpp, line 1107]
Event: 926.823 Thread 0x0000022feb4b2720 Exception <a 'java/lang/NoSuchMethodError'{0x0000000084b69990}: static [B.<clinit>()V> (0x0000000084b69990) 
thrown [s\src\hotspot\share\prims\jni.cpp, line 1107]
Event: 1326.210 Thread 0x0000022fe7da98f0 Exception <a 'java/lang/NoSuchMethodError'{0x0000000084b34248}: 'java.lang.Object java.lang.invoke.DirectMethodHandle$Holder.invokeInterface(java.lang.Object, java.lang.Object, java.lang.Object, java.lang.Object)'> (0x0000000084b34248) 
thrown [s\src\hotspot\share\interpreter\linkResolver.cpp, line 759]
Event: 1326.228 Thread 0x0000022fe7da98f0 Exception <a 'java/lang/NoSuchMethodError'{0x0000000084be2190}: 'java.lang.Object java.lang.invoke.DirectMethodHandle$Holder.invokeStaticInit(java.lang.Object, java.lang.Object, java.lang.Object, java.lang.Object, java.lang.Object, java.lang.Object)'> (0x0000000084be2190) 
thrown [s\src\hotspot\share\interpreter\linkResolver.cpp, line 759]
Event: 1536.084 Thread 0x0000022fe7da85b0 Exception <a 'java/lang/InterruptedException'{0x00000000840db390}: sleep interrupted> (0x00000000840db390) 
thrown [s\src\hotspot\share\prims\jvm.cpp, line 3070]

VM Operations (20 events):
Event: 1326.043 Executing VM operation: HandshakeAllThreads done
Event: 1326.068 Executing VM operation: HandshakeAllThreads
Event: 1326.068 Executing VM operation: HandshakeAllThreads done
Event: 1326.109 Executing VM operation: G1CollectForAllocation
Event: 1326.112 Executing VM operation: G1CollectForAllocation done
Event: 1326.235 Executing VM operation: HandshakeAllThreads
Event: 1326.235 Executing VM operation: HandshakeAllThreads done
Event: 1326.272 Executing VM operation: HandshakeAllThreads
Event: 1326.272 Executing VM operation: HandshakeAllThreads done
Event: 1327.273 Executing VM operation: Cleanup
Event: 1327.273 Executing VM operation: Cleanup done
Event: 1329.273 Executing VM operation: Cleanup
Event: 1329.274 Executing VM operation: Cleanup done
Event: 1339.281 Executing VM operation: Cleanup
Event: 1339.281 Executing VM operation: Cleanup done
Event: 1399.312 Executing VM operation: Cleanup
Event: 1399.312 Executing VM operation: Cleanup done
Event: 1527.463 Executing VM operation: Cleanup
Event: 1527.463 Executing VM operation: Cleanup done
Event: 1536.106 Executing VM operation: G1CollectFull

Events (20 events):
Event: 1536.098 loading class javax/crypto/BadPaddingException done
Event: 1536.098 loading class java/security/spec/InvalidKeySpecException
Event: 1536.099 loading class java/security/spec/InvalidKeySpecException done
Event: 1536.099 loading class java/security/spec/KeySpec
Event: 1536.099 loading class java/security/spec/KeySpec done
Event: 1536.099 loading class javax/net/ssl/SSLSocket
Event: 1536.099 loading class javax/net/ssl/SSLSocket done
Event: 1536.100 loading class java/security/UnrecoverableKeyException
Event: 1536.100 loading class java/security/UnrecoverableEntryException
Event: 1536.100 loading class java/security/UnrecoverableEntryException done
Event: 1536.100 loading class java/security/UnrecoverableKeyException done
Event: 1536.100 loading class java/security/KeyStoreException
Event: 1536.100 loading class java/security/KeyStoreException done
Event: 1536.100 loading class java/security/cert/CertificateException
Event: 1536.100 loading class java/security/cert/CertificateException done
Event: 1536.100 loading class java/security/KeyManagementException
Event: 1536.100 loading class java/security/KeyManagementException done
Event: 1536.100 loading class javax/net/ssl/TrustManager
Event: 1536.100 loading class javax/net/ssl/TrustManager done
Event: 1536.105 Thread 0x0000022feb4b2250 Thread exited: 0x0000022feb4b2250


Dynamic libraries:
0x00007ff6f2320000 - 0x00007ff6f232e000 	D:\Spring Tool Suite 4\sts-4.16.0.RELEASE\plugins\org.eclipse.justj.openjdk.hotspot.jre.full.win32.x86_64_17.0.4.v20220903-1038\jre\bin\javaw.exe
0x00007ff882290000 - 0x00007ff882488000 	C:\Windows\SYSTEM32\ntdll.dll
0x00007ff863e00000 - 0x00007ff863e19000 	C:\Program Files\Avast Software\Avast\aswhook.dll
0x00007ff880410000 - 0x00007ff8804cf000 	C:\Windows\System32\KERNEL32.DLL
0x00007ff87fdf0000 - 0x00007ff8800c2000 	C:\Windows\System32\KERNELBASE.dll
0x00007ff8801b0000 - 0x00007ff8802b0000 	C:\Windows\System32\ucrtbase.dll
0x00007ff859a00000 - 0x00007ff859a18000 	D:\Spring Tool Suite 4\sts-4.16.0.RELEASE\plugins\org.eclipse.justj.openjdk.hotspot.jre.full.win32.x86_64_17.0.4.v20220903-1038\jre\bin\jli.dll
0x00007ff8816f0000 - 0x00007ff881891000 	C:\Windows\System32\USER32.dll
0x00007ff87fdc0000 - 0x00007ff87fde2000 	C:\Windows\System32\win32u.dll
0x00007ff868550000 - 0x00007ff8687ea000 	C:\Windows\WinSxS\amd64_microsoft.windows.common-controls_6595b64144ccf1df_6.0.19041.1110_none_60b5254171f9507e\COMCTL32.dll
0x00007ff880780000 - 0x00007ff8807ab000 	C:\Windows\System32\GDI32.dll
0x00007ff8806e0000 - 0x00007ff88077e000 	C:\Windows\System32\msvcrt.dll
0x00007ff87f990000 - 0x00007ff87fa9f000 	C:\Windows\System32\gdi32full.dll
0x00007ff87fd20000 - 0x00007ff87fdbd000 	C:\Windows\System32\msvcp_win.dll
0x00007ff868410000 - 0x00007ff868429000 	D:\Spring Tool Suite 4\sts-4.16.0.RELEASE\plugins\org.eclipse.justj.openjdk.hotspot.jre.full.win32.x86_64_17.0.4.v20220903-1038\jre\bin\VCRUNTIME140.dll
0x00007ff8818c0000 - 0x00007ff8818f0000 	C:\Windows\System32\IMM32.DLL
0x00007ff8683f0000 - 0x00007ff8683fc000 	D:\Spring Tool Suite 4\sts-4.16.0.RELEASE\plugins\org.eclipse.justj.openjdk.hotspot.jre.full.win32.x86_64_17.0.4.v20220903-1038\jre\bin\vcruntime140_1.dll
0x00007ff865da0000 - 0x00007ff865e31000 	D:\Spring Tool Suite 4\sts-4.16.0.RELEASE\plugins\org.eclipse.justj.openjdk.hotspot.jre.full.win32.x86_64_17.0.4.v20220903-1038\jre\bin\msvcp140.dll
0x00007ff81d6c0000 - 0x00007ff81e306000 	D:\Spring Tool Suite 4\sts-4.16.0.RELEASE\plugins\org.eclipse.justj.openjdk.hotspot.jre.full.win32.x86_64_17.0.4.v20220903-1038\jre\bin\server\jvm.dll
0x00007ff8804d0000 - 0x00007ff88057e000 	C:\Windows\System32\ADVAPI32.dll
0x00007ff881a10000 - 0x00007ff881aac000 	C:\Windows\System32\sechost.dll
0x00007ff880db0000 - 0x00007ff880ed4000 	C:\Windows\System32\RPCRT4.dll
0x00007ff8818a0000 - 0x00007ff8818a8000 	C:\Windows\System32\PSAPI.DLL
0x00007ff86df60000 - 0x00007ff86df69000 	C:\Windows\SYSTEM32\WSOCK32.dll
0x00007ff87a060000 - 0x00007ff87a087000 	C:\Windows\SYSTEM32\WINMM.dll
0x00007ff87a640000 - 0x00007ff87a64a000 	C:\Windows\SYSTEM32\VERSION.dll
0x00007ff8808f0000 - 0x00007ff88095b000 	C:\Windows\System32\WS2_32.dll
0x00007ff87d9f0000 - 0x00007ff87da02000 	C:\Windows\SYSTEM32\kernel.appcore.dll
0x00007ff87ba00000 - 0x00007ff87ba0a000 	D:\Spring Tool Suite 4\sts-4.16.0.RELEASE\plugins\org.eclipse.justj.openjdk.hotspot.jre.full.win32.x86_64_17.0.4.v20220903-1038\jre\bin\jimage.dll
0x00007ff87d5a0000 - 0x00007ff87d784000 	C:\Windows\SYSTEM32\DBGHELP.DLL
0x00007ff875250000 - 0x00007ff875285000 	C:\Windows\SYSTEM32\dbgcore.DLL
0x00007ff880120000 - 0x00007ff8801a2000 	C:\Windows\System32\bcryptPrimitives.dll
0x00007ff859970000 - 0x00007ff859995000 	D:\Spring Tool Suite 4\sts-4.16.0.RELEASE\plugins\org.eclipse.justj.openjdk.hotspot.jre.full.win32.x86_64_17.0.4.v20220903-1038\jre\bin\java.dll
0x00007ff8599c0000 - 0x00007ff8599d8000 	D:\Spring Tool Suite 4\sts-4.16.0.RELEASE\plugins\org.eclipse.justj.openjdk.hotspot.jre.full.win32.x86_64_17.0.4.v20220903-1038\jre\bin\zip.dll
0x00007ff880ee0000 - 0x00007ff881625000 	C:\Windows\System32\SHELL32.dll
0x00007ff87da10000 - 0x00007ff87e1a2000 	C:\Windows\SYSTEM32\windows.storage.dll
0x00007ff880960000 - 0x00007ff880cb5000 	C:\Windows\System32\combase.dll
0x00007ff87f310000 - 0x00007ff87f340000 	C:\Windows\SYSTEM32\Wldp.dll
0x00007ff881ff0000 - 0x00007ff88209d000 	C:\Windows\System32\SHCORE.dll
0x00007ff880620000 - 0x00007ff880675000 	C:\Windows\System32\shlwapi.dll
0x00007ff87f8d0000 - 0x00007ff87f8ef000 	C:\Windows\SYSTEM32\profapi.dll
0x00007ff859950000 - 0x00007ff859969000 	D:\Spring Tool Suite 4\sts-4.16.0.RELEASE\plugins\org.eclipse.justj.openjdk.hotspot.jre.full.win32.x86_64_17.0.4.v20220903-1038\jre\bin\net.dll
0x00007ff8794f0000 - 0x00007ff8795fa000 	C:\Windows\SYSTEM32\WINHTTP.dll
0x00007ff87f0f0000 - 0x00007ff87f15a000 	C:\Windows\system32\mswsock.dll
0x00007ff859930000 - 0x00007ff859945000 	D:\Spring Tool Suite 4\sts-4.16.0.RELEASE\plugins\org.eclipse.justj.openjdk.hotspot.jre.full.win32.x86_64_17.0.4.v20220903-1038\jre\bin\nio.dll
0x00007ff866a90000 - 0x00007ff866a99000 	D:\Spring Tool Suite 4\sts-4.16.0.RELEASE\plugins\org.eclipse.justj.openjdk.hotspot.jre.full.win32.x86_64_17.0.4.v20220903-1038\jre\bin\management.dll
0x00007ff866a80000 - 0x00007ff866a8b000 	D:\Spring Tool Suite 4\sts-4.16.0.RELEASE\plugins\org.eclipse.justj.openjdk.hotspot.jre.full.win32.x86_64_17.0.4.v20220903-1038\jre\bin\management_ext.dll
0x00007ff868010000 - 0x00007ff868027000 	C:\Windows\system32\napinsp.dll
0x00007ff875300000 - 0x00007ff87531b000 	C:\Windows\system32\pnrpnsp.dll
0x00007ff868030000 - 0x00007ff868045000 	C:\Windows\system32\wshbth.dll
0x00007ff87aec0000 - 0x00007ff87aedd000 	C:\Windows\system32\NLAapi.dll
0x00007ff87edb0000 - 0x00007ff87edeb000 	C:\Windows\SYSTEM32\IPHLPAPI.DLL
0x00007ff87ee00000 - 0x00007ff87eecb000 	C:\Windows\SYSTEM32\DNSAPI.dll
0x00007ff8818b0000 - 0x00007ff8818b8000 	C:\Windows\System32\NSI.dll
0x00007ff878880000 - 0x00007ff878892000 	C:\Windows\System32\winrnr.dll
0x00007ff86ef50000 - 0x00007ff86ef5a000 	C:\Windows\System32\rasadhlp.dll
0x00007ff86f190000 - 0x00007ff86f210000 	C:\Windows\System32\fwpuclnt.dll
0x00007ff8802b0000 - 0x00007ff8802d7000 	C:\Windows\System32\bcrypt.dll
0x00007ff87f4b0000 - 0x00007ff87f4c8000 	C:\Windows\SYSTEM32\CRYPTSP.dll
0x00007ff87e9c0000 - 0x00007ff87e9f4000 	C:\Windows\system32\rsaenh.dll
0x00007ff87f890000 - 0x00007ff87f8be000 	C:\Windows\SYSTEM32\USERENV.dll
0x00007ff87f280000 - 0x00007ff87f28c000 	C:\Windows\SYSTEM32\CRYPTBASE.dll
0x00007ff879fa0000 - 0x00007ff879fb7000 	C:\Windows\SYSTEM32\dhcpcsvc6.DLL
0x00007ff879f80000 - 0x00007ff879f9d000 	C:\Windows\SYSTEM32\dhcpcsvc.DLL
0x00007ff87b050000 - 0x00007ff87b060000 	D:\Spring Tool Suite 4\sts-4.16.0.RELEASE\plugins\org.eclipse.justj.openjdk.hotspot.jre.full.win32.x86_64_17.0.4.v20220903-1038\jre\bin\verify.dll
0x00007ff8680f0000 - 0x00007ff8680fe000 	D:\Spring Tool Suite 4\sts-4.16.0.RELEASE\plugins\org.eclipse.justj.openjdk.hotspot.jre.full.win32.x86_64_17.0.4.v20220903-1038\jre\bin\sunmscapi.dll
0x00007ff87fbc0000 - 0x00007ff87fd16000 	C:\Windows\System32\CRYPT32.dll
0x00007ff87f380000 - 0x00007ff87f3a7000 	C:\Windows\SYSTEM32\ncrypt.dll
0x00007ff87f340000 - 0x00007ff87f37b000 	C:\Windows\SYSTEM32\NTASN1.dll
0x00007ff8791f0000 - 0x00007ff8791f7000 	C:\Windows\system32\wshunix.dll

dbghelp: loaded successfully - version: 4.0.5 - missing functions: none
symbol engine: initialized successfully - sym options: 0x614 - pdb path: .;D:\Spring Tool Suite 4\sts-4.16.0.RELEASE\plugins\org.eclipse.justj.openjdk.hotspot.jre.full.win32.x86_64_17.0.4.v20220903-1038\jre\bin;C:\Windows\SYSTEM32;C:\Program Files\Avast Software\Avast;C:\Windows\WinSxS\amd64_microsoft.windows.common-controls_6595b64144ccf1df_6.0.19041.1110_none_60b5254171f9507e;D:\Spring Tool Suite 4\sts-4.16.0.RELEASE\plugins\org.eclipse.justj.openjdk.hotspot.jre.full.win32.x86_64_17.0.4.v20220903-1038\jre\bin\server

VM Arguments:
jvm_args: -Dcom.sun.management.jmxremote -Dcom.sun.management.jmxremote.port=52147 -Dcom.sun.management.jmxremote.authenticate=false -Dcom.sun.management.jmxremote.ssl=false -Djava.rmi.server.hostname=localhost -Dspring.jmx.enabled=true -Dspring.application.admin.enabled=true -XX:TieredStopAtLevel=1 -Dspring.boot.project.name=production-line-service -Dfile.encoding=UTF-8 -XX:+ShowCodeDetailsInExceptionMessages 
java_command: com.sivo.app.PhaseServiceApplication --spring.output.ansi.enabled=always
java_class_path (initial): C:\Users\anesy\Documents\workspace-spring-tool-suite-4-4.16.0.RELEASE\Print Management\production-line-service\target\classes;C:\Users\anesy\.m2\repository\org\springframework\boot\spring-boot-starter-data-jdbc\2.7.9\spring-boot-starter-data-jdbc-2.7.9.jar;C:\Users\anesy\.m2\repository\org\springframework\boot\spring-boot-starter-jdbc\2.7.9\spring-boot-starter-jdbc-2.7.9.jar;C:\Users\anesy\.m2\repository\com\zaxxer\HikariCP\4.0.3\HikariCP-4.0.3.jar;C:\Users\anesy\.m2\repository\org\springframework\spring-jdbc\5.3.25\spring-jdbc-5.3.25.jar;C:\Users\anesy\.m2\repository\org\springframework\data\spring-data-jdbc\2.4.8\spring-data-jdbc-2.4.8.jar;C:\Users\anesy\.m2\repository\org\springframework\data\spring-data-relational\2.4.8\spring-data-relational-2.4.8.jar;C:\Users\anesy\.m2\repository\org\springframework\data\spring-data-commons\2.7.8\spring-data-commons-2.7.8.jar;C:\Users\anesy\.m2\repository\org\springframework\spring-tx\5.3.25\spring-tx-5.3.25.jar;C:\Users\anesy\.m2\repository\org\springframework\spring-context\5.3.25\spring-context-5.3.25.jar;C:\Users\anesy\.m2\repository\org\springframework\spring-beans\5.3.25\spring-beans-5.3.25.jar;C:\Users\anesy\.m2\repository\org\slf4j\slf4j-api\1.7.36\slf4j-api-1.7.36.jar;C:\Users\anesy\.m2\repository\mysql\mysql-connector-java\8.0.29\mysql-connector-java-8.0.29.jar;C:\Users\anesy\.m2\repository\com\google\protobuf\protobuf-java\3.19.4\protobuf-java-3.19.4.jar;C:\Users\anesy\.m2\repository\org\springframework\boot\spring-boot-starter-data-jpa\2.7.9\spring-boot-starter-data-jpa-2.7.9.jar;C:\Users\anesy\.m2\repository\org\springframework\boot\spring-boot-starter-aop\2.7.9\spring-boot-starter-aop-2.7.9.jar;C:\Users\anesy\.m2\repository\org\springframework\spring-aop\5.3.25\spring-aop-5.3.25.jar;C:\Users\anesy\.m2\repository\org\aspectj\aspectjweaver\1.9.7\aspectjweaver-1.9.7.jar;C:\Users\anesy\.m2\repository\jakarta\transaction\jakarta.transaction-api\1.3.3\jakarta.transaction-api-1.3.3.jar;C:\Us
Launcher Type: SUN_STANDARD

[Global flags]
     intx CICompilerCount                          = 4                                         {product} {ergonomic}
     uint ConcGCThreads                            = 2                                         {product} {ergonomic}
     uint G1ConcRefinementThreads                  = 8                                         {product} {ergonomic}
   size_t G1HeapRegionSize                         = 1048576                                   {product} {ergonomic}
    uintx GCDrainStackTargetSize                   = 64                                        {product} {ergonomic}
   size_t InitialHeapSize                          = 134217728                                 {product} {ergonomic}
     bool ManagementServer                         = true                                      {product} {command line}
   size_t MarkStackSize                            = 4194304                                   {product} {ergonomic}
   size_t MaxHeapSize                              = 2124414976                                {product} {ergonomic}
   size_t MaxNewSize                               = 1274019840                                {product} {ergonomic}
   size_t MinHeapDeltaBytes                        = 1048576                                   {product} {ergonomic}
   size_t MinHeapSize                              = 8388608                                   {product} {ergonomic}
    uintx NonProfiledCodeHeapSize                  = 0                                      {pd product} {ergonomic}
     bool ProfileInterpreter                       = false                                  {pd product} {command line}
    uintx ProfiledCodeHeapSize                     = 0                                      {pd product} {ergonomic}
     bool ShowCodeDetailsInExceptionMessages       = true                                   {manageable} {command line}
   size_t SoftMaxHeapSize                          = 2124414976                             {manageable} {ergonomic}
     intx TieredStopAtLevel                        = 1                                         {product} {command line}
     bool UseCompressedClassPointers               = true                           {product lp64_product} {ergonomic}
     bool UseCompressedOops                        = true                           {product lp64_product} {ergonomic}
     bool UseG1GC                                  = true                                      {product} {ergonomic}
     bool UseLargePagesIndividualAllocation        = false                                  {pd product} {ergonomic}

Logging:
Log output configuration:
 #0: stdout all=warning uptime,level,tags
 #1: stderr all=off uptime,level,tags

Environment Variables:
PATH=D:/Spring Tool Suite 4/sts-4.16.0.RELEASE//plugins/org.eclipse.justj.openjdk.hotspot.jre.full.win32.x86_64_17.0.4.v20220903-1038/jre/bin/server;D:/Spring Tool Suite 4/sts-4.16.0.RELEASE//plugins/org.eclipse.justj.openjdk.hotspot.jre.full.win32.x86_64_17.0.4.v20220903-1038/jre/bin;C:\Program Files (x86)\VMware\VMware Workstation\bin\;C:\Program Files\Common Files\Oracle\Java\javapath;C:\Windows\system32;C:\Windows;C:\Windows\System32\Wbem;C:\Windows\System32\WindowsPowerShell\v1.0\;C:\Windows\System32\OpenSSH\;C:\Program Files\Microsoft SQL Server\Client SDK\ODBC\130\Tools\Binn\;C:\Program Files (x86)\Microsoft SQL Server\140\Tools\Binn\;C:\Program Files\Microsoft SQL Server\140\Tools\Binn\;C:\Program Files\Microsoft SQL Server\140\DTS\Binn\;C:\Program Files\Microsoft SQL Server\130\Tools\Binn\;C:\Program Files (x86)\Microsoft SQL Server\150\DTS\Binn\;C:\Program Files\Azure Data Studio\bin;C:\Program Files (x86)\Microsoft SQL Server\110\DTS\Binn\;C:\Program Files (x86)\Microsoft SQL Server\120\DTS\Binn\;C:\Program Files (x86)\Microsoft SQL Server\130\DTS\Binn\;C:\Program Files (x86)\Microsoft SQL Server\140\DTS\Binn\;C:\Program Files\nodejs\;C:\Program Files\Git\cmd;C:\Program Files\Docker\Docker\resources\bin;D:\Maven\apache-maven-3.8.6\bin;C:\Program Files\php-8.1.13;D:\Xampp\php;C:\ProgramData\ComposerSetup\bin;C:\Program Files\MySQL\MySQL Shell 8.0\bin\;C:\Users\anesy\AppData\Local\Microsoft\WindowsApps;C:\Program Files\Azure Data Studio\bin;C:\Users\anesy\AppData\Local\Programs\Microsoft VS Code\bin;C:\Users\anesy\AppData\Roaming\npm;C:\Users\anesy\AppData\Local\GitHubDesktop\bin;C:\Program Files\curl-7.86.0_2-win64-mingw\bin;C:\Users\anesy\AppData\Roaming\Composer\vendor\bin;D:\Spring Tool Suite 4\sts-4.16.0.RELEASE;
USERNAME=anesy
OS=Windows_NT
PROCESSOR_IDENTIFIER=Intel64 Family 6 Model 142 Stepping 10, GenuineIntel
TMP=C:\Users\anesy\AppData\Local\Temp
TEMP=C:\Users\anesy\AppData\Local\Temp



---------------  S Y S T E M  ---------------

OS:
 Windows 10 , 64 bit Build 19041 (10.0.19041.2546)
OS uptime: 10 days 7:35 hours
Hyper-V role detected

CPU: total 8 (initial active 8) (4 cores per cpu, 2 threads per core) family 6 model 142 stepping 10 microcode 0xb4, cx8, cmov, fxsr, ht, mmx, 3dnowpref, sse, sse2, sse3, ssse3, sse4.1, sse4.2, popcnt, lzcnt, tsc, tscinvbit, avx, avx2, aes, erms, clmul, bmi1, bmi2, adx, fma, vzeroupper, clflush, clflushopt, hv

Memory: 4k page, system-wide physical 8101M (1308M free)
TotalPageFile size 9497M (AvailPageFile size 5M)
current process WorkingSet (physical memory assigned to process): 189M, peak: 190M
current process commit charge ("private bytes"): 231M, peak: 233M

vm_info: OpenJDK 64-Bit Server VM (17.0.4.1+1) for windows-amd64 JRE (17.0.4.1+1), built on Aug 17 2022 07:42:43 by "temurin" with MS VC++ 16.7 (VS2019)

END.
